2025-07-17 15:34:06 - INFO - 
============================================================
2025-07-17 15:34:06 - INFO - 💰 재무지표 기반 분석 시스템 시작
2025-07-17 15:34:06 - INFO - ============================================================
2025-07-17 15:34:06 - INFO - ℹ️ 📁 데이터 디렉토리: data/long
2025-07-17 15:34:06 - INFO - ℹ️ 📊 수익률 타입: percentage
2025-07-17 15:34:06 - INFO - ℹ️ 🔝 상위 특성 수: 10
2025-07-17 15:34:06 - INFO - ℹ️ 📂 데이터 로딩 중...
2025-07-17 15:34:06 - INFO - ✅ ✅ 데이터 로딩 완료 (8개 종목)
2025-07-17 15:34:06 - INFO - ℹ️ 📊 재무지표 데이터 전처리 및 수익률 계산 중...
2025-07-17 15:34:06 - INFO - ℹ️   DBMF: 220개 데이터 포인트, 10개 재무지표
2025-07-17 15:34:06 - INFO - ℹ️   GLD: 220개 데이터 포인트, 12개 재무지표
2025-07-17 15:34:06 - INFO - ℹ️   QQQ: 220개 데이터 포인트, 17개 재무지표
2025-07-17 15:34:06 - INFO - ℹ️   AAPL: 220개 데이터 포인트, 98개 재무지표
2025-07-17 15:34:06 - INFO - ℹ️   SHY: 220개 데이터 포인트, 15개 재무지표
2025-07-17 15:34:06 - INFO - ℹ️   MSFT: 220개 데이터 포인트, 100개 재무지표
2025-07-17 15:34:06 - INFO - ℹ️   TLT: 220개 데이터 포인트, 15개 재무지표
2025-07-17 15:34:06 - INFO - ℹ️   SPY: 220개 데이터 포인트, 15개 재무지표
2025-07-17 15:34:06 - INFO - ℹ️ 🔄 DBMF 분석 시작...
2025-07-17 15:34:06 - INFO - ℹ️ 💰 DBMF 재무분석 실행...
2025-07-17 15:34:06 - INFO - ✅ ✅ DBMF 분석 완료
2025-07-17 15:34:06 - INFO - ℹ️ 🔄 GLD 분석 시작...
2025-07-17 15:34:06 - INFO - ℹ️ 💰 GLD 재무분석 실행...
2025-07-17 15:34:06 - INFO - ✅ ✅ GLD 분석 완료
2025-07-17 15:34:06 - INFO - ℹ️ 🔄 QQQ 분석 시작...
2025-07-17 15:34:06 - INFO - ℹ️ 💰 QQQ 재무분석 실행...
2025-07-17 15:34:06 - INFO - ✅ ✅ QQQ 분석 완료
2025-07-17 15:34:06 - INFO - ℹ️ 🔄 AAPL 분석 시작...
2025-07-17 15:34:06 - INFO - ℹ️ 💰 AAPL 재무분석 실행...
2025-07-17 15:34:07 - INFO - ✅ ✅ AAPL 분석 완료
2025-07-17 15:34:07 - INFO - ℹ️ 🔄 SHY 분석 시작...
2025-07-17 15:34:07 - INFO - ℹ️ 💰 SHY 재무분석 실행...
2025-07-17 15:34:07 - INFO - ✅ ✅ SHY 분석 완료
2025-07-17 15:34:07 - INFO - ℹ️ 🔄 MSFT 분석 시작...
2025-07-17 15:34:07 - INFO - ℹ️ 💰 MSFT 재무분석 실행...
2025-07-17 15:34:08 - INFO - ✅ ✅ MSFT 분석 완료
2025-07-17 15:34:08 - INFO - ℹ️ 🔄 TLT 분석 시작...
2025-07-17 15:34:08 - INFO - ℹ️ 💰 TLT 재무분석 실행...
2025-07-17 15:34:08 - INFO - ✅ ✅ TLT 분석 완료
2025-07-17 15:34:08 - INFO - ℹ️ 🔄 SPY 분석 시작...
2025-07-17 15:34:08 - INFO - ℹ️ 💰 SPY 재무분석 실행...
2025-07-17 15:34:08 - INFO - ✅ ✅ SPY 분석 완료
2025-07-17 15:34:08 - INFO - ✅ ✅ 분석 결과 저장: analysis/fundamental_analysis/fundamental_analysis_results_20250717_153408_3a2bc6c6.json
