2025-07-17 15:33:58 - INFO - 
============================================================
2025-07-17 15:33:58 - INFO - 🎯 기술적 지표 기반 정량 분석 시스템 시작
2025-07-17 15:33:58 - INFO - ============================================================
2025-07-17 15:33:58 - INFO - ℹ️ 📁 데이터 디렉토리: data/long
2025-07-17 15:33:58 - INFO - ℹ️ 📊 수익률 타입: percentage
2025-07-17 15:33:58 - INFO - ℹ️ 🔝 상위 특성 수: 10
2025-07-17 15:33:58 - INFO - ℹ️ 📂 데이터 로딩 중...
2025-07-17 15:33:58 - INFO - ✅ ✅ 데이터 로딩 완료 (8개 종목)
2025-07-17 15:33:58 - INFO - ℹ️ 📊 기술적 지표 데이터 전처리 및 수익률 계산 중...
2025-07-17 15:33:58 - INFO - ℹ️   DBMF: 220개 데이터 포인트, 31개 기술적 지표
2025-07-17 15:33:58 - INFO - ℹ️   GLD: 220개 데이터 포인트, 32개 기술적 지표
2025-07-17 15:33:58 - INFO - ℹ️   QQQ: 220개 데이터 포인트, 33개 기술적 지표
2025-07-17 15:33:58 - INFO - ℹ️   AAPL: 220개 데이터 포인트, 47개 기술적 지표
2025-07-17 15:33:58 - INFO - ℹ️   SHY: 220개 데이터 포인트, 32개 기술적 지표
2025-07-17 15:33:58 - INFO - ℹ️   MSFT: 220개 데이터 포인트, 47개 기술적 지표
2025-07-17 15:33:58 - INFO - ℹ️   TLT: 220개 데이터 포인트, 33개 기술적 지표
2025-07-17 15:33:58 - INFO - ℹ️   SPY: 220개 데이터 포인트, 32개 기술적 지표
2025-07-17 15:33:58 - INFO - ℹ️ 🔄 DBMF 분석 시작...
2025-07-17 15:33:58 - INFO - ℹ️ 🔍 DBMF 상관관계 분석 실행...
2025-07-17 15:33:58 - INFO - ℹ️ 📈 DBMF 선형회귀 분석 실행...
2025-07-17 15:33:58 - INFO - ℹ️ 🎯 DBMF Lasso 회귀 분석 실행...
2025-07-17 15:33:58 - INFO - ℹ️ 🌲 DBMF 랜덤 포레스트 분석 실행...
2025-07-17 15:33:59 - INFO - ℹ️ 🧠 DBMF MLP 분석 실행...
2025-07-17 15:33:59 - INFO - ℹ️ 🔮 DBMF 베이지안 분포 분석 실행...
2025-07-17 15:33:59 - INFO - ✅ ✅ DBMF 분석 완료
2025-07-17 15:33:59 - INFO - ℹ️ 🔄 GLD 분석 시작...
2025-07-17 15:33:59 - INFO - ℹ️ 🔍 GLD 상관관계 분석 실행...
2025-07-17 15:33:59 - INFO - ℹ️ 📈 GLD 선형회귀 분석 실행...
2025-07-17 15:33:59 - INFO - ℹ️ 🎯 GLD Lasso 회귀 분석 실행...
2025-07-17 15:33:59 - INFO - ℹ️ 🌲 GLD 랜덤 포레스트 분석 실행...
2025-07-17 15:34:00 - INFO - ℹ️ 🧠 GLD MLP 분석 실행...
2025-07-17 15:34:00 - INFO - ℹ️ 🔮 GLD 베이지안 분포 분석 실행...
2025-07-17 15:34:00 - INFO - ✅ ✅ GLD 분석 완료
2025-07-17 15:34:00 - INFO - ℹ️ 🔄 QQQ 분석 시작...
2025-07-17 15:34:00 - INFO - ℹ️ 🔍 QQQ 상관관계 분석 실행...
2025-07-17 15:34:00 - INFO - ℹ️ 📈 QQQ 선형회귀 분석 실행...
2025-07-17 15:34:00 - INFO - ℹ️ 🎯 QQQ Lasso 회귀 분석 실행...
2025-07-17 15:34:00 - INFO - ℹ️ 🌲 QQQ 랜덤 포레스트 분석 실행...
2025-07-17 15:34:01 - INFO - ℹ️ 🧠 QQQ MLP 분석 실행...
2025-07-17 15:34:01 - INFO - ℹ️ 🔮 QQQ 베이지안 분포 분석 실행...
2025-07-17 15:34:01 - INFO - ✅ ✅ QQQ 분석 완료
2025-07-17 15:34:01 - INFO - ℹ️ 🔄 AAPL 분석 시작...
2025-07-17 15:34:01 - INFO - ℹ️ 🔍 AAPL 상관관계 분석 실행...
2025-07-17 15:34:01 - INFO - ℹ️ 📈 AAPL 선형회귀 분석 실행...
2025-07-17 15:34:01 - INFO - ℹ️ 🎯 AAPL Lasso 회귀 분석 실행...
2025-07-17 15:34:01 - INFO - ℹ️ 🌲 AAPL 랜덤 포레스트 분석 실행...
2025-07-17 15:34:02 - INFO - ℹ️ 🧠 AAPL MLP 분석 실행...
2025-07-17 15:34:02 - INFO - ℹ️ 🔮 AAPL 베이지안 분포 분석 실행...
2025-07-17 15:34:02 - INFO - ✅ ✅ AAPL 분석 완료
2025-07-17 15:34:02 - INFO - ℹ️ 🔄 SHY 분석 시작...
2025-07-17 15:34:02 - INFO - ℹ️ 🔍 SHY 상관관계 분석 실행...
2025-07-17 15:34:02 - INFO - ℹ️ 📈 SHY 선형회귀 분석 실행...
2025-07-17 15:34:02 - INFO - ℹ️ 🎯 SHY Lasso 회귀 분석 실행...
2025-07-17 15:34:02 - INFO - ℹ️ 🌲 SHY 랜덤 포레스트 분석 실행...
2025-07-17 15:34:03 - INFO - ℹ️ 🧠 SHY MLP 분석 실행...
2025-07-17 15:34:03 - INFO - ℹ️ 🔮 SHY 베이지안 분포 분석 실행...
2025-07-17 15:34:03 - INFO - ✅ ✅ SHY 분석 완료
2025-07-17 15:34:03 - INFO - ℹ️ 🔄 MSFT 분석 시작...
2025-07-17 15:34:03 - INFO - ℹ️ 🔍 MSFT 상관관계 분석 실행...
2025-07-17 15:34:03 - INFO - ℹ️ 📈 MSFT 선형회귀 분석 실행...
2025-07-17 15:34:03 - INFO - ℹ️ 🎯 MSFT Lasso 회귀 분석 실행...
2025-07-17 15:34:03 - INFO - ℹ️ 🌲 MSFT 랜덤 포레스트 분석 실행...
2025-07-17 15:34:04 - INFO - ℹ️ 🧠 MSFT MLP 분석 실행...
2025-07-17 15:34:04 - INFO - ℹ️ 🔮 MSFT 베이지안 분포 분석 실행...
2025-07-17 15:34:04 - INFO - ✅ ✅ MSFT 분석 완료
2025-07-17 15:34:04 - INFO - ℹ️ 🔄 TLT 분석 시작...
2025-07-17 15:34:04 - INFO - ℹ️ 🔍 TLT 상관관계 분석 실행...
2025-07-17 15:34:04 - INFO - ℹ️ 📈 TLT 선형회귀 분석 실행...
2025-07-17 15:34:04 - INFO - ℹ️ 🎯 TLT Lasso 회귀 분석 실행...
2025-07-17 15:34:04 - INFO - ℹ️ 🌲 TLT 랜덤 포레스트 분석 실행...
2025-07-17 15:34:05 - INFO - ℹ️ 🧠 TLT MLP 분석 실행...
2025-07-17 15:34:05 - INFO - ℹ️ 🔮 TLT 베이지안 분포 분석 실행...
2025-07-17 15:34:05 - INFO - ✅ ✅ TLT 분석 완료
2025-07-17 15:34:05 - INFO - ℹ️ 🔄 SPY 분석 시작...
2025-07-17 15:34:05 - INFO - ℹ️ 🔍 SPY 상관관계 분석 실행...
2025-07-17 15:34:05 - INFO - ℹ️ 📈 SPY 선형회귀 분석 실행...
2025-07-17 15:34:05 - INFO - ℹ️ 🎯 SPY Lasso 회귀 분석 실행...
2025-07-17 15:34:05 - INFO - ℹ️ 🌲 SPY 랜덤 포레스트 분석 실행...
2025-07-17 15:34:06 - INFO - ℹ️ 🧠 SPY MLP 분석 실행...
2025-07-17 15:34:06 - INFO - ℹ️ 🔮 SPY 베이지안 분포 분석 실행...
2025-07-17 15:34:06 - INFO - ✅ ✅ SPY 분석 완료
2025-07-17 15:34:06 - INFO - ✅ ✅ 분석 결과 저장: analysis/quant_analysis/quant_analysis_results_20250717_153406_3a2bc6c6.json
