2025-07-17 15:00:04 - INFO - 
============================================================
2025-07-17 15:00:04 - INFO - 🎯 정량 분석 시스템 시작
2025-07-17 15:00:04 - INFO - ============================================================
2025-07-17 15:00:04 - INFO - ℹ️ 📁 데이터 디렉토리: data/long
2025-07-17 15:00:04 - INFO - ℹ️ 📊 수익률 타입: percentage
2025-07-17 15:00:04 - INFO - ℹ️ 🔝 상위 특성 수: 10
2025-07-17 15:00:04 - INFO - ℹ️ 📂 데이터 로딩 중...
2025-07-17 15:00:04 - INFO - ✅ ✅ 데이터 로딩 완료 (6개 종목)
2025-07-17 15:00:04 - INFO - ℹ️ 📊 데이터 전처리 및 수익률 계산 중...
2025-07-17 15:00:04 - INFO - ℹ️   GLD: 1176개 데이터 포인트, 34개 특성
2025-07-17 15:00:04 - INFO - ℹ️   DBMF: 570개 데이터 포인트, 29개 특성
2025-07-17 15:00:04 - INFO - ℹ️   SPY: 1176개 데이터 포인트, 35개 특성
2025-07-17 15:00:04 - INFO - ℹ️   QQQ: 1195개 데이터 포인트, 35개 특성
2025-07-17 15:00:04 - INFO - ℹ️   SHY: 807개 데이터 포인트, 35개 특성
2025-07-17 15:00:04 - INFO - ℹ️   TLT: 1195개 데이터 포인트, 35개 특성
2025-07-17 15:00:04 - INFO - ℹ️ 🔄 GLD 분석 시작...
2025-07-17 15:00:04 - INFO - ℹ️ 🔍 GLD 상관관계 분석 실행...
2025-07-17 15:00:04 - INFO - ℹ️ 📈 GLD 선형회귀 분석 실행...
2025-07-17 15:00:04 - INFO - ℹ️ 🎯 GLD Lasso 회귀 분석 실행...
2025-07-17 15:00:04 - INFO - ℹ️ 🌲 GLD 랜덤 포레스트 분석 실행...
2025-07-17 15:00:10 - INFO - ℹ️ 🧠 GLD MLP 분석 실행...
2025-07-17 15:00:10 - INFO - ℹ️ 🔮 GLD 베이지안 분포 분석 실행...
2025-07-17 15:00:11 - INFO - ✅ ✅ GLD 분석 완료
2025-07-17 15:00:11 - INFO - ℹ️ 🔄 DBMF 분석 시작...
2025-07-17 15:00:11 - INFO - ℹ️ 🔍 DBMF 상관관계 분석 실행...
2025-07-17 15:00:11 - INFO - ℹ️ 📈 DBMF 선형회귀 분석 실행...
2025-07-17 15:00:11 - INFO - ℹ️ 🎯 DBMF Lasso 회귀 분석 실행...
2025-07-17 15:00:11 - INFO - ℹ️ 🌲 DBMF 랜덤 포레스트 분석 실행...
2025-07-17 15:00:14 - INFO - ℹ️ 🧠 DBMF MLP 분석 실행...
2025-07-17 15:00:14 - INFO - ℹ️ 🔮 DBMF 베이지안 분포 분석 실행...
2025-07-17 15:00:14 - INFO - ✅ ✅ DBMF 분석 완료
2025-07-17 15:00:14 - INFO - ℹ️ 🔄 SPY 분석 시작...
2025-07-17 15:00:14 - INFO - ℹ️ 🔍 SPY 상관관계 분석 실행...
2025-07-17 15:00:14 - INFO - ℹ️ 📈 SPY 선형회귀 분석 실행...
2025-07-17 15:00:14 - INFO - ℹ️ 🎯 SPY Lasso 회귀 분석 실행...
2025-07-17 15:00:14 - INFO - ℹ️ 🌲 SPY 랜덤 포레스트 분석 실행...
2025-07-17 15:00:20 - INFO - ℹ️ 🧠 SPY MLP 분석 실행...
2025-07-17 15:00:20 - INFO - ℹ️ 🔮 SPY 베이지안 분포 분석 실행...
2025-07-17 15:00:20 - INFO - ✅ ✅ SPY 분석 완료
2025-07-17 15:00:20 - INFO - ℹ️ 🔄 QQQ 분석 시작...
2025-07-17 15:00:20 - INFO - ℹ️ 🔍 QQQ 상관관계 분석 실행...
2025-07-17 15:00:20 - INFO - ℹ️ 📈 QQQ 선형회귀 분석 실행...
2025-07-17 15:00:20 - INFO - ℹ️ 🎯 QQQ Lasso 회귀 분석 실행...
2025-07-17 15:00:20 - INFO - ℹ️ 🌲 QQQ 랜덤 포레스트 분석 실행...
2025-07-17 15:00:26 - INFO - ℹ️ 🧠 QQQ MLP 분석 실행...
2025-07-17 15:00:26 - INFO - ℹ️ 🔮 QQQ 베이지안 분포 분석 실행...
2025-07-17 15:00:26 - INFO - ✅ ✅ QQQ 분석 완료
2025-07-17 15:00:26 - INFO - ℹ️ 🔄 SHY 분석 시작...
2025-07-17 15:00:26 - INFO - ℹ️ 🔍 SHY 상관관계 분석 실행...
2025-07-17 15:00:26 - INFO - ℹ️ 📈 SHY 선형회귀 분석 실행...
2025-07-17 15:00:26 - INFO - ℹ️ 🎯 SHY Lasso 회귀 분석 실행...
2025-07-17 15:00:26 - INFO - ℹ️ 🌲 SHY 랜덤 포레스트 분석 실행...
2025-07-17 15:00:30 - INFO - ℹ️ 🧠 SHY MLP 분석 실행...
2025-07-17 15:00:30 - INFO - ℹ️ 🔮 SHY 베이지안 분포 분석 실행...
2025-07-17 15:00:30 - INFO - ✅ ✅ SHY 분석 완료
2025-07-17 15:00:30 - INFO - ℹ️ 🔄 TLT 분석 시작...
2025-07-17 15:00:30 - INFO - ℹ️ 🔍 TLT 상관관계 분석 실행...
2025-07-17 15:00:30 - INFO - ℹ️ 📈 TLT 선형회귀 분석 실행...
2025-07-17 15:00:30 - INFO - ℹ️ 🎯 TLT Lasso 회귀 분석 실행...
2025-07-17 15:00:30 - INFO - ℹ️ 🌲 TLT 랜덤 포레스트 분석 실행...
2025-07-17 15:00:36 - INFO - ℹ️ 🧠 TLT MLP 분석 실행...
2025-07-17 15:00:36 - INFO - ℹ️ 🔮 TLT 베이지안 분포 분석 실행...
2025-07-17 15:00:36 - INFO - ✅ ✅ TLT 분석 완료
2025-07-17 15:00:36 - INFO - ✅ ✅ 분석 결과 저장: analysis/quant_analysis/quant_analysis_results_20250717_150036_774e8716.json
