2025-07-17 15:23:57 - INFO - 
============================================================
2025-07-17 15:23:57 - INFO - 🎯 기술적 지표 기반 정량 분석 시스템 시작
2025-07-17 15:23:57 - INFO - ============================================================
2025-07-17 15:23:57 - INFO - ℹ️ 📁 데이터 디렉토리: data/long
2025-07-17 15:23:57 - INFO - ℹ️ 📊 수익률 타입: percentage
2025-07-17 15:23:57 - INFO - ℹ️ 🔝 상위 특성 수: 10
2025-07-17 15:23:57 - INFO - ℹ️ 📂 데이터 로딩 중...
2025-07-17 15:23:57 - INFO - ✅ ✅ 데이터 로딩 완료 (1개 종목)
2025-07-17 15:23:57 - INFO - ℹ️ 📊 기술적 지표 데이터 전처리 및 수익률 계산 중...
2025-07-17 15:23:57 - INFO - ℹ️   AAPL: 220개 데이터 포인트, 47개 기술적 지표
2025-07-17 15:23:57 - INFO - ℹ️ 🔄 AAPL 분석 시작...
2025-07-17 15:23:57 - INFO - ℹ️ 🔍 AAPL 상관관계 분석 실행...
2025-07-17 15:23:57 - INFO - ℹ️ 📈 AAPL 선형회귀 분석 실행...
2025-07-17 15:23:57 - INFO - ℹ️ 🎯 AAPL Lasso 회귀 분석 실행...
2025-07-17 15:23:57 - INFO - ℹ️ 🌲 AAPL 랜덤 포레스트 분석 실행...
2025-07-17 15:23:58 - INFO - ℹ️ 🧠 AAPL MLP 분석 실행...
2025-07-17 15:23:58 - INFO - ℹ️ 🔮 AAPL 베이지안 분포 분석 실행...
2025-07-17 15:23:58 - INFO - ✅ ✅ AAPL 분석 완료
2025-07-17 15:23:58 - INFO - ✅ ✅ 분석 결과 저장: analysis/quant_analysis/quant_analysis_results_20250717_152358_test_quant.json
