2025-07-17 15:57:20 - INFO - β„ΉοΈ π†” μ‹¤ν–‰ UUID μƒμ„±: f4aab560
2025-07-17 15:57:20 - INFO - β„ΉοΈ β… long μ „λµμ© config λ΅λ“: config/config_long.json
2025-07-17 15:57:20 - INFO - β„ΉοΈ ν΄λ” μƒμ„± λ…λ Ήμ–΄: /home/yunchae/anaconda3/envs/bedrock_manus/bin/python -m agent.cleaner --action create --data-dir data --log-dir log/long --results-dir results/long
2025-07-17 15:57:20 - INFO - β… β… cleaner.pyλ¥Ό ν†µν• ν΄λ” μƒμ„± μ™„λ£
2025-07-17 15:57:20 - INFO - β„ΉοΈ 
2025-07-17 15:57:20 - INFO - β„ΉοΈ π“ ν΄λ” ν™•μΈ/μƒμ„±: backup/long
2025-07-17 15:57:20 - INFO - 
============================================================
2025-07-17 15:57:20 - INFO - π― ν€€νΈ λ¶„μ„ νμ΄ν”„λΌμΈ μ‹μ‘
2025-07-17 15:57:20 - INFO - ============================================================
2025-07-17 15:57:20 - INFO - β… β… νμΌ μ •λ¦¬ μ™„λ£
2025-07-17 15:57:20 - INFO - β„ΉοΈ μ‹¤ν–‰ν•  λ‹¨κ³„λ“¤: cleaner, scrapper, analyzer, researcher, evaluator, portfolio_manager
2025-07-17 15:57:20 - INFO - β„ΉοΈ μ¤λ¥ μ‹ μ¤‘λ‹¨: True
2025-07-17 15:57:20 - INFO - β„ΉοΈ π“‹ μ§„ν–‰λ¥ : 1/6 (cleaner)
2025-07-17 15:57:20 - INFO - 
--------------------------------------------------
2025-07-17 15:57:20 - INFO - π€ cleaner λ‹¨κ³„ μ‹¤ν–‰ μ‹μ‘
2025-07-17 15:57:20 - INFO - --------------------------------------------------
2025-07-17 15:57:20 - INFO - β„ΉοΈ β­οΈ Cleaner λ‹¨κ³„ κ±΄λ„λ›°κΈ° (μ„¤μ •μ—μ„ λΉ„ν™μ„±ν™”λ¨)
2025-07-17 15:57:20 - INFO - β„ΉοΈ π“‹ μ§„ν–‰λ¥ : 2/6 (scrapper)
2025-07-17 15:57:20 - INFO - 
--------------------------------------------------
2025-07-17 15:57:20 - INFO - π€ scrapper λ‹¨κ³„ μ‹¤ν–‰ μ‹μ‘
2025-07-17 15:57:20 - INFO - --------------------------------------------------
2025-07-17 15:57:20 - INFO - β„ΉοΈ μ‹¤ν–‰ λ…λ Ήμ–΄: PYTHONPATH=src /home/yunchae/anaconda3/envs/bedrock_manus/bin/python -m agent.scrapper --data-dir data/long --config config/config_long.json --uuid f4aab560
2025-07-17 15:57:59 - INFO - β… β… Scrapper λ‹¨κ³„ μ™„λ£
2025-07-17 15:57:59 - INFO - β„ΉοΈ π“‹ μ§„ν–‰λ¥ : 3/6 (analyzer)
2025-07-17 15:57:59 - INFO - 
--------------------------------------------------
2025-07-17 15:57:59 - INFO - π€ analyzer λ‹¨κ³„ μ‹¤ν–‰ μ‹μ‘
2025-07-17 15:57:59 - INFO - --------------------------------------------------
2025-07-17 15:57:59 - INFO - β„ΉοΈ μ‹¤ν–‰ λ…λ Ήμ–΄: PYTHONPATH=src /home/yunchae/anaconda3/envs/bedrock_manus/bin/python -m agent.analyst --data_dir data/long --uuid f4aab560
2025-07-17 15:58:08 - INFO - β… β… Analyzer λ‹¨κ³„ μ™„λ£
2025-07-17 15:58:08 - INFO - β„ΉοΈ π“‹ μ§„ν–‰λ¥ : 4/6 (researcher)
2025-07-17 15:58:08 - INFO - 
--------------------------------------------------
2025-07-17 15:58:08 - INFO - π€ researcher λ‹¨κ³„ μ‹¤ν–‰ μ‹μ‘
2025-07-17 15:58:08 - INFO - --------------------------------------------------
2025-07-17 15:58:08 - INFO - β„ΉοΈ π“ Research config μ—…λ°μ΄νΈ: source_config = config_long.json
2025-07-17 15:58:08 - INFO - β„ΉοΈ μ‹¤ν–‰ λ…λ Ήμ–΄: PYTHONPATH=src /home/yunchae/anaconda3/envs/bedrock_manus/bin/python -m agent.researcher --config config/config_research.json --uuid f4aab560
2025-07-17 15:58:08 - INFO - β„ΉοΈ π“ Research source config: config_long.json
2025-07-17 15:58:09 - ERROR - β β Researcher λ‹¨κ³„ μ‹¤ν¨: INFO:__main__:π“ μλ™ μ„¤μ •λ source_config μ‚¬μ©: config_long.json
INFO:__main__:π“ config_long.jsonμ—μ„ μ„¤μ • λ΅λ“: {'symbols': ['AAPL', 'MSFT', 'SPY', 'TLT', 'GLD', 'QQQ', 'DBMF', 'SHY'], 'portfolio_mode': True, 'interval': '1d', 'lookback_days': 365, 'time_horizon': 'long-term'}
INFO:__main__:π“ config_long.jsonμ—μ„ 8κ° μ‹¬λ³Ό λ΅λ“: ['AAPL', 'MSFT', 'SPY', 'TLT', 'GLD', 'QQQ', 'DBMF', 'SHY']
INFO:__main__:π“ μ—°κµ¬ λ€μƒ μ „λµ: 25κ°
INFO:__main__:π“ μ—°κµ¬ λ€μƒ μ‹¬λ³Ό: 8κ°
INFO:__main__:π”§ μµμ ν™” λ°©λ²•: grid_search
INFO:__main__:π”„ μ§„ν–‰λ¥ : 1/200
INFO:__main__:  μ „λµ: dual_momentum, μ‹¬λ³Ό: AAPL
INFO:__main__:π”¬ dual_momentum μ „λµ μµμ ν™” μ‹μ‘
ERROR:__main__:  β μ¤λ¥: CSV νμΌμ„ μ°Ύμ„ μ μ—†μµλ‹λ‹¤.
INFO:__main__:π”„ μ§„ν–‰λ¥ : 2/200
INFO:__main__:  μ „λµ: dual_momentum, μ‹¬λ³Ό: MSFT
INFO:__main__:π”¬ dual_momentum μ „λµ μµμ ν™” μ‹μ‘
ERROR:__main__:  β μ¤λ¥: CSV νμΌμ„ μ°Ύμ„ μ μ—†μµλ‹λ‹¤.
INFO:__main__:π”„ μ§„ν–‰λ¥ : 3/200
INFO:__main__:  μ „λµ: dual_momentum, μ‹¬λ³Ό: SPY
INFO:__main__:π”¬ dual_momentum μ „λµ μµμ ν™” μ‹μ‘
ERROR:__main__:  β μ¤λ¥: CSV νμΌμ„ μ°Ύμ„ μ μ—†μµλ‹λ‹¤.
INFO:__main__:π”„ μ§„ν–‰λ¥ : 4/200
INFO:__main__:  μ „λµ: dual_momentum, μ‹¬λ³Ό: TLT
INFO:__main__:π”¬ dual_momentum μ „λµ μµμ ν™” μ‹μ‘
ERROR:__main__:  β μ¤λ¥: CSV νμΌμ„ μ°Ύμ„ μ μ—†μµλ‹λ‹¤.
INFO:__main__:π”„ μ§„ν–‰λ¥ : 5/200
INFO:__main__:  μ „λµ: dual_momentum, μ‹¬λ³Ό: GLD
INFO:__main__:π”¬ dual_momentum μ „λµ μµμ ν™” μ‹μ‘
ERROR:__main__:  β μ¤λ¥: CSV νμΌμ„ μ°Ύμ„ μ μ—†μµλ‹λ‹¤.
INFO:__main__:π”„ μ§„ν–‰λ¥ : 6/200
INFO:__main__:  μ „λµ: dual_momentum, μ‹¬λ³Ό: QQQ
INFO:__main__:π”¬ dual_momentum μ „λµ μµμ ν™” μ‹μ‘
ERROR:__main__:  β μ¤λ¥: CSV νμΌμ„ μ°Ύμ„ μ μ—†μµλ‹λ‹¤.
INFO:__main__:π”„ μ§„ν–‰λ¥ : 7/200
INFO:__main__:  μ „λµ: dual_momentum, μ‹¬λ³Ό: DBMF
INFO:__main__:π”¬ dual_momentum μ „λµ μµμ ν™” μ‹μ‘
ERROR:__main__:  β μ¤λ¥: CSV νμΌμ„ μ°Ύμ„ μ μ—†μµλ‹λ‹¤.
INFO:__main__:π”„ μ§„ν–‰λ¥ : 8/200
INFO:__main__:  μ „λµ: dual_momentum, μ‹¬λ³Ό: SHY
INFO:__main__:π”¬ dual_momentum μ „λµ μµμ ν™” μ‹μ‘
ERROR:__main__:  β μ¤λ¥: CSV νμΌμ„ μ°Ύμ„ μ μ—†μµλ‹λ‹¤.
INFO:__main__:π”„ μ§„ν–‰λ¥ : 9/200
INFO:__main__:  μ „λµ: volatility_breakout, μ‹¬λ³Ό: AAPL
INFO:__main__:π”¬ volatility_breakout μ „λµ μµμ ν™” μ‹μ‘
ERROR:__main__:  β μ¤λ¥: CSV νμΌμ„ μ°Ύμ„ μ μ—†μµλ‹λ‹¤.
INFO:__main__:π”„ μ§„ν–‰λ¥ : 10/200
INFO:__main__:  μ „λµ: volatility_breakout, μ‹¬λ³Ό: MSFT
INFO:__main__:π”¬ volatility_breakout μ „λµ μµμ ν™” μ‹μ‘
ERROR:__main__:  β μ¤λ¥: CSV νμΌμ„ μ°Ύμ„ μ μ—†μµλ‹λ‹¤.
INFO:__main__:π”„ μ§„ν–‰λ¥ : 11/200
INFO:__main__:  μ „λµ: volatility_breakout, μ‹¬λ³Ό: SPY
INFO:__main__:π”¬ volatility_breakout μ „λµ μµμ ν™” μ‹μ‘
ERROR:__main__:  β μ¤λ¥: CSV νμΌμ„ μ°Ύμ„ μ μ—†μµλ‹λ‹¤.
INFO:__main__:π”„ μ§„ν–‰λ¥ : 12/200
INFO:__main__:  μ „λµ: volatility_breakout, μ‹¬λ³Ό: TLT
INFO:__main__:π”¬ volatility_breakout μ „λµ μµμ ν™” μ‹μ‘
ERROR:__main__:  β μ¤λ¥: CSV νμΌμ„ μ°Ύμ„ μ μ—†μµλ‹λ‹¤.
INFO:__main__:π”„ μ§„ν–‰λ¥ : 13/200
INFO:__main__:  μ „λµ: volatility_breakout, μ‹¬λ³Ό: GLD
INFO:__main__:π”¬ volatility_breakout μ „λµ μµμ ν™” μ‹μ‘
ERROR:__main__:  β μ¤λ¥: CSV νμΌμ„ μ°Ύμ„ μ μ—†μµλ‹λ‹¤.
INFO:__main__:π”„ μ§„ν–‰λ¥ : 14/200
INFO:__main__:  μ „λµ: volatility_breakout, μ‹¬λ³Ό: QQQ
INFO:__main__:π”¬ volatility_breakout μ „λµ μµμ ν™” μ‹μ‘
ERROR:__main__:  β μ¤λ¥: CSV νμΌμ„ μ°Ύμ„ μ μ—†μµλ‹λ‹¤.
INFO:__main__:π”„ μ§„ν–‰λ¥ : 15/200
INFO:__main__:  μ „λµ: volatility_breakout, μ‹¬λ³Ό: DBMF
INFO:__main__:π”¬ volatility_breakout μ „λµ μµμ ν™” μ‹μ‘
ERROR:__main__:  β μ¤λ¥: CSV νμΌμ„ μ°Ύμ„ μ μ—†μµλ‹λ‹¤.
INFO:__main__:π”„ μ§„ν–‰λ¥ : 16/200
INFO:__main__:  μ „λµ: volatility_breakout, μ‹¬λ³Ό: SHY
INFO:__main__:π”¬ volatility_breakout μ „λµ μµμ ν™” μ‹μ‘
ERROR:__main__:  β μ¤λ¥: CSV νμΌμ„ μ°Ύμ„ μ μ—†μµλ‹λ‹¤.
INFO:__main__:π”„ μ§„ν–‰λ¥ : 17/200
INFO:__main__:  μ „λµ: swing_ema, μ‹¬λ³Ό: AAPL
INFO:__main__:π”¬ swing_ema μ „λµ μµμ ν™” μ‹μ‘
ERROR:__main__:  β μ¤λ¥: CSV νμΌμ„ μ°Ύμ„ μ μ—†μµλ‹λ‹¤.
INFO:__main__:π”„ μ§„ν–‰λ¥ : 18/200
INFO:__main__:  μ „λµ: swing_ema, μ‹¬λ³Ό: MSFT
INFO:__main__:π”¬ swing_ema μ „λµ μµμ ν™” μ‹μ‘
ERROR:__main__:  β μ¤λ¥: CSV νμΌμ„ μ°Ύμ„ μ μ—†μµλ‹λ‹¤.
INFO:__main__:π”„ μ§„ν–‰λ¥ : 19/200
INFO:__main__:  μ „λµ: swing_ema, μ‹¬λ³Ό: SPY
INFO:__main__:π”¬ swing_ema μ „λµ μµμ ν™” μ‹μ‘
ERROR:__main__:  β μ¤λ¥: CSV νμΌμ„ μ°Ύμ„ μ μ—†μµλ‹λ‹¤.
INFO:__main__:π”„ μ§„ν–‰λ¥ : 20/200
INFO:__main__:  μ „λµ: swing_ema, μ‹¬λ³Ό: TLT
INFO:__main__:π”¬ swing_ema μ „λµ μµμ ν™” μ‹μ‘
ERROR:__main__:  β μ¤λ¥: CSV νμΌμ„ μ°Ύμ„ μ μ—†μµλ‹λ‹¤.
INFO:__main__:π”„ μ§„ν–‰λ¥ : 21/200
INFO:__main__:  μ „λµ: swing_ema, μ‹¬λ³Ό: GLD
INFO:__main__:π”¬ swing_ema μ „λµ μµμ ν™” μ‹μ‘
ERROR:__main__:  β μ¤λ¥: CSV νμΌμ„ μ°Ύμ„ μ μ—†μµλ‹λ‹¤.
INFO:__main__:π”„ μ§„ν–‰λ¥ : 22/200
INFO:__main__:  μ „λµ: swing_ema, μ‹¬λ³Ό: QQQ
INFO:__main__:π”¬ swing_ema μ „λµ μµμ ν™” μ‹μ‘
ERROR:__main__:  β μ¤λ¥: CSV νμΌμ„ μ°Ύμ„ μ μ—†μµλ‹λ‹¤.
INFO:__main__:π”„ μ§„ν–‰λ¥ : 23/200
INFO:__main__:  μ „λµ: swing_ema, μ‹¬λ³Ό: DBMF
INFO:__main__:π”¬ swing_ema μ „λµ μµμ ν™” μ‹μ‘
ERROR:__main__:  β μ¤λ¥: CSV νμΌμ„ μ°Ύμ„ μ μ—†μµλ‹λ‹¤.
INFO:__main__:π”„ μ§„ν–‰λ¥ : 24/200
INFO:__main__:  μ „λµ: swing_ema, μ‹¬λ³Ό: SHY
INFO:__main__:π”¬ swing_ema μ „λµ μµμ ν™” μ‹μ‘
ERROR:__main__:  β μ¤λ¥: CSV νμΌμ„ μ°Ύμ„ μ μ—†μµλ‹λ‹¤.
INFO:__main__:π”„ μ§„ν–‰λ¥ : 25/200
INFO:__main__:  μ „λµ: swing_rsi, μ‹¬λ³Ό: AAPL
INFO:__main__:π”¬ swing_rsi μ „λµ μµμ ν™” μ‹μ‘
ERROR:__main__:  β μ¤λ¥: CSV νμΌμ„ μ°Ύμ„ μ μ—†μµλ‹λ‹¤.
INFO:__main__:π”„ μ§„ν–‰λ¥ : 26/200
INFO:__main__:  μ „λµ: swing_rsi, μ‹¬λ³Ό: MSFT
INFO:__main__:π”¬ swing_rsi μ „λµ μµμ ν™” μ‹μ‘
ERROR:__main__:  β μ¤λ¥: CSV νμΌμ„ μ°Ύμ„ μ μ—†μµλ‹λ‹¤.
INFO:__main__:π”„ μ§„ν–‰λ¥ : 27/200
INFO:__main__:  μ „λµ: swing_rsi, μ‹¬λ³Ό: SPY
INFO:__main__:π”¬ swing_rsi μ „λµ μµμ ν™” μ‹μ‘
ERROR:__main__:  β μ¤λ¥: CSV νμΌμ„ μ°Ύμ„ μ μ—†μµλ‹λ‹¤.
INFO:__main__:π”„ μ§„ν–‰λ¥ : 28/200
INFO:__main__:  μ „λµ: swing_rsi, μ‹¬λ³Ό: TLT
INFO:__main__:π”¬ swing_rsi μ „λµ μµμ ν™” μ‹μ‘
ERROR:__main__:  β μ¤λ¥: CSV νμΌμ„ μ°Ύμ„ μ μ—†μµλ‹λ‹¤.
INFO:__main__:π”„ μ§„ν–‰λ¥ : 29/200
INFO:__main__:  μ „λµ: swing_rsi, μ‹¬λ³Ό: GLD
INFO:__main__:π”¬ swing_rsi μ „λµ μµμ ν™” μ‹μ‘
ERROR:__main__:  β μ¤λ¥: CSV νμΌμ„ μ°Ύμ„ μ μ—†μµλ‹λ‹¤.
INFO:__main__:π”„ μ§„ν–‰λ¥ : 30/200
INFO:__main__:  μ „λµ: swing_rsi, μ‹¬λ³Ό: QQQ
INFO:__main__:π”¬ swing_rsi μ „λµ μµμ ν™” μ‹μ‘
ERROR:__main__:  β μ¤λ¥: CSV νμΌμ„ μ°Ύμ„ μ μ—†μµλ‹λ‹¤.
INFO:__main__:π”„ μ§„ν–‰λ¥ : 31/200
INFO:__main__:  μ „λµ: swing_rsi, μ‹¬λ³Ό: DBMF
INFO:__main__:π”¬ swing_rsi μ „λµ μµμ ν™” μ‹μ‘
ERROR:__main__:  β μ¤λ¥: CSV νμΌμ„ μ°Ύμ„ μ μ—†μµλ‹λ‹¤.
INFO:__main__:π”„ μ§„ν–‰λ¥ : 32/200
INFO:__main__:  μ „λµ: swing_rsi, μ‹¬λ³Ό: SHY
INFO:__main__:π”¬ swing_rsi μ „λµ μµμ ν™” μ‹μ‘
ERROR:__main__:  β μ¤λ¥: CSV νμΌμ„ μ°Ύμ„ μ μ—†μµλ‹λ‹¤.
INFO:__main__:π”„ μ§„ν–‰λ¥ : 33/200
INFO:__main__:  μ „λµ: swing_donchian, μ‹¬λ³Ό: AAPL
INFO:__main__:π”¬ swing_donchian μ „λµ μµμ ν™” μ‹μ‘
ERROR:__main__:  β μ¤λ¥: CSV νμΌμ„ μ°Ύμ„ μ μ—†μµλ‹λ‹¤.
INFO:__main__:π”„ μ§„ν–‰λ¥ : 34/200
INFO:__main__:  μ „λµ: swing_donchian, μ‹¬λ³Ό: MSFT
INFO:__main__:π”¬ swing_donchian μ „λµ μµμ ν™” μ‹μ‘
ERROR:__main__:  β μ¤λ¥: CSV νμΌμ„ μ°Ύμ„ μ μ—†μµλ‹λ‹¤.
INFO:__main__:π”„ μ§„ν–‰λ¥ : 35/200
INFO:__main__:  μ „λµ: swing_donchian, μ‹¬λ³Ό: SPY
INFO:__main__:π”¬ swing_donchian μ „λµ μµμ ν™” μ‹μ‘
ERROR:__main__:  β μ¤λ¥: CSV νμΌμ„ μ°Ύμ„ μ μ—†μµλ‹λ‹¤.
INFO:__main__:π”„ μ§„ν–‰λ¥ : 36/200
INFO:__main__:  μ „λµ: swing_donchian, μ‹¬λ³Ό: TLT
INFO:__main__:π”¬ swing_donchian μ „λµ μµμ ν™” μ‹μ‘
ERROR:__main__:  β μ¤λ¥: CSV νμΌμ„ μ°Ύμ„ μ μ—†μµλ‹λ‹¤.
INFO:__main__:π”„ μ§„ν–‰λ¥ : 37/200
INFO:__main__:  μ „λµ: swing_donchian, μ‹¬λ³Ό: GLD
INFO:__main__:π”¬ swing_donchian μ „λµ μµμ ν™” μ‹μ‘
ERROR:__main__:  β μ¤λ¥: CSV νμΌμ„ μ°Ύμ„ μ μ—†μµλ‹λ‹¤.
INFO:__main__:π”„ μ§„ν–‰λ¥ : 38/200
INFO:__main__:  μ „λµ: swing_donchian, μ‹¬λ³Ό: QQQ
INFO:__main__:π”¬ swing_donchian μ „λµ μµμ ν™” μ‹μ‘
ERROR:__main__:  β μ¤λ¥: CSV νμΌμ„ μ°Ύμ„ μ μ—†μµλ‹λ‹¤.
INFO:__main__:π”„ μ§„ν–‰λ¥ : 39/200
INFO:__main__:  μ „λµ: swing_donchian, μ‹¬λ³Ό: DBMF
INFO:__main__:π”¬ swing_donchian μ „λµ μµμ ν™” μ‹μ‘
ERROR:__main__:  β μ¤λ¥: CSV νμΌμ„ μ°Ύμ„ μ μ—†μµλ‹λ‹¤.
INFO:__main__:π”„ μ§„ν–‰λ¥ : 40/200
INFO:__main__:  μ „λµ: swing_donchian, μ‹¬λ³Ό: SHY
INFO:__main__:π”¬ swing_donchian μ „λµ μµμ ν™” μ‹μ‘
ERROR:__main__:  β μ¤λ¥: CSV νμΌμ„ μ°Ύμ„ μ μ—†μµλ‹λ‹¤.
INFO:__main__:π”„ μ§„ν–‰λ¥ : 41/200
INFO:__main__:  μ „λµ: stochastic, μ‹¬λ³Ό: AAPL
INFO:__main__:π”¬ stochastic μ „λµ μµμ ν™” μ‹μ‘
ERROR:__main__:  β μ¤λ¥: CSV νμΌμ„ μ°Ύμ„ μ μ—†μµλ‹λ‹¤.
INFO:__main__:π”„ μ§„ν–‰λ¥ : 42/200
INFO:__main__:  μ „λµ: stochastic, μ‹¬λ³Ό: MSFT
INFO:__main__:π”¬ stochastic μ „λµ μµμ ν™” μ‹μ‘
ERROR:__main__:  β μ¤λ¥: CSV νμΌμ„ μ°Ύμ„ μ μ—†μµλ‹λ‹¤.
INFO:__main__:π”„ μ§„ν–‰λ¥ : 43/200
INFO:__main__:  μ „λµ: stochastic, μ‹¬λ³Ό: SPY
INFO:__main__:π”¬ stochastic μ „λµ μµμ ν™” μ‹μ‘
ERROR:__main__:  β μ¤λ¥: CSV νμΌμ„ μ°Ύμ„ μ μ—†μµλ‹λ‹¤.
INFO:__main__:π”„ μ§„ν–‰λ¥ : 44/200
INFO:__main__:  μ „λµ: stochastic, μ‹¬λ³Ό: TLT
INFO:__main__:π”¬ stochastic μ „λµ μµμ ν™” μ‹μ‘
ERROR:__main__:  β μ¤λ¥: CSV νμΌμ„ μ°Ύμ„ μ μ—†μµλ‹λ‹¤.
INFO:__main__:π”„ μ§„ν–‰λ¥ : 45/200
INFO:__main__:  μ „λµ: stochastic, μ‹¬λ³Ό: GLD
INFO:__main__:π”¬ stochastic μ „λµ μµμ ν™” μ‹μ‘
ERROR:__main__:  β μ¤λ¥: CSV νμΌμ„ μ°Ύμ„ μ μ—†μµλ‹λ‹¤.
INFO:__main__:π”„ μ§„ν–‰λ¥ : 46/200
INFO:__main__:  μ „λµ: stochastic, μ‹¬λ³Ό: QQQ
INFO:__main__:π”¬ stochastic μ „λµ μµμ ν™” μ‹μ‘
ERROR:__main__:  β μ¤λ¥: CSV νμΌμ„ μ°Ύμ„ μ μ—†μµλ‹λ‹¤.
INFO:__main__:π”„ μ§„ν–‰λ¥ : 47/200
INFO:__main__:  μ „λµ: stochastic, μ‹¬λ³Ό: DBMF
INFO:__main__:π”¬ stochastic μ „λµ μµμ ν™” μ‹μ‘
ERROR:__main__:  β μ¤λ¥: CSV νμΌμ„ μ°Ύμ„ μ μ—†μµλ‹λ‹¤.
INFO:__main__:π”„ μ§„ν–‰λ¥ : 48/200
INFO:__main__:  μ „λµ: stochastic, μ‹¬λ³Ό: SHY
INFO:__main__:π”¬ stochastic μ „λµ μµμ ν™” μ‹μ‘
ERROR:__main__:  β μ¤λ¥: CSV νμΌμ„ μ°Ύμ„ μ μ—†μµλ‹λ‹¤.
INFO:__main__:π”„ μ§„ν–‰λ¥ : 49/200
INFO:__main__:  μ „λµ: williams_r, μ‹¬λ³Ό: AAPL
INFO:__main__:π”¬ williams_r μ „λµ μµμ ν™” μ‹μ‘
ERROR:__main__:  β μ¤λ¥: CSV νμΌμ„ μ°Ύμ„ μ μ—†μµλ‹λ‹¤.
INFO:__main__:π”„ μ§„ν–‰λ¥ : 50/200
INFO:__main__:  μ „λµ: williams_r, μ‹¬λ³Ό: MSFT
INFO:__main__:π”¬ williams_r μ „λµ μµμ ν™” μ‹μ‘
ERROR:__main__:  β μ¤λ¥: CSV νμΌμ„ μ°Ύμ„ μ μ—†μµλ‹λ‹¤.
INFO:__main__:π”„ μ§„ν–‰λ¥ : 51/200
INFO:__main__:  μ „λµ: williams_r, μ‹¬λ³Ό: SPY
INFO:__main__:π”¬ williams_r μ „λµ μµμ ν™” μ‹μ‘
ERROR:__main__:  β μ¤λ¥: CSV νμΌμ„ μ°Ύμ„ μ μ—†μµλ‹λ‹¤.
INFO:__main__:π”„ μ§„ν–‰λ¥ : 52/200
INFO:__main__:  μ „λµ: williams_r, μ‹¬λ³Ό: TLT
INFO:__main__:π”¬ williams_r μ „λµ μµμ ν™” μ‹μ‘
ERROR:__main__:  β μ¤λ¥: CSV νμΌμ„ μ°Ύμ„ μ μ—†μµλ‹λ‹¤.
INFO:__main__:π”„ μ§„ν–‰λ¥ : 53/200
INFO:__main__:  μ „λµ: williams_r, μ‹¬λ³Ό: GLD
INFO:__main__:π”¬ williams_r μ „λµ μµμ ν™” μ‹μ‘
ERROR:__main__:  β μ¤λ¥: CSV νμΌμ„ μ°Ύμ„ μ μ—†μµλ‹λ‹¤.
INFO:__main__:π”„ μ§„ν–‰λ¥ : 54/200
INFO:__main__:  μ „λµ: williams_r, μ‹¬λ³Ό: QQQ
INFO:__main__:π”¬ williams_r μ „λµ μµμ ν™” μ‹μ‘
ERROR:__main__:  β μ¤λ¥: CSV νμΌμ„ μ°Ύμ„ μ μ—†μµλ‹λ‹¤.
INFO:__main__:π”„ μ§„ν–‰λ¥ : 55/200
INFO:__main__:  μ „λµ: williams_r, μ‹¬λ³Ό: DBMF
INFO:__main__:π”¬ williams_r μ „λµ μµμ ν™” μ‹μ‘
ERROR:__main__:  β μ¤λ¥: CSV νμΌμ„ μ°Ύμ„ μ μ—†μµλ‹λ‹¤.
INFO:__main__:π”„ μ§„ν–‰λ¥ : 56/200
INFO:__main__:  μ „λµ: williams_r, μ‹¬λ³Ό: SHY
INFO:__main__:π”¬ williams_r μ „λµ μµμ ν™” μ‹μ‘
ERROR:__main__:  β μ¤λ¥: CSV νμΌμ„ μ°Ύμ„ μ μ—†μµλ‹λ‹¤.
INFO:__main__:π”„ μ§„ν–‰λ¥ : 57/200
INFO:__main__:  μ „λµ: cci, μ‹¬λ³Ό: AAPL
INFO:__main__:π”¬ cci μ „λµ μµμ ν™” μ‹μ‘
ERROR:__main__:  β μ¤λ¥: CSV νμΌμ„ μ°Ύμ„ μ μ—†μµλ‹λ‹¤.
INFO:__main__:π”„ μ§„ν–‰λ¥ : 58/200
INFO:__main__:  μ „λµ: cci, μ‹¬λ³Ό: MSFT
INFO:__main__:π”¬ cci μ „λµ μµμ ν™” μ‹μ‘
ERROR:__main__:  β μ¤λ¥: CSV νμΌμ„ μ°Ύμ„ μ μ—†μµλ‹λ‹¤.
INFO:__main__:π”„ μ§„ν–‰λ¥ : 59/200
INFO:__main__:  μ „λµ: cci, μ‹¬λ³Ό: SPY
INFO:__main__:π”¬ cci μ „λµ μµμ ν™” μ‹μ‘
ERROR:__main__:  β μ¤λ¥: CSV νμΌμ„ μ°Ύμ„ μ μ—†μµλ‹λ‹¤.
INFO:__main__:π”„ μ§„ν–‰λ¥ : 60/200
INFO:__main__:  μ „λµ: cci, μ‹¬λ³Ό: TLT
INFO:__main__:π”¬ cci μ „λµ μµμ ν™” μ‹μ‘
ERROR:__main__:  β μ¤λ¥: CSV νμΌμ„ μ°Ύμ„ μ μ—†μµλ‹λ‹¤.
INFO:__main__:π”„ μ§„ν–‰λ¥ : 61/200
INFO:__main__:  μ „λµ: cci, μ‹¬λ³Ό: GLD
INFO:__main__:π”¬ cci μ „λµ μµμ ν™” μ‹μ‘
ERROR:__main__:  β μ¤λ¥: CSV νμΌμ„ μ°Ύμ„ μ μ—†μµλ‹λ‹¤.
INFO:__main__:π”„ μ§„ν–‰λ¥ : 62/200
INFO:__main__:  μ „λµ: cci, μ‹¬λ³Ό: QQQ
INFO:__main__:π”¬ cci μ „λµ μµμ ν™” μ‹μ‘
ERROR:__main__:  β μ¤λ¥: CSV νμΌμ„ μ°Ύμ„ μ μ—†μµλ‹λ‹¤.
INFO:__main__:π”„ μ§„ν–‰λ¥ : 63/200
INFO:__main__:  μ „λµ: cci, μ‹¬λ³Ό: DBMF
INFO:__main__:π”¬ cci μ „λµ μµμ ν™” μ‹μ‘
ERROR:__main__:  β μ¤λ¥: CSV νμΌμ„ μ°Ύμ„ μ μ—†μµλ‹λ‹¤.
INFO:__main__:π”„ μ§„ν–‰λ¥ : 64/200
INFO:__main__:  μ „λµ: cci, μ‹¬λ³Ό: SHY
INFO:__main__:π”¬ cci μ „λµ μµμ ν™” μ‹μ‘
ERROR:__main__:  β μ¤λ¥: CSV νμΌμ„ μ°Ύμ„ μ μ—†μµλ‹λ‹¤.
INFO:__main__:π”„ μ§„ν–‰λ¥ : 65/200
INFO:__main__:  μ „λµ: whipsaw_prevention, μ‹¬λ³Ό: AAPL
INFO:__main__:π”¬ whipsaw_prevention μ „λµ μµμ ν™” μ‹μ‘
ERROR:__main__:  β μ¤λ¥: CSV νμΌμ„ μ°Ύμ„ μ μ—†μµλ‹λ‹¤.
INFO:__main__:π”„ μ§„ν–‰λ¥ : 66/200
INFO:__main__:  μ „λµ: whipsaw_prevention, μ‹¬λ³Ό: MSFT
INFO:__main__:π”¬ whipsaw_prevention μ „λµ μµμ ν™” μ‹μ‘
ERROR:__main__:  β μ¤λ¥: CSV νμΌμ„ μ°Ύμ„ μ μ—†μµλ‹λ‹¤.
INFO:__main__:π”„ μ§„ν–‰λ¥ : 67/200
INFO:__main__:  μ „λµ: whipsaw_prevention, μ‹¬λ³Ό: SPY
INFO:__main__:π”¬ whipsaw_prevention μ „λµ μµμ ν™” μ‹μ‘
ERROR:__main__:  β μ¤λ¥: CSV νμΌμ„ μ°Ύμ„ μ μ—†μµλ‹λ‹¤.
INFO:__main__:π”„ μ§„ν–‰λ¥ : 68/200
INFO:__main__:  μ „λµ: whipsaw_prevention, μ‹¬λ³Ό: TLT
INFO:__main__:π”¬ whipsaw_prevention μ „λµ μµμ ν™” μ‹μ‘
ERROR:__main__:  β μ¤λ¥: CSV νμΌμ„ μ°Ύμ„ μ μ—†μµλ‹λ‹¤.
INFO:__main__:π”„ μ§„ν–‰λ¥ : 69/200
INFO:__main__:  μ „λµ: whipsaw_prevention, μ‹¬λ³Ό: GLD
INFO:__main__:π”¬ whipsaw_prevention μ „λµ μµμ ν™” μ‹μ‘
ERROR:__main__:  β μ¤λ¥: CSV νμΌμ„ μ°Ύμ„ μ μ—†μµλ‹λ‹¤.
INFO:__main__:π”„ μ§„ν–‰λ¥ : 70/200
INFO:__main__:  μ „λµ: whipsaw_prevention, μ‹¬λ³Ό: QQQ
INFO:__main__:π”¬ whipsaw_prevention μ „λµ μµμ ν™” μ‹μ‘
ERROR:__main__:  β μ¤λ¥: CSV νμΌμ„ μ°Ύμ„ μ μ—†μµλ‹λ‹¤.
INFO:__main__:π”„ μ§„ν–‰λ¥ : 71/200
INFO:__main__:  μ „λµ: whipsaw_prevention, μ‹¬λ³Ό: DBMF
INFO:__main__:π”¬ whipsaw_prevention μ „λµ μµμ ν™” μ‹μ‘
ERROR:__main__:  β μ¤λ¥: CSV νμΌμ„ μ°Ύμ„ μ μ—†μµλ‹λ‹¤.
INFO:__main__:π”„ μ§„ν–‰λ¥ : 72/200
INFO:__main__:  μ „λµ: whipsaw_prevention, μ‹¬λ³Ό: SHY
INFO:__main__:π”¬ whipsaw_prevention μ „λµ μµμ ν™” μ‹μ‘
ERROR:__main__:  β μ¤λ¥: CSV νμΌμ„ μ°Ύμ„ μ μ—†μµλ‹λ‹¤.
INFO:__main__:π”„ μ§„ν–‰λ¥ : 73/200
INFO:__main__:  μ „λµ: donchian_rsi_whipsaw, μ‹¬λ³Ό: AAPL
INFO:__main__:π”¬ donchian_rsi_whipsaw μ „λµ μµμ ν™” μ‹μ‘
ERROR:__main__:  β μ¤λ¥: CSV νμΌμ„ μ°Ύμ„ μ μ—†μµλ‹λ‹¤.
INFO:__main__:π”„ μ§„ν–‰λ¥ : 74/200
INFO:__main__:  μ „λµ: donchian_rsi_whipsaw, μ‹¬λ³Ό: MSFT
INFO:__main__:π”¬ donchian_rsi_whipsaw μ „λµ μµμ ν™” μ‹μ‘
ERROR:__main__:  β μ¤λ¥: CSV νμΌμ„ μ°Ύμ„ μ μ—†μµλ‹λ‹¤.
INFO:__main__:π”„ μ§„ν–‰λ¥ : 75/200
INFO:__main__:  μ „λµ: donchian_rsi_whipsaw, μ‹¬λ³Ό: SPY
INFO:__main__:π”¬ donchian_rsi_whipsaw μ „λµ μµμ ν™” μ‹μ‘
ERROR:__main__:  β μ¤λ¥: CSV νμΌμ„ μ°Ύμ„ μ μ—†μµλ‹λ‹¤.
INFO:__main__:π”„ μ§„ν–‰λ¥ : 76/200
INFO:__main__:  μ „λµ: donchian_rsi_whipsaw, μ‹¬λ³Ό: TLT
INFO:__main__:π”¬ donchian_rsi_whipsaw μ „λµ μµμ ν™” μ‹μ‘
ERROR:__main__:  β μ¤λ¥: CSV νμΌμ„ μ°Ύμ„ μ μ—†μµλ‹λ‹¤.
INFO:__main__:π”„ μ§„ν–‰λ¥ : 77/200
INFO:__main__:  μ „λµ: donchian_rsi_whipsaw, μ‹¬λ³Ό: GLD
INFO:__main__:π”¬ donchian_rsi_whipsaw μ „λµ μµμ ν™” μ‹μ‘
ERROR:__main__:  β μ¤λ¥: CSV νμΌμ„ μ°Ύμ„ μ μ—†μµλ‹λ‹¤.
INFO:__main__:π”„ μ§„ν–‰λ¥ : 78/200
INFO:__main__:  μ „λµ: donchian_rsi_whipsaw, μ‹¬λ³Ό: QQQ
INFO:__main__:π”¬ donchian_rsi_whipsaw μ „λµ μµμ ν™” μ‹μ‘
ERROR:__main__:  β μ¤λ¥: CSV νμΌμ„ μ°Ύμ„ μ μ—†μµλ‹λ‹¤.
INFO:__main__:π”„ μ§„ν–‰λ¥ : 79/200
INFO:__main__:  μ „λµ: donchian_rsi_whipsaw, μ‹¬λ³Ό: DBMF
INFO:__main__:π”¬ donchian_rsi_whipsaw μ „λµ μµμ ν™” μ‹μ‘
ERROR:__main__:  β μ¤λ¥: CSV νμΌμ„ μ°Ύμ„ μ μ—†μµλ‹λ‹¤.
INFO:__main__:π”„ μ§„ν–‰λ¥ : 80/200
INFO:__main__:  μ „λµ: donchian_rsi_whipsaw, μ‹¬λ³Ό: SHY
INFO:__main__:π”¬ donchian_rsi_whipsaw μ „λµ μµμ ν™” μ‹μ‘
ERROR:__main__:  β μ¤λ¥: CSV νμΌμ„ μ°Ύμ„ μ μ—†μµλ‹λ‹¤.
INFO:__main__:π”„ μ§„ν–‰λ¥ : 81/200
INFO:__main__:  μ „λµ: volatility_filtered_breakout, μ‹¬λ³Ό: AAPL
INFO:__main__:π”¬ volatility_filtered_breakout μ „λµ μµμ ν™” μ‹μ‘
ERROR:__main__:  β μ¤λ¥: CSV νμΌμ„ μ°Ύμ„ μ μ—†μµλ‹λ‹¤.
INFO:__main__:π”„ μ§„ν–‰λ¥ : 82/200
INFO:__main__:  μ „λµ: volatility_filtered_breakout, μ‹¬λ³Ό: MSFT
INFO:__main__:π”¬ volatility_filtered_breakout μ „λµ μµμ ν™” μ‹μ‘
ERROR:__main__:  β μ¤λ¥: CSV νμΌμ„ μ°Ύμ„ μ μ—†μµλ‹λ‹¤.
INFO:__main__:π”„ μ§„ν–‰λ¥ : 83/200
INFO:__main__:  μ „λµ: volatility_filtered_breakout, μ‹¬λ³Ό: SPY
INFO:__main__:π”¬ volatility_filtered_breakout μ „λµ μµμ ν™” μ‹μ‘
ERROR:__main__:  β μ¤λ¥: CSV νμΌμ„ μ°Ύμ„ μ μ—†μµλ‹λ‹¤.
INFO:__main__:π”„ μ§„ν–‰λ¥ : 84/200
INFO:__main__:  μ „λµ: volatility_filtered_breakout, μ‹¬λ³Ό: TLT
INFO:__main__:π”¬ volatility_filtered_breakout μ „λµ μµμ ν™” μ‹μ‘
ERROR:__main__:  β μ¤λ¥: CSV νμΌμ„ μ°Ύμ„ μ μ—†μµλ‹λ‹¤.
INFO:__main__:π”„ μ§„ν–‰λ¥ : 85/200
INFO:__main__:  μ „λµ: volatility_filtered_breakout, μ‹¬λ³Ό: GLD
INFO:__main__:π”¬ volatility_filtered_breakout μ „λµ μµμ ν™” μ‹μ‘
ERROR:__main__:  β μ¤λ¥: CSV νμΌμ„ μ°Ύμ„ μ μ—†μµλ‹λ‹¤.
INFO:__main__:π”„ μ§„ν–‰λ¥ : 86/200
INFO:__main__:  μ „λµ: volatility_filtered_breakout, μ‹¬λ³Ό: QQQ
INFO:__main__:π”¬ volatility_filtered_breakout μ „λµ μµμ ν™” μ‹μ‘
ERROR:__main__:  β μ¤λ¥: CSV νμΌμ„ μ°Ύμ„ μ μ—†μµλ‹λ‹¤.
INFO:__main__:π”„ μ§„ν–‰λ¥ : 87/200
INFO:__main__:  μ „λµ: volatility_filtered_breakout, μ‹¬λ³Ό: DBMF
INFO:__main__:π”¬ volatility_filtered_breakout μ „λµ μµμ ν™” μ‹μ‘
ERROR:__main__:  β μ¤λ¥: CSV νμΌμ„ μ°Ύμ„ μ μ—†μµλ‹λ‹¤.
INFO:__main__:π”„ μ§„ν–‰λ¥ : 88/200
INFO:__main__:  μ „λµ: volatility_filtered_breakout, μ‹¬λ³Ό: SHY
INFO:__main__:π”¬ volatility_filtered_breakout μ „λµ μµμ ν™” μ‹μ‘
ERROR:__main__:  β μ¤λ¥: CSV νμΌμ„ μ°Ύμ„ μ μ—†μµλ‹λ‹¤.
INFO:__main__:π”„ μ§„ν–‰λ¥ : 89/200
INFO:__main__:  μ „λµ: multi_timeframe_whipsaw, μ‹¬λ³Ό: AAPL
INFO:__main__:π”¬ multi_timeframe_whipsaw μ „λµ μµμ ν™” μ‹μ‘
ERROR:__main__:  β μ¤λ¥: CSV νμΌμ„ μ°Ύμ„ μ μ—†μµλ‹λ‹¤.
INFO:__main__:π”„ μ§„ν–‰λ¥ : 90/200
INFO:__main__:  μ „λµ: multi_timeframe_whipsaw, μ‹¬λ³Ό: MSFT
INFO:__main__:π”¬ multi_timeframe_whipsaw μ „λµ μµμ ν™” μ‹μ‘
ERROR:__main__:  β μ¤λ¥: CSV νμΌμ„ μ°Ύμ„ μ μ—†μµλ‹λ‹¤.
INFO:__main__:π”„ μ§„ν–‰λ¥ : 91/200
INFO:__main__:  μ „λµ: multi_timeframe_whipsaw, μ‹¬λ³Ό: SPY
INFO:__main__:π”¬ multi_timeframe_whipsaw μ „λµ μµμ ν™” μ‹μ‘
ERROR:__main__:  β μ¤λ¥: CSV νμΌμ„ μ°Ύμ„ μ μ—†μµλ‹λ‹¤.
INFO:__main__:π”„ μ§„ν–‰λ¥ : 92/200
INFO:__main__:  μ „λµ: multi_timeframe_whipsaw, μ‹¬λ³Ό: TLT
INFO:__main__:π”¬ multi_timeframe_whipsaw μ „λµ μµμ ν™” μ‹μ‘
ERROR:__main__:  β μ¤λ¥: CSV νμΌμ„ μ°Ύμ„ μ μ—†μµλ‹λ‹¤.
INFO:__main__:π”„ μ§„ν–‰λ¥ : 93/200
INFO:__main__:  μ „λµ: multi_timeframe_whipsaw, μ‹¬λ³Ό: GLD
INFO:__main__:π”¬ multi_timeframe_whipsaw μ „λµ μµμ ν™” μ‹μ‘
ERROR:__main__:  β μ¤λ¥: CSV νμΌμ„ μ°Ύμ„ μ μ—†μµλ‹λ‹¤.
INFO:__main__:π”„ μ§„ν–‰λ¥ : 94/200
INFO:__main__:  μ „λµ: multi_timeframe_whipsaw, μ‹¬λ³Ό: QQQ
INFO:__main__:π”¬ multi_timeframe_whipsaw μ „λµ μµμ ν™” μ‹μ‘
ERROR:__main__:  β μ¤λ¥: CSV νμΌμ„ μ°Ύμ„ μ μ—†μµλ‹λ‹¤.
INFO:__main__:π”„ μ§„ν–‰λ¥ : 95/200
INFO:__main__:  μ „λµ: multi_timeframe_whipsaw, μ‹¬λ³Ό: DBMF
INFO:__main__:π”¬ multi_timeframe_whipsaw μ „λµ μµμ ν™” μ‹μ‘
ERROR:__main__:  β μ¤λ¥: CSV νμΌμ„ μ°Ύμ„ μ μ—†μµλ‹λ‹¤.
INFO:__main__:π”„ μ§„ν–‰λ¥ : 96/200
INFO:__main__:  μ „λµ: multi_timeframe_whipsaw, μ‹¬λ³Ό: SHY
INFO:__main__:π”¬ multi_timeframe_whipsaw μ „λµ μµμ ν™” μ‹μ‘
ERROR:__main__:  β μ¤λ¥: CSV νμΌμ„ μ°Ύμ„ μ μ—†μµλ‹λ‹¤.
INFO:__main__:π”„ μ§„ν–‰λ¥ : 97/200
INFO:__main__:  μ „λµ: adaptive_whipsaw, μ‹¬λ³Ό: AAPL
INFO:__main__:π”¬ adaptive_whipsaw μ „λµ μµμ ν™” μ‹μ‘
ERROR:__main__:  β μ¤λ¥: CSV νμΌμ„ μ°Ύμ„ μ μ—†μµλ‹λ‹¤.
INFO:__main__:π”„ μ§„ν–‰λ¥ : 98/200
INFO:__main__:  μ „λµ: adaptive_whipsaw, μ‹¬λ³Ό: MSFT
INFO:__main__:π”¬ adaptive_whipsaw μ „λµ μµμ ν™” μ‹μ‘
ERROR:__main__:  β μ¤λ¥: CSV νμΌμ„ μ°Ύμ„ μ μ—†μµλ‹λ‹¤.
INFO:__main__:π”„ μ§„ν–‰λ¥ : 99/200
INFO:__main__:  μ „λµ: adaptive_whipsaw, μ‹¬λ³Ό: SPY
INFO:__main__:π”¬ adaptive_whipsaw μ „λµ μµμ ν™” μ‹μ‘
ERROR:__main__:  β μ¤λ¥: CSV νμΌμ„ μ°Ύμ„ μ μ—†μµλ‹λ‹¤.
INFO:__main__:π”„ μ§„ν–‰λ¥ : 100/200
INFO:__main__:  μ „λµ: adaptive_whipsaw, μ‹¬λ³Ό: TLT
INFO:__main__:π”¬ adaptive_whipsaw μ „λµ μµμ ν™” μ‹μ‘
ERROR:__main__:  β μ¤λ¥: CSV νμΌμ„ μ°Ύμ„ μ μ—†μµλ‹λ‹¤.
INFO:__main__:π”„ μ§„ν–‰λ¥ : 101/200
INFO:__main__:  μ „λµ: adaptive_whipsaw, μ‹¬λ³Ό: GLD
INFO:__main__:π”¬ adaptive_whipsaw μ „λµ μµμ ν™” μ‹μ‘
ERROR:__main__:  β μ¤λ¥: CSV νμΌμ„ μ°Ύμ„ μ μ—†μµλ‹λ‹¤.
INFO:__main__:π”„ μ§„ν–‰λ¥ : 102/200
INFO:__main__:  μ „λµ: adaptive_whipsaw, μ‹¬λ³Ό: QQQ
INFO:__main__:π”¬ adaptive_whipsaw μ „λµ μµμ ν™” μ‹μ‘
ERROR:__main__:  β μ¤λ¥: CSV νμΌμ„ μ°Ύμ„ μ μ—†μµλ‹λ‹¤.
INFO:__main__:π”„ μ§„ν–‰λ¥ : 103/200
INFO:__main__:  μ „λµ: adaptive_whipsaw, μ‹¬λ³Ό: DBMF
INFO:__main__:π”¬ adaptive_whipsaw μ „λµ μµμ ν™” μ‹μ‘
ERROR:__main__:  β μ¤λ¥: CSV νμΌμ„ μ°Ύμ„ μ μ—†μµλ‹λ‹¤.
INFO:__main__:π”„ μ§„ν–‰λ¥ : 104/200
INFO:__main__:  μ „λµ: adaptive_whipsaw, μ‹¬λ³Ό: SHY
INFO:__main__:π”¬ adaptive_whipsaw μ „λµ μµμ ν™” μ‹μ‘
ERROR:__main__:  β μ¤λ¥: CSV νμΌμ„ μ°Ύμ„ μ μ—†μµλ‹λ‹¤.
INFO:__main__:π”„ μ§„ν–‰λ¥ : 105/200
INFO:__main__:  μ „λµ: cci_bollinger, μ‹¬λ³Ό: AAPL
INFO:__main__:π”¬ cci_bollinger μ „λµ μµμ ν™” μ‹μ‘
ERROR:__main__:  β μ¤λ¥: CSV νμΌμ„ μ°Ύμ„ μ μ—†μµλ‹λ‹¤.
INFO:__main__:π”„ μ§„ν–‰λ¥ : 106/200
INFO:__main__:  μ „λµ: cci_bollinger, μ‹¬λ³Ό: MSFT
INFO:__main__:π”¬ cci_bollinger μ „λµ μµμ ν™” μ‹μ‘
ERROR:__main__:  β μ¤λ¥: CSV νμΌμ„ μ°Ύμ„ μ μ—†μµλ‹λ‹¤.
INFO:__main__:π”„ μ§„ν–‰λ¥ : 107/200
INFO:__main__:  μ „λµ: cci_bollinger, μ‹¬λ³Ό: SPY
INFO:__main__:π”¬ cci_bollinger μ „λµ μµμ ν™” μ‹μ‘
ERROR:__main__:  β μ¤λ¥: CSV νμΌμ„ μ°Ύμ„ μ μ—†μµλ‹λ‹¤.
INFO:__main__:π”„ μ§„ν–‰λ¥ : 108/200
INFO:__main__:  μ „λµ: cci_bollinger, μ‹¬λ³Ό: TLT
INFO:__main__:π”¬ cci_bollinger μ „λµ μµμ ν™” μ‹μ‘
ERROR:__main__:  β μ¤λ¥: CSV νμΌμ„ μ°Ύμ„ μ μ—†μµλ‹λ‹¤.
INFO:__main__:π”„ μ§„ν–‰λ¥ : 109/200
INFO:__main__:  μ „λµ: cci_bollinger, μ‹¬λ³Ό: GLD
INFO:__main__:π”¬ cci_bollinger μ „λµ μµμ ν™” μ‹μ‘
ERROR:__main__:  β μ¤λ¥: CSV νμΌμ„ μ°Ύμ„ μ μ—†μµλ‹λ‹¤.
INFO:__main__:π”„ μ§„ν–‰λ¥ : 110/200
INFO:__main__:  μ „λµ: cci_bollinger, μ‹¬λ³Ό: QQQ
INFO:__main__:π”¬ cci_bollinger μ „λµ μµμ ν™” μ‹μ‘
ERROR:__main__:  β μ¤λ¥: CSV νμΌμ„ μ°Ύμ„ μ μ—†μµλ‹λ‹¤.
INFO:__main__:π”„ μ§„ν–‰λ¥ : 111/200
INFO:__main__:  μ „λµ: cci_bollinger, μ‹¬λ³Ό: DBMF
INFO:__main__:π”¬ cci_bollinger μ „λµ μµμ ν™” μ‹μ‘
ERROR:__main__:  β μ¤λ¥: CSV νμΌμ„ μ°Ύμ„ μ μ—†μµλ‹λ‹¤.
INFO:__main__:π”„ μ§„ν–‰λ¥ : 112/200
INFO:__main__:  μ „λµ: cci_bollinger, μ‹¬λ³Ό: SHY
INFO:__main__:π”¬ cci_bollinger μ „λµ μµμ ν™” μ‹μ‘
ERROR:__main__:  β μ¤λ¥: CSV νμΌμ„ μ°Ύμ„ μ μ—†μµλ‹λ‹¤.
INFO:__main__:π”„ μ§„ν–‰λ¥ : 113/200
INFO:__main__:  μ „λµ: stoch_donchian, μ‹¬λ³Ό: AAPL
INFO:__main__:π”¬ stoch_donchian μ „λµ μµμ ν™” μ‹μ‘
ERROR:__main__:  β μ¤λ¥: CSV νμΌμ„ μ°Ύμ„ μ μ—†μµλ‹λ‹¤.
INFO:__main__:π”„ μ§„ν–‰λ¥ : 114/200
INFO:__main__:  μ „λµ: stoch_donchian, μ‹¬λ³Ό: MSFT
INFO:__main__:π”¬ stoch_donchian μ „λµ μµμ ν™” μ‹μ‘
ERROR:__main__:  β μ¤λ¥: CSV νμΌμ„ μ°Ύμ„ μ μ—†μµλ‹λ‹¤.
INFO:__main__:π”„ μ§„ν–‰λ¥ : 115/200
INFO:__main__:  μ „λµ: stoch_donchian, μ‹¬λ³Ό: SPY
INFO:__main__:π”¬ stoch_donchian μ „λµ μµμ ν™” μ‹μ‘
ERROR:__main__:  β μ¤λ¥: CSV νμΌμ„ μ°Ύμ„ μ μ—†μµλ‹λ‹¤.
INFO:__main__:π”„ μ§„ν–‰λ¥ : 116/200
INFO:__main__:  μ „λµ: stoch_donchian, μ‹¬λ³Ό: TLT
INFO:__main__:π”¬ stoch_donchian μ „λµ μµμ ν™” μ‹μ‘
ERROR:__main__:  β μ¤λ¥: CSV νμΌμ„ μ°Ύμ„ μ μ—†μµλ‹λ‹¤.
INFO:__main__:π”„ μ§„ν–‰λ¥ : 117/200
INFO:__main__:  μ „λµ: stoch_donchian, μ‹¬λ³Ό: GLD
INFO:__main__:π”¬ stoch_donchian μ „λµ μµμ ν™” μ‹μ‘
ERROR:__main__:  β μ¤λ¥: CSV νμΌμ„ μ°Ύμ„ μ μ—†μµλ‹λ‹¤.
INFO:__main__:π”„ μ§„ν–‰λ¥ : 118/200
INFO:__main__:  μ „λµ: stoch_donchian, μ‹¬λ³Ό: QQQ
INFO:__main__:π”¬ stoch_donchian μ „λµ μµμ ν™” μ‹μ‘
ERROR:__main__:  β μ¤λ¥: CSV νμΌμ„ μ°Ύμ„ μ μ—†μµλ‹λ‹¤.
INFO:__main__:π”„ μ§„ν–‰λ¥ : 119/200
INFO:__main__:  μ „λµ: stoch_donchian, μ‹¬λ³Ό: DBMF
INFO:__main__:π”¬ stoch_donchian μ „λµ μµμ ν™” μ‹μ‘
ERROR:__main__:  β μ¤λ¥: CSV νμΌμ„ μ°Ύμ„ μ μ—†μµλ‹λ‹¤.
INFO:__main__:π”„ μ§„ν–‰λ¥ : 120/200
INFO:__main__:  μ „λµ: stoch_donchian, μ‹¬λ³Ό: SHY
INFO:__main__:π”¬ stoch_donchian μ „λµ μµμ ν™” μ‹μ‘
ERROR:__main__:  β μ¤λ¥: CSV νμΌμ„ μ°Ύμ„ μ μ—†μµλ‹λ‹¤.
INFO:__main__:π”„ μ§„ν–‰λ¥ : 121/200
INFO:__main__:  μ „λµ: vwap_macd_scalping, μ‹¬λ³Ό: AAPL
INFO:__main__:π”¬ vwap_macd_scalping μ „λµ μµμ ν™” μ‹μ‘
ERROR:__main__:  β μ¤λ¥: CSV νμΌμ„ μ°Ύμ„ μ μ—†μµλ‹λ‹¤.
INFO:__main__:π”„ μ§„ν–‰λ¥ : 122/200
INFO:__main__:  μ „λµ: vwap_macd_scalping, μ‹¬λ³Ό: MSFT
INFO:__main__:π”¬ vwap_macd_scalping μ „λµ μµμ ν™” μ‹μ‘
ERROR:__main__:  β μ¤λ¥: CSV νμΌμ„ μ°Ύμ„ μ μ—†μµλ‹λ‹¤.
INFO:__main__:π”„ μ§„ν–‰λ¥ : 123/200
INFO:__main__:  μ „λµ: vwap_macd_scalping, μ‹¬λ³Ό: SPY
INFO:__main__:π”¬ vwap_macd_scalping μ „λµ μµμ ν™” μ‹μ‘
ERROR:__main__:  β μ¤λ¥: CSV νμΌμ„ μ°Ύμ„ μ μ—†μµλ‹λ‹¤.
INFO:__main__:π”„ μ§„ν–‰λ¥ : 124/200
INFO:__main__:  μ „λµ: vwap_macd_scalping, μ‹¬λ³Ό: TLT
INFO:__main__:π”¬ vwap_macd_scalping μ „λµ μµμ ν™” μ‹μ‘
ERROR:__main__:  β μ¤λ¥: CSV νμΌμ„ μ°Ύμ„ μ μ—†μµλ‹λ‹¤.
INFO:__main__:π”„ μ§„ν–‰λ¥ : 125/200
INFO:__main__:  μ „λµ: vwap_macd_scalping, μ‹¬λ³Ό: GLD
INFO:__main__:π”¬ vwap_macd_scalping μ „λµ μµμ ν™” μ‹μ‘
ERROR:__main__:  β μ¤λ¥: CSV νμΌμ„ μ°Ύμ„ μ μ—†μµλ‹λ‹¤.
INFO:__main__:π”„ μ§„ν–‰λ¥ : 126/200
INFO:__main__:  μ „λµ: vwap_macd_scalping, μ‹¬λ³Ό: QQQ
INFO:__main__:π”¬ vwap_macd_scalping μ „λµ μµμ ν™” μ‹μ‘
ERROR:__main__:  β μ¤λ¥: CSV νμΌμ„ μ°Ύμ„ μ μ—†μµλ‹λ‹¤.
INFO:__main__:π”„ μ§„ν–‰λ¥ : 127/200
INFO:__main__:  μ „λµ: vwap_macd_scalping, μ‹¬λ³Ό: DBMF
INFO:__main__:π”¬ vwap_macd_scalping μ „λµ μµμ ν™” μ‹μ‘
ERROR:__main__:  β μ¤λ¥: CSV νμΌμ„ μ°Ύμ„ μ μ—†μµλ‹λ‹¤.
INFO:__main__:π”„ μ§„ν–‰λ¥ : 128/200
INFO:__main__:  μ „λµ: vwap_macd_scalping, μ‹¬λ³Ό: SHY
INFO:__main__:π”¬ vwap_macd_scalping μ „λµ μµμ ν™” μ‹μ‘
ERROR:__main__:  β μ¤λ¥: CSV νμΌμ„ μ°Ύμ„ μ μ—†μµλ‹λ‹¤.
INFO:__main__:π”„ μ§„ν–‰λ¥ : 129/200
INFO:__main__:  μ „λµ: keltner_rsi_scalping, μ‹¬λ³Ό: AAPL
INFO:__main__:π”¬ keltner_rsi_scalping μ „λµ μµμ ν™” μ‹μ‘
ERROR:__main__:  β μ¤λ¥: CSV νμΌμ„ μ°Ύμ„ μ μ—†μµλ‹λ‹¤.
INFO:__main__:π”„ μ§„ν–‰λ¥ : 130/200
INFO:__main__:  μ „λµ: keltner_rsi_scalping, μ‹¬λ³Ό: MSFT
INFO:__main__:π”¬ keltner_rsi_scalping μ „λµ μµμ ν™” μ‹μ‘
ERROR:__main__:  β μ¤λ¥: CSV νμΌμ„ μ°Ύμ„ μ μ—†μµλ‹λ‹¤.
INFO:__main__:π”„ μ§„ν–‰λ¥ : 131/200
INFO:__main__:  μ „λµ: keltner_rsi_scalping, μ‹¬λ³Ό: SPY
INFO:__main__:π”¬ keltner_rsi_scalping μ „λµ μµμ ν™” μ‹μ‘
ERROR:__main__:  β μ¤λ¥: CSV νμΌμ„ μ°Ύμ„ μ μ—†μµλ‹λ‹¤.
INFO:__main__:π”„ μ§„ν–‰λ¥ : 132/200
INFO:__main__:  μ „λµ: keltner_rsi_scalping, μ‹¬λ³Ό: TLT
INFO:__main__:π”¬ keltner_rsi_scalping μ „λµ μµμ ν™” μ‹μ‘
ERROR:__main__:  β μ¤λ¥: CSV νμΌμ„ μ°Ύμ„ μ μ—†μµλ‹λ‹¤.
INFO:__main__:π”„ μ§„ν–‰λ¥ : 133/200
INFO:__main__:  μ „λµ: keltner_rsi_scalping, μ‹¬λ³Ό: GLD
INFO:__main__:π”¬ keltner_rsi_scalping μ „λµ μµμ ν™” μ‹μ‘
ERROR:__main__:  β μ¤λ¥: CSV νμΌμ„ μ°Ύμ„ μ μ—†μµλ‹λ‹¤.
INFO:__main__:π”„ μ§„ν–‰λ¥ : 134/200
INFO:__main__:  μ „λµ: keltner_rsi_scalping, μ‹¬λ³Ό: QQQ
INFO:__main__:π”¬ keltner_rsi_scalping μ „λµ μµμ ν™” μ‹μ‘
ERROR:__main__:  β μ¤λ¥: CSV νμΌμ„ μ°Ύμ„ μ μ—†μµλ‹λ‹¤.
INFO:__main__:π”„ μ§„ν–‰λ¥ : 135/200
INFO:__main__:  μ „λµ: keltner_rsi_scalping, μ‹¬λ³Ό: DBMF
INFO:__main__:π”¬ keltner_rsi_scalping μ „λµ μµμ ν™” μ‹μ‘
ERROR:__main__:  β μ¤λ¥: CSV νμΌμ„ μ°Ύμ„ μ μ—†μµλ‹λ‹¤.
INFO:__main__:π”„ μ§„ν–‰λ¥ : 136/200
INFO:__main__:  μ „λµ: keltner_rsi_scalping, μ‹¬λ³Ό: SHY
INFO:__main__:π”¬ keltner_rsi_scalping μ „λµ μµμ ν™” μ‹μ‘
ERROR:__main__:  β μ¤λ¥: CSV νμΌμ„ μ°Ύμ„ μ μ—†μµλ‹λ‹¤.
INFO:__main__:π”„ μ§„ν–‰λ¥ : 137/200
INFO:__main__:  μ „λµ: absorption_scalping, μ‹¬λ³Ό: AAPL
INFO:__main__:π”¬ absorption_scalping μ „λµ μµμ ν™” μ‹μ‘
ERROR:__main__:  β μ¤λ¥: CSV νμΌμ„ μ°Ύμ„ μ μ—†μµλ‹λ‹¤.
INFO:__main__:π”„ μ§„ν–‰λ¥ : 138/200
INFO:__main__:  μ „λµ: absorption_scalping, μ‹¬λ³Ό: MSFT
INFO:__main__:π”¬ absorption_scalping μ „λµ μµμ ν™” μ‹μ‘
ERROR:__main__:  β μ¤λ¥: CSV νμΌμ„ μ°Ύμ„ μ μ—†μµλ‹λ‹¤.
INFO:__main__:π”„ μ§„ν–‰λ¥ : 139/200
INFO:__main__:  μ „λµ: absorption_scalping, μ‹¬λ³Ό: SPY
INFO:__main__:π”¬ absorption_scalping μ „λµ μµμ ν™” μ‹μ‘
ERROR:__main__:  β μ¤λ¥: CSV νμΌμ„ μ°Ύμ„ μ μ—†μµλ‹λ‹¤.
INFO:__main__:π”„ μ§„ν–‰λ¥ : 140/200
INFO:__main__:  μ „λµ: absorption_scalping, μ‹¬λ³Ό: TLT
INFO:__main__:π”¬ absorption_scalping μ „λµ μµμ ν™” μ‹μ‘
ERROR:__main__:  β μ¤λ¥: CSV νμΌμ„ μ°Ύμ„ μ μ—†μµλ‹λ‹¤.
INFO:__main__:π”„ μ§„ν–‰λ¥ : 141/200
INFO:__main__:  μ „λµ: absorption_scalping, μ‹¬λ³Ό: GLD
INFO:__main__:π”¬ absorption_scalping μ „λµ μµμ ν™” μ‹μ‘
ERROR:__main__:  β μ¤λ¥: CSV νμΌμ„ μ°Ύμ„ μ μ—†μµλ‹λ‹¤.
INFO:__main__:π”„ μ§„ν–‰λ¥ : 142/200
INFO:__main__:  μ „λµ: absorption_scalping, μ‹¬λ³Ό: QQQ
INFO:__main__:π”¬ absorption_scalping μ „λµ μµμ ν™” μ‹μ‘
ERROR:__main__:  β μ¤λ¥: CSV νμΌμ„ μ°Ύμ„ μ μ—†μµλ‹λ‹¤.
INFO:__main__:π”„ μ§„ν–‰λ¥ : 143/200
INFO:__main__:  μ „λµ: absorption_scalping, μ‹¬λ³Ό: DBMF
INFO:__main__:π”¬ absorption_scalping μ „λµ μµμ ν™” μ‹μ‘
ERROR:__main__:  β μ¤λ¥: CSV νμΌμ„ μ°Ύμ„ μ μ—†μµλ‹λ‹¤.
INFO:__main__:π”„ μ§„ν–‰λ¥ : 144/200
INFO:__main__:  μ „λµ: absorption_scalping, μ‹¬λ³Ό: SHY
INFO:__main__:π”¬ absorption_scalping μ „λµ μµμ ν™” μ‹μ‘
ERROR:__main__:  β μ¤λ¥: CSV νμΌμ„ μ°Ύμ„ μ μ—†μµλ‹λ‹¤.
INFO:__main__:π”„ μ§„ν–‰λ¥ : 145/200
INFO:__main__:  μ „λµ: rsi_bollinger_scalping, μ‹¬λ³Ό: AAPL
INFO:__main__:π”¬ rsi_bollinger_scalping μ „λµ μµμ ν™” μ‹μ‘
ERROR:__main__:  β μ¤λ¥: CSV νμΌμ„ μ°Ύμ„ μ μ—†μµλ‹λ‹¤.
INFO:__main__:π”„ μ§„ν–‰λ¥ : 146/200
INFO:__main__:  μ „λµ: rsi_bollinger_scalping, μ‹¬λ³Ό: MSFT
INFO:__main__:π”¬ rsi_bollinger_scalping μ „λµ μµμ ν™” μ‹μ‘
ERROR:__main__:  β μ¤λ¥: CSV νμΌμ„ μ°Ύμ„ μ μ—†μµλ‹λ‹¤.
INFO:__main__:π”„ μ§„ν–‰λ¥ : 147/200
INFO:__main__:  μ „λµ: rsi_bollinger_scalping, μ‹¬λ³Ό: SPY
INFO:__main__:π”¬ rsi_bollinger_scalping μ „λµ μµμ ν™” μ‹μ‘
ERROR:__main__:  β μ¤λ¥: CSV νμΌμ„ μ°Ύμ„ μ μ—†μµλ‹λ‹¤.
INFO:__main__:π”„ μ§„ν–‰λ¥ : 148/200
INFO:__main__:  μ „λµ: rsi_bollinger_scalping, μ‹¬λ³Ό: TLT
INFO:__main__:π”¬ rsi_bollinger_scalping μ „λµ μµμ ν™” μ‹μ‘
ERROR:__main__:  β μ¤λ¥: CSV νμΌμ„ μ°Ύμ„ μ μ—†μµλ‹λ‹¤.
INFO:__main__:π”„ μ§„ν–‰λ¥ : 149/200
INFO:__main__:  μ „λµ: rsi_bollinger_scalping, μ‹¬λ³Ό: GLD
INFO:__main__:π”¬ rsi_bollinger_scalping μ „λµ μµμ ν™” μ‹μ‘
ERROR:__main__:  β μ¤λ¥: CSV νμΌμ„ μ°Ύμ„ μ μ—†μµλ‹λ‹¤.
INFO:__main__:π”„ μ§„ν–‰λ¥ : 150/200
INFO:__main__:  μ „λµ: rsi_bollinger_scalping, μ‹¬λ³Ό: QQQ
INFO:__main__:π”¬ rsi_bollinger_scalping μ „λµ μµμ ν™” μ‹μ‘
ERROR:__main__:  β μ¤λ¥: CSV νμΌμ„ μ°Ύμ„ μ μ—†μµλ‹λ‹¤.
INFO:__main__:π”„ μ§„ν–‰λ¥ : 151/200
INFO:__main__:  μ „λµ: rsi_bollinger_scalping, μ‹¬λ³Ό: DBMF
INFO:__main__:π”¬ rsi_bollinger_scalping μ „λµ μµμ ν™” μ‹μ‘
ERROR:__main__:  β μ¤λ¥: CSV νμΌμ„ μ°Ύμ„ μ μ—†μµλ‹λ‹¤.
INFO:__main__:π”„ μ§„ν–‰λ¥ : 152/200
INFO:__main__:  μ „λµ: rsi_bollinger_scalping, μ‹¬λ³Ό: SHY
INFO:__main__:π”¬ rsi_bollinger_scalping μ „λµ μµμ ν™” μ‹μ‘
ERROR:__main__:  β μ¤λ¥: CSV νμΌμ„ μ°Ύμ„ μ μ—†μµλ‹λ‹¤.
INFO:__main__:π”„ μ§„ν–‰λ¥ : 153/200
INFO:__main__:  μ „λµ: buy_hold, μ‹¬λ³Ό: AAPL
INFO:__main__:π”¬ buy_hold μ „λµ μµμ ν™” μ‹μ‘
ERROR:__main__:  β μ¤λ¥: CSV νμΌμ„ μ°Ύμ„ μ μ—†μµλ‹λ‹¤.
INFO:__main__:π”„ μ§„ν–‰λ¥ : 154/200
INFO:__main__:  μ „λµ: buy_hold, μ‹¬λ³Ό: MSFT
INFO:__main__:π”¬ buy_hold μ „λµ μµμ ν™” μ‹μ‘
ERROR:__main__:  β μ¤λ¥: CSV νμΌμ„ μ°Ύμ„ μ μ—†μµλ‹λ‹¤.
INFO:__main__:π”„ μ§„ν–‰λ¥ : 155/200
INFO:__main__:  μ „λµ: buy_hold, μ‹¬λ³Ό: SPY
INFO:__main__:π”¬ buy_hold μ „λµ μµμ ν™” μ‹μ‘
ERROR:__main__:  β μ¤λ¥: CSV νμΌμ„ μ°Ύμ„ μ μ—†μµλ‹λ‹¤.
INFO:__main__:π”„ μ§„ν–‰λ¥ : 156/200
INFO:__main__:  μ „λµ: buy_hold, μ‹¬λ³Ό: TLT
INFO:__main__:π”¬ buy_hold μ „λµ μµμ ν™” μ‹μ‘
ERROR:__main__:  β μ¤λ¥: CSV νμΌμ„ μ°Ύμ„ μ μ—†μµλ‹λ‹¤.
INFO:__main__:π”„ μ§„ν–‰λ¥ : 157/200
INFO:__main__:  μ „λµ: buy_hold, μ‹¬λ³Ό: GLD
INFO:__main__:π”¬ buy_hold μ „λµ μµμ ν™” μ‹μ‘
ERROR:__main__:  β μ¤λ¥: CSV νμΌμ„ μ°Ύμ„ μ μ—†μµλ‹λ‹¤.
INFO:__main__:π”„ μ§„ν–‰λ¥ : 158/200
INFO:__main__:  μ „λµ: buy_hold, μ‹¬λ³Ό: QQQ
INFO:__main__:π”¬ buy_hold μ „λµ μµμ ν™” μ‹μ‘
ERROR:__main__:  β μ¤λ¥: CSV νμΌμ„ μ°Ύμ„ μ μ—†μµλ‹λ‹¤.
INFO:__main__:π”„ μ§„ν–‰λ¥ : 159/200
INFO:__main__:  μ „λµ: buy_hold, μ‹¬λ³Ό: DBMF
INFO:__main__:π”¬ buy_hold μ „λµ μµμ ν™” μ‹μ‘
ERROR:__main__:  β μ¤λ¥: CSV νμΌμ„ μ°Ύμ„ μ μ—†μµλ‹λ‹¤.
INFO:__main__:π”„ μ§„ν–‰λ¥ : 160/200
INFO:__main__:  μ „λµ: buy_hold, μ‹¬λ³Ό: SHY
INFO:__main__:π”¬ buy_hold μ „λµ μµμ ν™” μ‹μ‘
ERROR:__main__:  β μ¤λ¥: CSV νμΌμ„ μ°Ύμ„ μ μ—†μµλ‹λ‹¤.
INFO:__main__:π”„ μ§„ν–‰λ¥ : 161/200
INFO:__main__:  μ „λµ: fixed_weight_rebalance, μ‹¬λ³Ό: AAPL
INFO:__main__:π”¬ fixed_weight_rebalance μ „λµ μµμ ν™” μ‹μ‘
ERROR:__main__:  β μ¤λ¥: CSV νμΌμ„ μ°Ύμ„ μ μ—†μµλ‹λ‹¤.
INFO:__main__:π”„ μ§„ν–‰λ¥ : 162/200
INFO:__main__:  μ „λµ: fixed_weight_rebalance, μ‹¬λ³Ό: MSFT
INFO:__main__:π”¬ fixed_weight_rebalance μ „λµ μµμ ν™” μ‹μ‘
ERROR:__main__:  β μ¤λ¥: CSV νμΌμ„ μ°Ύμ„ μ μ—†μµλ‹λ‹¤.
INFO:__main__:π”„ μ§„ν–‰λ¥ : 163/200
INFO:__main__:  μ „λµ: fixed_weight_rebalance, μ‹¬λ³Ό: SPY
INFO:__main__:π”¬ fixed_weight_rebalance μ „λµ μµμ ν™” μ‹μ‘
ERROR:__main__:  β μ¤λ¥: CSV νμΌμ„ μ°Ύμ„ μ μ—†μµλ‹λ‹¤.
INFO:__main__:π”„ μ§„ν–‰λ¥ : 164/200
INFO:__main__:  μ „λµ: fixed_weight_rebalance, μ‹¬λ³Ό: TLT
INFO:__main__:π”¬ fixed_weight_rebalance μ „λµ μµμ ν™” μ‹μ‘
ERROR:__main__:  β μ¤λ¥: CSV νμΌμ„ μ°Ύμ„ μ μ—†μµλ‹λ‹¤.
INFO:__main__:π”„ μ§„ν–‰λ¥ : 165/200
INFO:__main__:  μ „λµ: fixed_weight_rebalance, μ‹¬λ³Ό: GLD
INFO:__main__:π”¬ fixed_weight_rebalance μ „λµ μµμ ν™” μ‹μ‘
ERROR:__main__:  β μ¤λ¥: CSV νμΌμ„ μ°Ύμ„ μ μ—†μµλ‹λ‹¤.
INFO:__main__:π”„ μ§„ν–‰λ¥ : 166/200
INFO:__main__:  μ „λµ: fixed_weight_rebalance, μ‹¬λ³Ό: QQQ
INFO:__main__:π”¬ fixed_weight_rebalance μ „λµ μµμ ν™” μ‹μ‘
ERROR:__main__:  β μ¤λ¥: CSV νμΌμ„ μ°Ύμ„ μ μ—†μµλ‹λ‹¤.
INFO:__main__:π”„ μ§„ν–‰λ¥ : 167/200
INFO:__main__:  μ „λµ: fixed_weight_rebalance, μ‹¬λ³Ό: DBMF
INFO:__main__:π”¬ fixed_weight_rebalance μ „λµ μµμ ν™” μ‹μ‘
ERROR:__main__:  β μ¤λ¥: CSV νμΌμ„ μ°Ύμ„ μ μ—†μµλ‹λ‹¤.
INFO:__main__:π”„ μ§„ν–‰λ¥ : 168/200
INFO:__main__:  μ „λµ: fixed_weight_rebalance, μ‹¬λ³Ό: SHY
INFO:__main__:π”¬ fixed_weight_rebalance μ „λµ μµμ ν™” μ‹μ‘
ERROR:__main__:  β μ¤λ¥: CSV νμΌμ„ μ°Ύμ„ μ μ—†μµλ‹λ‹¤.
INFO:__main__:π”„ μ§„ν–‰λ¥ : 169/200
INFO:__main__:  μ „λµ: etf_momentum_rotation, μ‹¬λ³Ό: AAPL
INFO:__main__:π”¬ etf_momentum_rotation μ „λµ μµμ ν™” μ‹μ‘
ERROR:__main__:  β μ¤λ¥: CSV νμΌμ„ μ°Ύμ„ μ μ—†μµλ‹λ‹¤.
INFO:__main__:π”„ μ§„ν–‰λ¥ : 170/200
INFO:__main__:  μ „λµ: etf_momentum_rotation, μ‹¬λ³Ό: MSFT
INFO:__main__:π”¬ etf_momentum_rotation μ „λµ μµμ ν™” μ‹μ‘
ERROR:__main__:  β μ¤λ¥: CSV νμΌμ„ μ°Ύμ„ μ μ—†μµλ‹λ‹¤.
INFO:__main__:π”„ μ§„ν–‰λ¥ : 171/200
INFO:__main__:  μ „λµ: etf_momentum_rotation, μ‹¬λ³Ό: SPY
INFO:__main__:π”¬ etf_momentum_rotation μ „λµ μµμ ν™” μ‹μ‘
ERROR:__main__:  β μ¤λ¥: CSV νμΌμ„ μ°Ύμ„ μ μ—†μµλ‹λ‹¤.
INFO:__main__:π”„ μ§„ν–‰λ¥ : 172/200
INFO:__main__:  μ „λµ: etf_momentum_rotation, μ‹¬λ³Ό: TLT
INFO:__main__:π”¬ etf_momentum_rotation μ „λµ μµμ ν™” μ‹μ‘
ERROR:__main__:  β μ¤λ¥: CSV νμΌμ„ μ°Ύμ„ μ μ—†μµλ‹λ‹¤.
INFO:__main__:π”„ μ§„ν–‰λ¥ : 173/200
INFO:__main__:  μ „λµ: etf_momentum_rotation, μ‹¬λ³Ό: GLD
INFO:__main__:π”¬ etf_momentum_rotation μ „λµ μµμ ν™” μ‹μ‘
ERROR:__main__:  β μ¤λ¥: CSV νμΌμ„ μ°Ύμ„ μ μ—†μµλ‹λ‹¤.
INFO:__main__:π”„ μ§„ν–‰λ¥ : 174/200
INFO:__main__:  μ „λµ: etf_momentum_rotation, μ‹¬λ³Ό: QQQ
INFO:__main__:π”¬ etf_momentum_rotation μ „λµ μµμ ν™” μ‹μ‘
ERROR:__main__:  β μ¤λ¥: CSV νμΌμ„ μ°Ύμ„ μ μ—†μµλ‹λ‹¤.
INFO:__main__:π”„ μ§„ν–‰λ¥ : 175/200
INFO:__main__:  μ „λµ: etf_momentum_rotation, μ‹¬λ³Ό: DBMF
INFO:__main__:π”¬ etf_momentum_rotation μ „λµ μµμ ν™” μ‹μ‘
ERROR:__main__:  β μ¤λ¥: CSV νμΌμ„ μ°Ύμ„ μ μ—†μµλ‹λ‹¤.
INFO:__main__:π”„ μ§„ν–‰λ¥ : 176/200
INFO:__main__:  μ „λµ: etf_momentum_rotation, μ‹¬λ³Ό: SHY
INFO:__main__:π”¬ etf_momentum_rotation μ „λµ μµμ ν™” μ‹μ‘
ERROR:__main__:  β μ¤λ¥: CSV νμΌμ„ μ°Ύμ„ μ μ—†μµλ‹λ‹¤.
INFO:__main__:π”„ μ§„ν–‰λ¥ : 177/200
INFO:__main__:  μ „λµ: trend_following_ma20, μ‹¬λ³Ό: AAPL
INFO:__main__:π”¬ trend_following_ma20 μ „λµ μµμ ν™” μ‹μ‘
ERROR:__main__:  β μ¤λ¥: CSV νμΌμ„ μ°Ύμ„ μ μ—†μµλ‹λ‹¤.
INFO:__main__:π”„ μ§„ν–‰λ¥ : 178/200
INFO:__main__:  μ „λµ: trend_following_ma20, μ‹¬λ³Ό: MSFT
INFO:__main__:π”¬ trend_following_ma20 μ „λµ μµμ ν™” μ‹μ‘
ERROR:__main__:  β μ¤λ¥: CSV νμΌμ„ μ°Ύμ„ μ μ—†μµλ‹λ‹¤.
INFO:__main__:π”„ μ§„ν–‰λ¥ : 179/200
INFO:__main__:  μ „λµ: trend_following_ma20, μ‹¬λ³Ό: SPY
INFO:__main__:π”¬ trend_following_ma20 μ „λµ μµμ ν™” μ‹μ‘
ERROR:__main__:  β μ¤λ¥: CSV νμΌμ„ μ°Ύμ„ μ μ—†μµλ‹λ‹¤.
INFO:__main__:π”„ μ§„ν–‰λ¥ : 180/200
INFO:__main__:  μ „λµ: trend_following_ma20, μ‹¬λ³Ό: TLT
INFO:__main__:π”¬ trend_following_ma20 μ „λµ μµμ ν™” μ‹μ‘
ERROR:__main__:  β μ¤λ¥: CSV νμΌμ„ μ°Ύμ„ μ μ—†μµλ‹λ‹¤.
INFO:__main__:π”„ μ§„ν–‰λ¥ : 181/200
INFO:__main__:  μ „λµ: trend_following_ma20, μ‹¬λ³Ό: GLD
INFO:__main__:π”¬ trend_following_ma20 μ „λµ μµμ ν™” μ‹μ‘
ERROR:__main__:  β μ¤λ¥: CSV νμΌμ„ μ°Ύμ„ μ μ—†μµλ‹λ‹¤.
INFO:__main__:π”„ μ§„ν–‰λ¥ : 182/200
INFO:__main__:  μ „λµ: trend_following_ma20, μ‹¬λ³Ό: QQQ
INFO:__main__:π”¬ trend_following_ma20 μ „λµ μµμ ν™” μ‹μ‘
ERROR:__main__:  β μ¤λ¥: CSV νμΌμ„ μ°Ύμ„ μ μ—†μµλ‹λ‹¤.
INFO:__main__:π”„ μ§„ν–‰λ¥ : 183/200
INFO:__main__:  μ „λµ: trend_following_ma20, μ‹¬λ³Ό: DBMF
INFO:__main__:π”¬ trend_following_ma20 μ „λµ μµμ ν™” μ‹μ‘
ERROR:__main__:  β μ¤λ¥: CSV νμΌμ„ μ°Ύμ„ μ μ—†μµλ‹λ‹¤.
INFO:__main__:π”„ μ§„ν–‰λ¥ : 184/200
INFO:__main__:  μ „λµ: trend_following_ma20, μ‹¬λ³Ό: SHY
INFO:__main__:π”¬ trend_following_ma20 μ „λµ μµμ ν™” μ‹μ‘
ERROR:__main__:  β μ¤λ¥: CSV νμΌμ„ μ°Ύμ„ μ μ—†μµλ‹λ‹¤.
INFO:__main__:π”„ μ§„ν–‰λ¥ : 185/200
INFO:__main__:  μ „λµ: return_stacking, μ‹¬λ³Ό: AAPL
INFO:__main__:π”¬ return_stacking μ „λµ μµμ ν™” μ‹μ‘
ERROR:__main__:  β μ¤λ¥: CSV νμΌμ„ μ°Ύμ„ μ μ—†μµλ‹λ‹¤.
INFO:__main__:π”„ μ§„ν–‰λ¥ : 186/200
INFO:__main__:  μ „λµ: return_stacking, μ‹¬λ³Ό: MSFT
INFO:__main__:π”¬ return_stacking μ „λµ μµμ ν™” μ‹μ‘
ERROR:__main__:  β μ¤λ¥: CSV νμΌμ„ μ°Ύμ„ μ μ—†μµλ‹λ‹¤.
INFO:__main__:π”„ μ§„ν–‰λ¥ : 187/200
INFO:__main__:  μ „λµ: return_stacking, μ‹¬λ³Ό: SPY
INFO:__main__:π”¬ return_stacking μ „λµ μµμ ν™” μ‹μ‘
ERROR:__main__:  β μ¤λ¥: CSV νμΌμ„ μ°Ύμ„ μ μ—†μµλ‹λ‹¤.
INFO:__main__:π”„ μ§„ν–‰λ¥ : 188/200
INFO:__main__:  μ „λµ: return_stacking, μ‹¬λ³Ό: TLT
INFO:__main__:π”¬ return_stacking μ „λµ μµμ ν™” μ‹μ‘
ERROR:__main__:  β μ¤λ¥: CSV νμΌμ„ μ°Ύμ„ μ μ—†μµλ‹λ‹¤.
INFO:__main__:π”„ μ§„ν–‰λ¥ : 189/200
INFO:__main__:  μ „λµ: return_stacking, μ‹¬λ³Ό: GLD
INFO:__main__:π”¬ return_stacking μ „λµ μµμ ν™” μ‹μ‘
ERROR:__main__:  β μ¤λ¥: CSV νμΌμ„ μ°Ύμ„ μ μ—†μµλ‹λ‹¤.
INFO:__main__:π”„ μ§„ν–‰λ¥ : 190/200
INFO:__main__:  μ „λµ: return_stacking, μ‹¬λ³Ό: QQQ
INFO:__main__:π”¬ return_stacking μ „λµ μµμ ν™” μ‹μ‘
ERROR:__main__:  β μ¤λ¥: CSV νμΌμ„ μ°Ύμ„ μ μ—†μµλ‹λ‹¤.
INFO:__main__:π”„ μ§„ν–‰λ¥ : 191/200
INFO:__main__:  μ „λµ: return_stacking, μ‹¬λ³Ό: DBMF
INFO:__main__:π”¬ return_stacking μ „λµ μµμ ν™” μ‹μ‘
ERROR:__main__:  β μ¤λ¥: CSV νμΌμ„ μ°Ύμ„ μ μ—†μµλ‹λ‹¤.
INFO:__main__:π”„ μ§„ν–‰λ¥ : 192/200
INFO:__main__:  μ „λµ: return_stacking, μ‹¬λ³Ό: SHY
INFO:__main__:π”¬ return_stacking μ „λµ μµμ ν™” μ‹μ‘
ERROR:__main__:  β μ¤λ¥: CSV νμΌμ„ μ°Ύμ„ μ μ—†μµλ‹λ‹¤.
INFO:__main__:π”„ μ§„ν–‰λ¥ : 193/200
INFO:__main__:  μ „λµ: risk_parity_leverage, μ‹¬λ³Ό: AAPL
INFO:__main__:π”¬ risk_parity_leverage μ „λµ μµμ ν™” μ‹μ‘
ERROR:__main__:  β μ¤λ¥: CSV νμΌμ„ μ°Ύμ„ μ μ—†μµλ‹λ‹¤.
INFO:__main__:π”„ μ§„ν–‰λ¥ : 194/200
INFO:__main__:  μ „λµ: risk_parity_leverage, μ‹¬λ³Ό: MSFT
INFO:__main__:π”¬ risk_parity_leverage μ „λµ μµμ ν™” μ‹μ‘
ERROR:__main__:  β μ¤λ¥: CSV νμΌμ„ μ°Ύμ„ μ μ—†μµλ‹λ‹¤.
INFO:__main__:π”„ μ§„ν–‰λ¥ : 195/200
INFO:__main__:  μ „λµ: risk_parity_leverage, μ‹¬λ³Ό: SPY
INFO:__main__:π”¬ risk_parity_leverage μ „λµ μµμ ν™” μ‹μ‘
ERROR:__main__:  β μ¤λ¥: CSV νμΌμ„ μ°Ύμ„ μ μ—†μµλ‹λ‹¤.
INFO:__main__:π”„ μ§„ν–‰λ¥ : 196/200
INFO:__main__:  μ „λµ: risk_parity_leverage, μ‹¬λ³Ό: TLT
INFO:__main__:π”¬ risk_parity_leverage μ „λµ μµμ ν™” μ‹μ‘
ERROR:__main__:  β μ¤λ¥: CSV νμΌμ„ μ°Ύμ„ μ μ—†μµλ‹λ‹¤.
INFO:__main__:π”„ μ§„ν–‰λ¥ : 197/200
INFO:__main__:  μ „λµ: risk_parity_leverage, μ‹¬λ³Ό: GLD
INFO:__main__:π”¬ risk_parity_leverage μ „λµ μµμ ν™” μ‹μ‘
ERROR:__main__:  β μ¤λ¥: CSV νμΌμ„ μ°Ύμ„ μ μ—†μµλ‹λ‹¤.
INFO:__main__:π”„ μ§„ν–‰λ¥ : 198/200
INFO:__main__:  μ „λµ: risk_parity_leverage, μ‹¬λ³Ό: QQQ
INFO:__main__:π”¬ risk_parity_leverage μ „λµ μµμ ν™” μ‹μ‘
ERROR:__main__:  β μ¤λ¥: CSV νμΌμ„ μ°Ύμ„ μ μ—†μµλ‹λ‹¤.
INFO:__main__:π”„ μ§„ν–‰λ¥ : 199/200
INFO:__main__:  μ „λµ: risk_parity_leverage, μ‹¬λ³Ό: DBMF
INFO:__main__:π”¬ risk_parity_leverage μ „λµ μµμ ν™” μ‹μ‘
ERROR:__main__:  β μ¤λ¥: CSV νμΌμ„ μ°Ύμ„ μ μ—†μµλ‹λ‹¤.
INFO:__main__:π”„ μ§„ν–‰λ¥ : 200/200
INFO:__main__:  μ „λµ: risk_parity_leverage, μ‹¬λ³Ό: SHY
INFO:__main__:π”¬ risk_parity_leverage μ „λµ μµμ ν™” μ‹μ‘
ERROR:__main__:  β μ¤λ¥: CSV νμΌμ„ μ°Ύμ„ μ μ—†μµλ‹λ‹¤.
INFO:actions.grid_search:κ²°κ³Ό μ €μ¥ μ™„λ£:
INFO:actions.grid_search:  JSON: results/optimization_results_20250717_155809.json
INFO:actions.grid_search:  CSV: results/optimization_summary_20250717_155809.csv
Traceback (most recent call last):
  File "<frozen runpy>", line 198, in _run_module_as_main
  File "<frozen runpy>", line 88, in _run_code
  File "/home/yunchae/repository/quant-racoon/src/agent/researcher.py", line 1102, in <module>
    main()
  File "/home/yunchae/repository/quant-racoon/src/agent/researcher.py", line 1092, in main
    results = researcher.run_comprehensive_research(
              ^^^^^^^^^^^^^^^^^^^^^^^^^^^^^^^^^^^^^^
  File "/home/yunchae/repository/quant-racoon/src/agent/researcher.py", line 601, in run_comprehensive_research
    self.save_research_results(all_results)
  File "/home/yunchae/repository/quant-racoon/src/agent/researcher.py", line 628, in save_research_results
    analysis_results = self._analyze_results(results)
                       ^^^^^^^^^^^^^^^^^^^^^^^^^^^^^^
  File "/home/yunchae/repository/quant-racoon/src/agent/researcher.py", line 656, in _analyze_results
    "best_score": max([r.best_score for r in results.values()]),
                  ^^^^^^^^^^^^^^^^^^^^^^^^^^^^^^^^^^^^^^^^^^^^^
ValueError: max() iterable argument is empty

2025-07-17 15:58:09 - ERROR - β β researcher λ‹¨κ³„ μ‹¤ν¨
2025-07-17 15:58:09 - ERROR - β π« μ¤λ¥λ΅ μΈν•΄ νμ΄ν”„λΌμΈ μ¤‘λ‹¨
2025-07-17 15:58:09 - INFO - β… β… λ°±μ—… μ™„λ£: backup/long/backup_20250717_155809
2025-07-17 15:58:09 - INFO - 
============================================================
2025-07-17 15:58:09 - INFO - π“ νμ΄ν”„λΌμΈ μ‹¤ν–‰ κ²°κ³Ό μ”μ•½
2025-07-17 15:58:09 - INFO - ============================================================
2025-07-17 15:58:09 - INFO - β„ΉοΈ μ΄ λ‹¨κ³„: 6κ°
2025-07-17 15:58:09 - INFO - β„ΉοΈ μ„±κ³µ: 3κ°
2025-07-17 15:58:09 - INFO - β„ΉοΈ μ‹¤ν¨: 3κ°
2025-07-17 15:58:09 - WARNING - β οΈ β οΈ cleaner: μ¤ν‚µ (disabled in config)
2025-07-17 15:58:09 - INFO - β… β… scrapper: μ„±κ³µ
2025-07-17 15:58:09 - INFO - β… β… analyzer: μ„±κ³µ
2025-07-17 15:58:09 - ERROR - β β researcher: μ‹¤ν¨
2025-07-17 15:58:09 - ERROR - β β οΈ μΌλ¶€ λ‹¨κ³„κ°€ μ‹¤ν¨ν–μµλ‹λ‹¤. (3/6)
2025-07-17 15:58:09 - INFO - JSON λ΅κ·Έ μ €μ¥: log/flow_execution_20250717_155809.json
