2025-07-17 14:59:43 - INFO - 
============================================================
2025-07-17 14:59:43 - INFO - 📊 데이터 수집 시스템 시작
2025-07-17 14:59:43 - INFO - ============================================================
2025-07-17 14:59:43 - INFO - 
--------------------------------------------------
2025-07-17 14:59:43 - INFO - 공통 설정으로 6개 종목 처리
2025-07-17 14:59:43 - INFO - --------------------------------------------------
2025-07-17 14:59:43 - INFO - 
--------------------------------------------------
2025-07-17 14:59:43 - INFO - 공통 설정
2025-07-17 14:59:43 - INFO - --------------------------------------------------
2025-07-17 14:59:43 - INFO - 
--------------------------------------------------
2025-07-17 14:59:43 - INFO - SPY 데이터 수집 시작
2025-07-17 14:59:43 - INFO - --------------------------------------------------
2025-07-17 14:59:46 - INFO - ℹ️ 주식 정보: SPDR S&P 500 ETF (N/A)
2025-07-17 14:59:46 - INFO - ℹ️ SPY 기본 데이터 수집 중...
2025-07-17 14:59:49 - INFO - ✅ SPY 기본 데이터 수집 완료 (1206개 포인트)
2025-07-17 14:59:49 - INFO - ℹ️ SPY 기술적 지표 계산 중...
2025-07-17 14:59:49 - INFO - ✅ SPY 기술적 지표 계산 완료
2025-07-17 14:59:49 - INFO - ℹ️ SPY CSV 파일 저장 중...
2025-07-17 14:59:49 - INFO - ✅ SPY 데이터가 저장되었습니다: data/long/SPY_15min_auto_auto_20250717.csv
2025-07-17 14:59:49 - INFO - 
--------------------------------------------------
2025-07-17 14:59:49 - INFO - TLT 데이터 수집 시작
2025-07-17 14:59:49 - INFO - --------------------------------------------------
2025-07-17 14:59:50 - INFO - ℹ️ 주식 정보: iShares 20+ Year Treasury Bond ETF (N/A)
2025-07-17 14:59:50 - INFO - ℹ️ TLT 기본 데이터 수집 중...
2025-07-17 14:59:52 - INFO - ✅ TLT 기본 데이터 수집 완료 (1225개 포인트)
2025-07-17 14:59:52 - INFO - ℹ️ TLT 기술적 지표 계산 중...
2025-07-17 14:59:52 - INFO - ✅ TLT 기술적 지표 계산 완료
2025-07-17 14:59:52 - INFO - ℹ️ TLT CSV 파일 저장 중...
2025-07-17 14:59:52 - INFO - ✅ TLT 데이터가 저장되었습니다: data/long/TLT_15min_auto_auto_20250717.csv
2025-07-17 14:59:52 - INFO - 
--------------------------------------------------
2025-07-17 14:59:52 - INFO - GLD 데이터 수집 시작
2025-07-17 14:59:52 - INFO - --------------------------------------------------
2025-07-17 14:59:53 - INFO - ℹ️ 주식 정보: SPDR Gold Shares (N/A)
2025-07-17 14:59:53 - INFO - ℹ️ GLD 기본 데이터 수집 중...
2025-07-17 14:59:55 - INFO - ✅ GLD 기본 데이터 수집 완료 (1206개 포인트)
2025-07-17 14:59:55 - INFO - ℹ️ GLD 기술적 지표 계산 중...
2025-07-17 14:59:55 - INFO - ✅ GLD 기술적 지표 계산 완료
2025-07-17 14:59:55 - INFO - ℹ️ GLD CSV 파일 저장 중...
2025-07-17 14:59:55 - INFO - ✅ GLD 데이터가 저장되었습니다: data/long/GLD_15min_auto_auto_20250717.csv
2025-07-17 14:59:55 - INFO - 
--------------------------------------------------
2025-07-17 14:59:55 - INFO - QQQ 데이터 수집 시작
2025-07-17 14:59:55 - INFO - --------------------------------------------------
2025-07-17 14:59:56 - INFO - ℹ️ 주식 정보: Invesco QQQ Trust (N/A)
2025-07-17 14:59:56 - INFO - ℹ️ QQQ 기본 데이터 수집 중...
2025-07-17 14:59:57 - INFO - ✅ QQQ 기본 데이터 수집 완료 (1225개 포인트)
2025-07-17 14:59:57 - INFO - ℹ️ QQQ 기술적 지표 계산 중...
2025-07-17 14:59:57 - INFO - ✅ QQQ 기술적 지표 계산 완료
2025-07-17 14:59:57 - INFO - ℹ️ QQQ CSV 파일 저장 중...
2025-07-17 14:59:57 - INFO - ✅ QQQ 데이터가 저장되었습니다: data/long/QQQ_15min_auto_auto_20250717.csv
2025-07-17 14:59:57 - INFO - 
--------------------------------------------------
2025-07-17 14:59:57 - INFO - DBMF 데이터 수집 시작
2025-07-17 14:59:57 - INFO - --------------------------------------------------
2025-07-17 14:59:58 - INFO - ℹ️ 주식 정보: iMGP DBi Managed Futures Strategy ETF (N/A)
2025-07-17 14:59:58 - INFO - ℹ️ DBMF 기본 데이터 수집 중...
2025-07-17 15:00:00 - INFO - ✅ DBMF 기본 데이터 수집 완료 (600개 포인트)
2025-07-17 15:00:00 - INFO - ℹ️ DBMF 기술적 지표 계산 중...
2025-07-17 15:00:00 - INFO - ✅ DBMF 기술적 지표 계산 완료
2025-07-17 15:00:00 - INFO - ℹ️ DBMF CSV 파일 저장 중...
2025-07-17 15:00:00 - INFO - ✅ DBMF 데이터가 저장되었습니다: data/long/DBMF_15min_auto_auto_20250717.csv
2025-07-17 15:00:00 - INFO - 
--------------------------------------------------
2025-07-17 15:00:00 - INFO - SHY 데이터 수집 시작
2025-07-17 15:00:00 - INFO - --------------------------------------------------
2025-07-17 15:00:01 - INFO - ℹ️ 주식 정보: iShares 1-3 Year Treasury Bond ETF (N/A)
2025-07-17 15:00:01 - INFO - ℹ️ SHY 기본 데이터 수집 중...
2025-07-17 15:00:04 - INFO - ✅ SHY 기본 데이터 수집 완료 (837개 포인트)
2025-07-17 15:00:04 - INFO - ℹ️ SHY 기술적 지표 계산 중...
2025-07-17 15:00:04 - INFO - ✅ SHY 기술적 지표 계산 완료
2025-07-17 15:00:04 - INFO - ℹ️ SHY CSV 파일 저장 중...
2025-07-17 15:00:04 - INFO - ✅ SHY 데이터가 저장되었습니다: data/long/SHY_15min_auto_auto_20250717.csv
2025-07-17 15:00:04 - INFO - ✅ 🎉 모든 데이터 수집이 완료되었습니다!
2025-07-17 15:00:04 - INFO - JSON 로그 저장: log/data_collection_20250717_150004.json
