2025-07-17 15:07:47 - INFO - 
============================================================
2025-07-17 15:07:47 - INFO - 📊 데이터 수집 시스템 시작
2025-07-17 15:07:47 - INFO - ============================================================
2025-07-17 15:07:47 - INFO - 
--------------------------------------------------
2025-07-17 15:07:47 - INFO - 공통 설정으로 6개 종목 처리
2025-07-17 15:07:47 - INFO - --------------------------------------------------
2025-07-17 15:07:47 - INFO - 
--------------------------------------------------
2025-07-17 15:07:47 - INFO - 공통 설정
2025-07-17 15:07:47 - INFO - --------------------------------------------------
2025-07-17 15:07:47 - INFO - 
--------------------------------------------------
2025-07-17 15:07:47 - INFO - SPY 데이터 수집 시작
2025-07-17 15:07:47 - INFO - --------------------------------------------------
2025-07-17 15:07:50 - INFO - ℹ️ 주식 정보: SPDR S&P 500 ETF (N/A)
2025-07-17 15:07:50 - INFO - ℹ️ SPY 기본 데이터 수집 중...
2025-07-17 15:07:54 - INFO - ✅ SPY 기본 데이터 수집 완료 (1205개 포인트)
2025-07-17 15:07:54 - INFO - ℹ️ SPY 재무지표 18개 수집됨
2025-07-17 15:07:54 - INFO - ℹ️ SPY 주요 재무지표: {'pe_ratio': np.float64(26.98331), 'dividend_yield': np.float64(1.21), 'market_cap': np.int64(572897886208)}
2025-07-17 15:07:54 - INFO - ℹ️ SPY 기술적 지표 계산 중...
2025-07-17 15:07:54 - INFO - ✅ SPY 기술적 지표 계산 완료
2025-07-17 15:07:54 - INFO - ℹ️ SPY CSV 파일 저장 중...
2025-07-17 15:07:54 - INFO - ✅ SPY 데이터가 저장되었습니다: data/long/SPY_15min_auto_auto_20250717_test_uuid.csv
2025-07-17 15:07:54 - INFO - 
--------------------------------------------------
2025-07-17 15:07:54 - INFO - TLT 데이터 수집 시작
2025-07-17 15:07:54 - INFO - --------------------------------------------------
2025-07-17 15:07:55 - INFO - ℹ️ 주식 정보: iShares 20+ Year Treasury Bond ETF (N/A)
2025-07-17 15:07:55 - INFO - ℹ️ TLT 기본 데이터 수집 중...
2025-07-17 15:07:59 - INFO - ✅ TLT 기본 데이터 수집 완료 (1224개 포인트)
2025-07-17 15:07:59 - INFO - ℹ️ TLT 재무지표 18개 수집됨
2025-07-17 15:07:59 - INFO - ℹ️ TLT 주요 재무지표: {'dividend_yield': np.float64(4.39), 'market_cap': np.int64(9338760192)}
2025-07-17 15:07:59 - INFO - ℹ️ TLT 기술적 지표 계산 중...
2025-07-17 15:07:59 - INFO - ✅ TLT 기술적 지표 계산 완료
2025-07-17 15:07:59 - INFO - ℹ️ TLT CSV 파일 저장 중...
2025-07-17 15:07:59 - INFO - ✅ TLT 데이터가 저장되었습니다: data/long/TLT_15min_auto_auto_20250717_test_uuid.csv
2025-07-17 15:07:59 - INFO - 
--------------------------------------------------
2025-07-17 15:07:59 - INFO - GLD 데이터 수집 시작
2025-07-17 15:07:59 - INFO - --------------------------------------------------
2025-07-17 15:08:01 - INFO - ℹ️ 주식 정보: SPDR Gold Shares (N/A)
2025-07-17 15:08:01 - INFO - ℹ️ GLD 기본 데이터 수집 중...
2025-07-17 15:08:04 - INFO - ✅ GLD 기본 데이터 수집 완료 (1205개 포인트)
2025-07-17 15:08:04 - INFO - ℹ️ GLD 재무지표 15개 수집됨
2025-07-17 15:08:04 - INFO - ℹ️ GLD 주요 재무지표: {'dividend_yield': np.float64(0.0), 'market_cap': np.int64(80240082944)}
2025-07-17 15:08:04 - INFO - ℹ️ GLD 기술적 지표 계산 중...
2025-07-17 15:08:04 - INFO - ✅ GLD 기술적 지표 계산 완료
2025-07-17 15:08:04 - INFO - ℹ️ GLD CSV 파일 저장 중...
2025-07-17 15:08:04 - INFO - ✅ GLD 데이터가 저장되었습니다: data/long/GLD_15min_auto_auto_20250717_test_uuid.csv
2025-07-17 15:08:04 - INFO - 
--------------------------------------------------
2025-07-17 15:08:04 - INFO - QQQ 데이터 수집 시작
2025-07-17 15:08:04 - INFO - --------------------------------------------------
