2025-07-17 15:09:50 - INFO - 
============================================================
2025-07-17 15:09:50 - INFO - 📊 데이터 수집 시스템 시작
2025-07-17 15:09:50 - INFO - ============================================================
2025-07-17 15:09:50 - INFO - 
--------------------------------------------------
2025-07-17 15:09:50 - INFO - 공통 설정으로 6개 종목 처리
2025-07-17 15:09:50 - INFO - --------------------------------------------------
2025-07-17 15:09:50 - INFO - 
--------------------------------------------------
2025-07-17 15:09:50 - INFO - 공통 설정
2025-07-17 15:09:50 - INFO - --------------------------------------------------
2025-07-17 15:09:50 - INFO -   symbols: SPY, TLT, GLD, QQQ, DBMF, SHY
2025-07-17 15:09:50 - INFO -   interval: 1d
2025-07-17 15:09:50 - INFO -   lookback_days: 365
2025-07-17 15:09:50 - INFO - 
--------------------------------------------------
2025-07-17 15:09:50 - INFO - SPY 데이터 수집 시작
2025-07-17 15:09:50 - INFO - --------------------------------------------------
2025-07-17 15:09:56 - INFO - ℹ️ 주식 정보: SPDR S&P 500 ETF (N/A)
2025-07-17 15:09:56 - INFO - ℹ️ SPY 기본 데이터 수집 중...
2025-07-17 15:09:59 - INFO - ✅ SPY 기본 데이터 수집 완료 (250개 포인트)
2025-07-17 15:09:59 - INFO - ℹ️ SPY 재무지표 18개 수집됨
2025-07-17 15:09:59 - INFO - ℹ️ SPY 주요 재무지표: {'pe_ratio': np.float64(26.98331), 'dividend_yield': np.float64(1.21), 'market_cap': np.int64(572897886208)}
2025-07-17 15:09:59 - INFO - ℹ️ SPY 기술적 지표 계산 중...
2025-07-17 15:09:59 - INFO - ✅ SPY 기술적 지표 계산 완료
2025-07-17 15:09:59 - INFO - ℹ️ SPY CSV 파일 저장 중...
2025-07-17 15:09:59 - INFO - ✅ SPY 데이터가 저장되었습니다: data/long/SPY_daily_auto_auto_20250717_test_1d_interval.csv
2025-07-17 15:09:59 - INFO - 
--------------------------------------------------
2025-07-17 15:09:59 - INFO - TLT 데이터 수집 시작
2025-07-17 15:09:59 - INFO - --------------------------------------------------
2025-07-17 15:10:00 - INFO - ℹ️ 주식 정보: iShares 20+ Year Treasury Bond ETF (N/A)
2025-07-17 15:10:00 - INFO - ℹ️ TLT 기본 데이터 수집 중...
2025-07-17 15:10:03 - INFO - ✅ TLT 기본 데이터 수집 완료 (250개 포인트)
2025-07-17 15:10:03 - INFO - ℹ️ TLT 재무지표 18개 수집됨
2025-07-17 15:10:03 - INFO - ℹ️ TLT 주요 재무지표: {'dividend_yield': np.float64(4.39), 'market_cap': np.int64(9338760192)}
2025-07-17 15:10:03 - INFO - ℹ️ TLT 기술적 지표 계산 중...
2025-07-17 15:10:03 - INFO - ✅ TLT 기술적 지표 계산 완료
2025-07-17 15:10:03 - INFO - ℹ️ TLT CSV 파일 저장 중...
2025-07-17 15:10:03 - INFO - ✅ TLT 데이터가 저장되었습니다: data/long/TLT_daily_auto_auto_20250717_test_1d_interval.csv
2025-07-17 15:10:03 - INFO - 
--------------------------------------------------
2025-07-17 15:10:03 - INFO - GLD 데이터 수집 시작
2025-07-17 15:10:03 - INFO - --------------------------------------------------
2025-07-17 15:10:04 - INFO - ℹ️ 주식 정보: SPDR Gold Shares (N/A)
2025-07-17 15:10:04 - INFO - ℹ️ GLD 기본 데이터 수집 중...
2025-07-17 15:10:07 - INFO - ✅ GLD 기본 데이터 수집 완료 (250개 포인트)
2025-07-17 15:10:07 - INFO - ℹ️ GLD 재무지표 15개 수집됨
2025-07-17 15:10:07 - INFO - ℹ️ GLD 주요 재무지표: {'dividend_yield': np.float64(0.0), 'market_cap': np.int64(80240082944)}
2025-07-17 15:10:07 - INFO - ℹ️ GLD 기술적 지표 계산 중...
2025-07-17 15:10:07 - INFO - ✅ GLD 기술적 지표 계산 완료
2025-07-17 15:10:07 - INFO - ℹ️ GLD CSV 파일 저장 중...
2025-07-17 15:10:07 - INFO - ✅ GLD 데이터가 저장되었습니다: data/long/GLD_daily_auto_auto_20250717_test_1d_interval.csv
2025-07-17 15:10:07 - INFO - 
--------------------------------------------------
2025-07-17 15:10:07 - INFO - QQQ 데이터 수집 시작
2025-07-17 15:10:07 - INFO - --------------------------------------------------
2025-07-17 15:10:08 - INFO - ℹ️ 주식 정보: Invesco QQQ Trust (N/A)
2025-07-17 15:10:08 - INFO - ℹ️ QQQ 기본 데이터 수집 중...
2025-07-17 15:10:11 - INFO - ✅ QQQ 기본 데이터 수집 완료 (250개 포인트)
2025-07-17 15:10:11 - INFO - ℹ️ QQQ 재무지표 20개 수집됨
2025-07-17 15:10:11 - INFO - ℹ️ QQQ 주요 재무지표: {'pe_ratio': np.float64(32.640587), 'dividend_yield': np.float64(0.58), 'market_cap': np.int64(219070693376)}
2025-07-17 15:10:11 - INFO - ℹ️ QQQ 기술적 지표 계산 중...
2025-07-17 15:10:11 - INFO - ✅ QQQ 기술적 지표 계산 완료
2025-07-17 15:10:11 - INFO - ℹ️ QQQ CSV 파일 저장 중...
2025-07-17 15:10:11 - INFO - ✅ QQQ 데이터가 저장되었습니다: data/long/QQQ_daily_auto_auto_20250717_test_1d_interval.csv
2025-07-17 15:10:11 - INFO - 
--------------------------------------------------
2025-07-17 15:10:11 - INFO - DBMF 데이터 수집 시작
2025-07-17 15:10:11 - INFO - --------------------------------------------------
2025-07-17 15:10:12 - INFO - ℹ️ 주식 정보: iMGP DBi Managed Futures Strategy ETF (N/A)
2025-07-17 15:10:12 - INFO - ℹ️ DBMF 기본 데이터 수집 중...
2025-07-17 15:10:15 - INFO - ✅ DBMF 기본 데이터 수집 완료 (250개 포인트)
2025-07-17 15:10:15 - INFO - ℹ️ DBMF 재무지표 13개 수집됨
2025-07-17 15:10:15 - INFO - ℹ️ DBMF 주요 재무지표: {'dividend_yield': np.float64(6.04)}
2025-07-17 15:10:15 - INFO - ℹ️ DBMF 기술적 지표 계산 중...
2025-07-17 15:10:15 - INFO - ✅ DBMF 기술적 지표 계산 완료
2025-07-17 15:10:15 - INFO - ℹ️ DBMF CSV 파일 저장 중...
2025-07-17 15:10:15 - INFO - ✅ DBMF 데이터가 저장되었습니다: data/long/DBMF_daily_auto_auto_20250717_test_1d_interval.csv
2025-07-17 15:10:15 - INFO - 
--------------------------------------------------
2025-07-17 15:10:15 - INFO - SHY 데이터 수집 시작
2025-07-17 15:10:15 - INFO - --------------------------------------------------
2025-07-17 15:10:16 - INFO - ℹ️ 주식 정보: iShares 1-3 Year Treasury Bond ETF (N/A)
2025-07-17 15:10:16 - INFO - ℹ️ SHY 기본 데이터 수집 중...
2025-07-17 15:10:19 - INFO - ✅ SHY 기본 데이터 수집 완료 (250개 포인트)
2025-07-17 15:10:19 - INFO - ℹ️ SHY 재무지표 18개 수집됨
2025-07-17 15:10:19 - INFO - ℹ️ SHY 주요 재무지표: {'pe_ratio': np.float64(3749.5454), 'dividend_yield': np.float64(3.95), 'market_cap': np.int64(17265156096)}
2025-07-17 15:10:19 - INFO - ℹ️ SHY 기술적 지표 계산 중...
2025-07-17 15:10:19 - INFO - ✅ SHY 기술적 지표 계산 완료
2025-07-17 15:10:19 - INFO - ℹ️ SHY CSV 파일 저장 중...
2025-07-17 15:10:19 - INFO - ✅ SHY 데이터가 저장되었습니다: data/long/SHY_daily_auto_auto_20250717_test_1d_interval.csv
2025-07-17 15:10:19 - INFO - ✅ 🎉 모든 데이터 수집이 완료되었습니다!
2025-07-17 15:10:19 - INFO - JSON 로그 저장: log/data_collection_20250717_151019.json
