2025-07-17 15:23:58 - INFO - 
================================================================================
2025-07-17 15:23:58 - INFO - 📊 기술적 지표 기반 정량 분석 종합 요약 리포트
2025-07-17 15:23:58 - INFO - ================================================================================
2025-07-17 15:23:58 - INFO - 
------------------------------------------------------------
2025-07-17 15:23:58 - INFO - 📋 분석 설정
2025-07-17 15:23:58 - INFO - ------------------------------------------------------------
2025-07-17 15:23:58 - INFO - ℹ️ 분석 유형: 기술적 지표 기반
2025-07-17 15:23:58 - INFO - ℹ️ 수익률 타입: percentage
2025-07-17 15:23:58 - INFO - ℹ️ 상위 특성 수: 10
2025-07-17 15:23:58 - INFO - ℹ️ 분석 종목 수: 1
2025-07-17 15:23:58 - INFO - 
------------------------------------------------------------
2025-07-17 15:23:58 - INFO - 📈 종목별 분석 요약
2025-07-17 15:23:58 - INFO - ------------------------------------------------------------
2025-07-17 15:23:58 - INFO - ℹ️ 
AAPL:
2025-07-17 15:23:58 - INFO - ℹ️   상관관계 상위: stoch_k, williams_r, cci
2025-07-17 15:23:58 - INFO - ℹ️   선형회귀 R²: 0.2502
2025-07-17 15:23:58 - INFO - ℹ️   랜덤포레스트 R²: -0.8302
2025-07-17 15:23:58 - INFO - ℹ️   MLP R²: 0.0000
2025-07-17 15:23:58 - INFO - ℹ️   베이지안 Ridge R²: 0.4575
2025-07-17 15:23:58 - INFO - ℹ️   ARD R²: 0.5102
2025-07-17 15:23:58 - INFO - ℹ️   최적 분포: t
2025-07-17 15:23:58 - INFO - ℹ️   VaR 95%: -3.2002
2025-07-17 15:23:58 - INFO - 
------------------------------------------------------------
2025-07-17 15:23:58 - INFO - 🏆 모델 성능 비교
2025-07-17 15:23:58 - INFO - ------------------------------------------------------------
2025-07-17 15:23:58 - INFO - ℹ️ linear_regression: 평균 R² = 0.2502, 최고 R² = 0.2502
2025-07-17 15:23:58 - INFO - ℹ️ lasso_regression: 평균 R² = 0.5119, 최고 R² = 0.5119
2025-07-17 15:23:58 - INFO - ℹ️ random_forest: 평균 R² = -0.8302, 최고 R² = -0.8302
2025-07-17 15:23:58 - INFO - ℹ️ mlp: 평균 R² = 0.0000, 최고 R² = 0.0000
2025-07-17 15:23:58 - INFO - 
================================================================================
2025-07-17 15:23:58 - INFO - 🎉 분석 완료
2025-07-17 15:23:58 - INFO - ================================================================================
2025-07-17 15:23:58 - INFO - ✅ 총 1개 종목 분석 완료
2025-07-17 15:23:58 - INFO - ℹ️ 종합 요약 로그: log/summary_AAPL_20250717_152357.log
