2025-07-17 15:34:06 - INFO - 
================================================================================
2025-07-17 15:34:06 - INFO - 📊 기술적 지표 기반 정량 분석 종합 요약 리포트
2025-07-17 15:34:06 - INFO - ================================================================================
2025-07-17 15:34:06 - INFO - 
------------------------------------------------------------
2025-07-17 15:34:06 - INFO - 📋 분석 설정
2025-07-17 15:34:06 - INFO - ------------------------------------------------------------
2025-07-17 15:34:06 - INFO - ℹ️ 분석 유형: 기술적 지표 기반
2025-07-17 15:34:06 - INFO - ℹ️ 수익률 타입: percentage
2025-07-17 15:34:06 - INFO - ℹ️ 상위 특성 수: 10
2025-07-17 15:34:06 - INFO - ℹ️ 분석 종목 수: 8
2025-07-17 15:34:06 - INFO - 
------------------------------------------------------------
2025-07-17 15:34:06 - INFO - 📈 종목별 분석 요약
2025-07-17 15:34:06 - INFO - ------------------------------------------------------------
2025-07-17 15:34:06 - INFO - ℹ️ 
DBMF:
2025-07-17 15:34:06 - INFO - ℹ️   상관관계 상위: stoch_k, williams_r, cci
2025-07-17 15:34:06 - INFO - ℹ️   선형회귀 R²: 0.4801
2025-07-17 15:34:06 - INFO - ℹ️   랜덤포레스트 R²: 0.1410
2025-07-17 15:34:06 - INFO - ℹ️   MLP R²: 0.0000
2025-07-17 15:34:06 - INFO - ℹ️   베이지안 Ridge R²: 0.6877
2025-07-17 15:34:06 - INFO - ℹ️   ARD R²: 0.6753
2025-07-17 15:34:06 - INFO - ℹ️   최적 분포: t
2025-07-17 15:34:06 - INFO - ℹ️   VaR 95%: -0.8422
2025-07-17 15:34:06 - INFO - ℹ️ 
GLD:
2025-07-17 15:34:06 - INFO - ℹ️   상관관계 상위: williams_r, stoch_k, cci
2025-07-17 15:34:06 - INFO - ℹ️   선형회귀 R²: 0.2061
2025-07-17 15:34:06 - INFO - ℹ️   랜덤포레스트 R²: 0.6176
2025-07-17 15:34:06 - INFO - ℹ️   MLP R²: 0.0000
2025-07-17 15:34:06 - INFO - ℹ️   베이지안 Ridge R²: 0.7007
2025-07-17 15:34:06 - INFO - ℹ️   ARD R²: 0.7033
2025-07-17 15:34:06 - INFO - ℹ️   최적 분포: t
2025-07-17 15:34:06 - INFO - ℹ️   VaR 95%: -1.8177
2025-07-17 15:34:06 - INFO - ℹ️ 
QQQ:
2025-07-17 15:34:06 - INFO - ℹ️   상관관계 상위: stoch_k, williams_r, cci
2025-07-17 15:34:06 - INFO - ℹ️   선형회귀 R²: 0.1421
2025-07-17 15:34:06 - INFO - ℹ️   랜덤포레스트 R²: -0.7921
2025-07-17 15:34:06 - INFO - ℹ️   MLP R²: 0.0000
2025-07-17 15:34:06 - INFO - ℹ️   베이지안 Ridge R²: 0.3598
2025-07-17 15:34:06 - INFO - ℹ️   ARD R²: 0.4216
2025-07-17 15:34:06 - INFO - ℹ️   최적 분포: t
2025-07-17 15:34:06 - INFO - ℹ️   VaR 95%: -2.6351
2025-07-17 15:34:06 - INFO - ℹ️ 
AAPL:
2025-07-17 15:34:06 - INFO - ℹ️   상관관계 상위: stoch_k, williams_r, cci
2025-07-17 15:34:06 - INFO - ℹ️   선형회귀 R²: 0.2502
2025-07-17 15:34:06 - INFO - ℹ️   랜덤포레스트 R²: -0.8286
2025-07-17 15:34:06 - INFO - ℹ️   MLP R²: 0.0000
2025-07-17 15:34:06 - INFO - ℹ️   베이지안 Ridge R²: 0.4575
2025-07-17 15:34:06 - INFO - ℹ️   ARD R²: 0.5102
2025-07-17 15:34:06 - INFO - ℹ️   최적 분포: t
2025-07-17 15:34:06 - INFO - ℹ️   VaR 95%: -3.2002
2025-07-17 15:34:06 - INFO - ℹ️ 
SHY:
2025-07-17 15:34:06 - INFO - ℹ️   상관관계 상위: williams_r, stoch_k, cci
2025-07-17 15:34:06 - INFO - ℹ️   선형회귀 R²: 0.3618
2025-07-17 15:34:06 - INFO - ℹ️   랜덤포레스트 R²: 0.4952
2025-07-17 15:34:06 - INFO - ℹ️   MLP R²: 0.0000
2025-07-17 15:34:06 - INFO - ℹ️   베이지안 Ridge R²: 0.5898
2025-07-17 15:34:06 - INFO - ℹ️   ARD R²: 0.6221
2025-07-17 15:34:06 - INFO - ℹ️   최적 분포: t
2025-07-17 15:34:06 - INFO - ℹ️   VaR 95%: -0.1442
2025-07-17 15:34:06 - INFO - ℹ️ 
MSFT:
2025-07-17 15:34:06 - INFO - ℹ️   상관관계 상위: stoch_k, williams_r, cci
2025-07-17 15:34:06 - INFO - ℹ️   선형회귀 R²: 0.1624
2025-07-17 15:34:06 - INFO - ℹ️   랜덤포레스트 R²: 0.4317
2025-07-17 15:34:06 - INFO - ℹ️   MLP R²: 0.0000
2025-07-17 15:34:06 - INFO - ℹ️   베이지안 Ridge R²: 0.6285
2025-07-17 15:34:06 - INFO - ℹ️   ARD R²: 0.6503
2025-07-17 15:34:06 - INFO - ℹ️   최적 분포: t
2025-07-17 15:34:06 - INFO - ℹ️   VaR 95%: -2.2387
2025-07-17 15:34:06 - INFO - ℹ️ 
TLT:
2025-07-17 15:34:06 - INFO - ℹ️   상관관계 상위: williams_r, stoch_k, cci
2025-07-17 15:34:06 - INFO - ℹ️   선형회귀 R²: 0.1893
2025-07-17 15:34:06 - INFO - ℹ️   랜덤포레스트 R²: 0.4863
2025-07-17 15:34:06 - INFO - ℹ️   MLP R²: 0.0000
2025-07-17 15:34:06 - INFO - ℹ️   베이지안 Ridge R²: 0.6361
2025-07-17 15:34:06 - INFO - ℹ️   ARD R²: 0.6673
2025-07-17 15:34:06 - INFO - ℹ️   최적 분포: normal
2025-07-17 15:34:06 - INFO - ℹ️   VaR 95%: -1.3810
2025-07-17 15:34:06 - INFO - ℹ️ 
SPY:
2025-07-17 15:34:06 - INFO - ℹ️   상관관계 상위: stoch_k, williams_r, cci
2025-07-17 15:34:06 - INFO - ℹ️   선형회귀 R²: 0.1706
2025-07-17 15:34:06 - INFO - ℹ️   랜덤포레스트 R²: -1.3416
2025-07-17 15:34:06 - INFO - ℹ️   MLP R²: 0.0000
2025-07-17 15:34:06 - INFO - ℹ️   베이지안 Ridge R²: 0.3003
2025-07-17 15:34:06 - INFO - ℹ️   ARD R²: 0.4065
2025-07-17 15:34:06 - INFO - ℹ️   최적 분포: t
2025-07-17 15:34:06 - INFO - ℹ️   VaR 95%: -1.7531
2025-07-17 15:34:06 - INFO - 
------------------------------------------------------------
2025-07-17 15:34:06 - INFO - 🏆 모델 성능 비교
2025-07-17 15:34:06 - INFO - ------------------------------------------------------------
2025-07-17 15:34:06 - INFO - ℹ️ linear_regression: 평균 R² = 0.2453, 최고 R² = 0.4801
2025-07-17 15:34:06 - INFO - ℹ️ lasso_regression: 평균 R² = 0.5733, 최고 R² = 0.7070
2025-07-17 15:34:06 - INFO - ℹ️ random_forest: 평균 R² = -0.0988, 최고 R² = 0.6176
2025-07-17 15:34:06 - INFO - ℹ️ mlp: 평균 R² = 0.0000, 최고 R² = 0.0000
2025-07-17 15:34:06 - INFO - 
================================================================================
2025-07-17 15:34:06 - INFO - 🎉 분석 완료
2025-07-17 15:34:06 - INFO - ================================================================================
2025-07-17 15:34:06 - INFO - ✅ 총 8개 종목 분석 완료
2025-07-17 15:34:06 - INFO - ℹ️ 종합 요약 로그: log/summary_20250717_153358.log
2025-07-17 15:34:08 - INFO - 
================================================================================
2025-07-17 15:34:08 - INFO - 💰 재무지표 기반 분석 종합 요약 리포트
2025-07-17 15:34:08 - INFO - ================================================================================
2025-07-17 15:34:08 - INFO - 
------------------------------------------------------------
2025-07-17 15:34:08 - INFO - 📋 분석 설정
2025-07-17 15:34:08 - INFO - ------------------------------------------------------------
2025-07-17 15:34:08 - INFO - ℹ️ 분석 유형: 재무지표 기반
2025-07-17 15:34:08 - INFO - ℹ️ 수익률 타입: percentage
2025-07-17 15:34:08 - INFO - ℹ️ 상위 특성 수: 10
2025-07-17 15:34:08 - INFO - ℹ️ 분석 종목 수: 8
2025-07-17 15:34:08 - INFO - 
------------------------------------------------------------
2025-07-17 15:34:08 - INFO - 📈 종목별 분석 요약
2025-07-17 15:34:08 - INFO - ------------------------------------------------------------
2025-07-17 15:34:08 - INFO - ℹ️ 
DBMF:
2025-07-17 15:34:08 - INFO - ℹ️   P/E 비율: None
2025-07-17 15:34:08 - INFO - ℹ️   ROE: None
2025-07-17 15:34:08 - INFO - ℹ️   부채비율: None
2025-07-17 15:34:08 - INFO - ℹ️   배당수익률: 6.04
2025-07-17 15:34:08 - INFO - ℹ️   상관관계 상위: 
2025-07-17 15:34:08 - INFO - ℹ️   lasso_regression R²: -0.0116
2025-07-17 15:34:08 - INFO - ℹ️   random_forest R²: -0.0106
2025-07-17 15:34:08 - INFO - ℹ️   mlp R²: 0.0000
2025-07-17 15:34:08 - INFO - ℹ️ 
GLD:
2025-07-17 15:34:08 - INFO - ℹ️   P/E 비율: None
2025-07-17 15:34:08 - INFO - ℹ️   ROE: None
2025-07-17 15:34:08 - INFO - ℹ️   부채비율: None
2025-07-17 15:34:08 - INFO - ℹ️   배당수익률: 0.0
2025-07-17 15:34:08 - INFO - ℹ️   상관관계 상위: 
2025-07-17 15:34:08 - INFO - ℹ️   lasso_regression R²: -0.0168
2025-07-17 15:34:08 - INFO - ℹ️   random_forest R²: -0.0155
2025-07-17 15:34:08 - INFO - ℹ️   mlp R²: 0.0000
2025-07-17 15:34:08 - INFO - ℹ️ 
QQQ:
2025-07-17 15:34:08 - INFO - ℹ️   P/E 비율: 32.640587
2025-07-17 15:34:08 - INFO - ℹ️   ROE: None
2025-07-17 15:34:08 - INFO - ℹ️   부채비율: None
2025-07-17 15:34:08 - INFO - ℹ️   배당수익률: 0.58
2025-07-17 15:34:08 - INFO - ℹ️   상관관계 상위: 
2025-07-17 15:34:08 - INFO - ℹ️   lasso_regression R²: -0.0564
2025-07-17 15:34:08 - INFO - ℹ️   random_forest R²: -0.0578
2025-07-17 15:34:08 - INFO - ℹ️   mlp R²: 0.0000
2025-07-17 15:34:08 - INFO - ℹ️ 
AAPL:
2025-07-17 15:34:08 - INFO - ℹ️   P/E 비율: 32.786274
2025-07-17 15:34:08 - INFO - ℹ️   ROE: 1.38015
2025-07-17 15:34:08 - INFO - ℹ️   부채비율: 146.994
2025-07-17 15:34:08 - INFO - ℹ️   배당수익률: 0.51
2025-07-17 15:34:08 - INFO - ℹ️   상관관계 상위: 
2025-07-17 15:34:08 - INFO - ℹ️   lasso_regression R²: -0.0270
2025-07-17 15:34:08 - INFO - ℹ️   random_forest R²: -0.0292
2025-07-17 15:34:08 - INFO - ℹ️   mlp R²: 0.0000
2025-07-17 15:34:08 - INFO - ℹ️ 
SHY:
2025-07-17 15:34:08 - INFO - ℹ️   P/E 비율: 3749.5454
2025-07-17 15:34:08 - INFO - ℹ️   ROE: None
2025-07-17 15:34:08 - INFO - ℹ️   부채비율: None
2025-07-17 15:34:08 - INFO - ℹ️   배당수익률: 3.95
2025-07-17 15:34:08 - INFO - ℹ️   상관관계 상위: 
2025-07-17 15:34:08 - INFO - ℹ️   lasso_regression R²: -0.0106
2025-07-17 15:34:08 - INFO - ℹ️   random_forest R²: -0.0108
2025-07-17 15:34:08 - INFO - ℹ️   mlp R²: 0.0000
2025-07-17 15:34:08 - INFO - ℹ️ 
MSFT:
2025-07-17 15:34:08 - INFO - ℹ️   P/E 비율: 39.07419
2025-07-17 15:34:08 - INFO - ℹ️   ROE: 0.3361
2025-07-17 15:34:08 - INFO - ℹ️   부채비율: 32.626
2025-07-17 15:34:08 - INFO - ℹ️   배당수익률: 0.67
2025-07-17 15:34:08 - INFO - ℹ️   상관관계 상위: 
2025-07-17 15:34:08 - INFO - ℹ️   lasso_regression R²: -0.0000
2025-07-17 15:34:08 - INFO - ℹ️   random_forest R²: -0.0000
2025-07-17 15:34:08 - INFO - ℹ️   mlp R²: 0.0000
2025-07-17 15:34:08 - INFO - ℹ️ 
TLT:
2025-07-17 15:34:08 - INFO - ℹ️   P/E 비율: None
2025-07-17 15:34:08 - INFO - ℹ️   ROE: None
2025-07-17 15:34:08 - INFO - ℹ️   부채비율: None
2025-07-17 15:34:08 - INFO - ℹ️   배당수익률: 4.39
2025-07-17 15:34:08 - INFO - ℹ️   상관관계 상위: 
2025-07-17 15:34:08 - INFO - ℹ️   lasso_regression R²: -0.0181
2025-07-17 15:34:08 - INFO - ℹ️   random_forest R²: -0.0193
2025-07-17 15:34:08 - INFO - ℹ️   mlp R²: 0.0000
2025-07-17 15:34:08 - INFO - ℹ️ 
SPY:
2025-07-17 15:34:08 - INFO - ℹ️   P/E 비율: 26.98331
2025-07-17 15:34:08 - INFO - ℹ️   ROE: None
2025-07-17 15:34:08 - INFO - ℹ️   부채비율: None
2025-07-17 15:34:08 - INFO - ℹ️   배당수익률: 1.21
2025-07-17 15:34:08 - INFO - ℹ️   상관관계 상위: 
2025-07-17 15:34:08 - INFO - ℹ️   lasso_regression R²: -0.0143
2025-07-17 15:34:08 - INFO - ℹ️   random_forest R²: -0.0144
2025-07-17 15:34:08 - INFO - ℹ️   mlp R²: 0.0000
2025-07-17 15:34:08 - INFO - 
================================================================================
2025-07-17 15:34:08 - INFO - 🎉 분석 완료
2025-07-17 15:34:08 - INFO - ================================================================================
2025-07-17 15:34:08 - INFO - ✅ 총 8개 종목 분석 완료
2025-07-17 15:34:08 - INFO - ℹ️ 종합 요약 로그: log/summary_20250717_153358.log
