2025-07-17 14:41:37 - INFO - 
================================================================================
2025-07-17 14:41:37 - INFO - 📊 정량 분석 종합 요약 리포트
2025-07-17 14:41:37 - INFO - ================================================================================
2025-07-17 14:41:37 - INFO - 
------------------------------------------------------------
2025-07-17 14:41:37 - INFO - 📋 분석 설정
2025-07-17 14:41:37 - INFO - ------------------------------------------------------------
2025-07-17 14:41:37 - INFO - ℹ️ 수익률 타입: percentage
2025-07-17 14:41:37 - INFO - ℹ️ 상위 특성 수: 10
2025-07-17 14:41:37 - INFO - ℹ️ 분석 종목 수: 6
2025-07-17 14:41:37 - INFO - 
------------------------------------------------------------
2025-07-17 14:41:37 - INFO - 📈 종목별 분석 요약
2025-07-17 14:41:37 - INFO - ------------------------------------------------------------
2025-07-17 14:41:37 - INFO - ℹ️ 
GLD:
2025-07-17 14:41:37 - INFO - ℹ️   상관관계 상위: cci, stoch_k, williams_r
2025-07-17 14:41:37 - INFO - ℹ️   선형회귀 R²: -0.1931
2025-07-17 14:41:37 - INFO - ℹ️   랜덤포레스트 R²: -1.5124
2025-07-17 14:41:37 - INFO - ℹ️   MLP R²: 0.0000
2025-07-17 14:41:37 - INFO - ℹ️   베이지안 Ridge R²: -0.4175
2025-07-17 14:41:37 - INFO - ℹ️   ARD R²: -0.6404
2025-07-17 14:41:37 - INFO - ℹ️   최적 분포: t
2025-07-17 14:41:37 - INFO - ℹ️   VaR 95%: -0.1641
2025-07-17 14:41:37 - INFO - ℹ️ 
DBMF:
2025-07-17 14:41:37 - INFO - ℹ️   상관관계 상위: cci, williams_r, stoch_k
2025-07-17 14:41:37 - INFO - ℹ️   선형회귀 R²: 0.0009
2025-07-17 14:41:37 - INFO - ℹ️   랜덤포레스트 R²: -1.2390
2025-07-17 14:41:37 - INFO - ℹ️   MLP R²: 0.0000
2025-07-17 14:41:37 - INFO - ℹ️   베이지안 Ridge R²: 0.2622
2025-07-17 14:41:37 - INFO - ℹ️   ARD R²: -0.0499
2025-07-17 14:41:37 - INFO - ℹ️   최적 분포: t
2025-07-17 14:41:37 - INFO - ℹ️   VaR 95%: -0.1053
2025-07-17 14:41:37 - INFO - ℹ️ 
SPY:
2025-07-17 14:41:37 - INFO - ℹ️   상관관계 상위: cci, macd_histogram, stoch_k
2025-07-17 14:41:37 - INFO - ℹ️   선형회귀 R²: -0.4183
2025-07-17 14:41:37 - INFO - ℹ️   랜덤포레스트 R²: -0.6469
2025-07-17 14:41:37 - INFO - ℹ️   MLP R²: 0.0000
2025-07-17 14:41:37 - INFO - ℹ️   베이지안 Ridge R²: -0.9949
2025-07-17 14:41:37 - INFO - ℹ️   ARD R²: -1.4731
2025-07-17 14:41:37 - INFO - ℹ️   최적 분포: t
2025-07-17 14:41:37 - INFO - ℹ️   VaR 95%: -0.1058
2025-07-17 14:41:37 - INFO - ℹ️ 
QQQ:
2025-07-17 14:41:37 - INFO - ℹ️   상관관계 상위: cci, rsi, stoch_k
2025-07-17 14:41:37 - INFO - ℹ️   선형회귀 R²: 0.0685
2025-07-17 14:41:37 - INFO - ℹ️   랜덤포레스트 R²: 0.3769
2025-07-17 14:41:37 - INFO - ℹ️   MLP R²: 0.0000
2025-07-17 14:41:37 - INFO - ℹ️   베이지안 Ridge R²: 0.3616
2025-07-17 14:41:37 - INFO - ℹ️   ARD R²: 0.3980
2025-07-17 14:41:37 - INFO - ℹ️   최적 분포: t
2025-07-17 14:41:37 - INFO - ℹ️   VaR 95%: -0.1315
2025-07-17 14:41:37 - INFO - ℹ️ 
SHY:
2025-07-17 14:41:37 - INFO - ℹ️   상관관계 상위: Dividends, cci, stoch_k
2025-07-17 14:41:37 - INFO - ℹ️   선형회귀 R²: -0.0387
2025-07-17 14:41:37 - INFO - ℹ️   랜덤포레스트 R²: 0.1803
2025-07-17 14:41:37 - INFO - ℹ️   MLP R²: 0.0000
2025-07-17 14:41:37 - INFO - ℹ️   베이지안 Ridge R²: 0.2304
2025-07-17 14:41:37 - INFO - ℹ️   ARD R²: 0.2271
2025-07-17 14:41:37 - INFO - ℹ️   최적 분포: t
2025-07-17 14:41:37 - INFO - ℹ️   VaR 95%: -0.0241
2025-07-17 14:41:37 - INFO - ℹ️ 
TLT:
2025-07-17 14:41:37 - INFO - ℹ️   상관관계 상위: cci, macd_histogram, stoch_k
2025-07-17 14:41:37 - INFO - ℹ️   선형회귀 R²: -0.0570
2025-07-17 14:41:37 - INFO - ℹ️   랜덤포레스트 R²: 0.3151
2025-07-17 14:41:37 - INFO - ℹ️   MLP R²: 0.0000
2025-07-17 14:41:37 - INFO - ℹ️   베이지안 Ridge R²: 0.0825
2025-07-17 14:41:37 - INFO - ℹ️   ARD R²: 0.0655
2025-07-17 14:41:37 - INFO - ℹ️   최적 분포: t
2025-07-17 14:41:37 - INFO - ℹ️   VaR 95%: -0.1456
2025-07-17 14:41:37 - INFO - 
------------------------------------------------------------
2025-07-17 14:41:37 - INFO - 🏆 모델 성능 비교
2025-07-17 14:41:37 - INFO - ------------------------------------------------------------
2025-07-17 14:41:37 - INFO - ℹ️ linear_regression: 평균 R² = -0.1063, 최고 R² = 0.0685
2025-07-17 14:41:37 - INFO - ℹ️ lasso_regression: 평균 R² = 0.0230, 최고 R² = 0.3644
2025-07-17 14:41:37 - INFO - ℹ️ random_forest: 평균 R² = -0.4210, 최고 R² = 0.3769
2025-07-17 14:41:37 - INFO - ℹ️ mlp: 평균 R² = 0.0000, 최고 R² = 0.0000
2025-07-17 14:41:37 - INFO - 
================================================================================
2025-07-17 14:41:37 - INFO - 🎉 분석 완료
2025-07-17 14:41:37 - INFO - ================================================================================
2025-07-17 14:41:37 - INFO - ✅ 총 6개 종목 분석 완료
2025-07-17 14:41:37 - INFO - ℹ️ 종합 요약 로그: log/summary_20250717_144107.log
