2025-07-17 15:47:26 - INFO - 
================================================================================
2025-07-17 15:47:26 - INFO - 💰 재무지표 기반 분석 종합 요약 리포트
2025-07-17 15:47:26 - INFO - ================================================================================
2025-07-17 15:47:26 - INFO - 
------------------------------------------------------------
2025-07-17 15:47:26 - INFO - 📋 분석 설정
2025-07-17 15:47:26 - INFO - ------------------------------------------------------------
2025-07-17 15:47:26 - INFO - ℹ️ 분석 유형: 재무지표 기반
2025-07-17 15:47:26 - INFO - ℹ️ 수익률 타입: percentage
2025-07-17 15:47:26 - INFO - ℹ️ 상위 특성 수: 10
2025-07-17 15:47:26 - INFO - ℹ️ 분석 종목 수: 8
2025-07-17 15:47:26 - INFO - 
------------------------------------------------------------
2025-07-17 15:47:26 - INFO - 📈 종목별 분석 요약
2025-07-17 15:47:26 - INFO - ------------------------------------------------------------
2025-07-17 15:47:26 - INFO - ℹ️ 
DBMF:
2025-07-17 15:47:26 - INFO - ℹ️   P/E 비율: None
2025-07-17 15:47:26 - INFO - ℹ️   ROE: None
2025-07-17 15:47:26 - INFO - ℹ️   부채비율: None
2025-07-17 15:47:26 - INFO - ℹ️   배당수익률: 6.04
2025-07-17 15:47:26 - INFO - ℹ️   상관관계 상위: 
2025-07-17 15:47:26 - INFO - ℹ️ 
GLD:
2025-07-17 15:47:26 - INFO - ℹ️   P/E 비율: None
2025-07-17 15:47:26 - INFO - ℹ️   ROE: None
2025-07-17 15:47:26 - INFO - ℹ️   부채비율: None
2025-07-17 15:47:26 - INFO - ℹ️   배당수익률: 0.0
2025-07-17 15:47:26 - INFO - ℹ️   상관관계 상위: 
2025-07-17 15:47:26 - INFO - ℹ️ 
QQQ:
2025-07-17 15:47:26 - INFO - ℹ️   P/E 비율: 32.640587
2025-07-17 15:47:26 - INFO - ℹ️   ROE: None
2025-07-17 15:47:26 - INFO - ℹ️   부채비율: None
2025-07-17 15:47:26 - INFO - ℹ️   배당수익률: 0.58
2025-07-17 15:47:26 - INFO - ℹ️   상관관계 상위: 
2025-07-17 15:47:26 - INFO - ℹ️ 
AAPL:
2025-07-17 15:47:26 - INFO - ℹ️   P/E 비율: 32.786274
2025-07-17 15:47:26 - INFO - ℹ️   ROE: 1.38015
2025-07-17 15:47:26 - INFO - ℹ️   부채비율: 146.994
2025-07-17 15:47:26 - INFO - ℹ️   배당수익률: 0.51
2025-07-17 15:47:26 - INFO - ℹ️   상관관계 상위: 
2025-07-17 15:47:26 - INFO - ℹ️ 
SHY:
2025-07-17 15:47:26 - INFO - ℹ️   P/E 비율: 3749.5454
2025-07-17 15:47:26 - INFO - ℹ️   ROE: None
2025-07-17 15:47:26 - INFO - ℹ️   부채비율: None
2025-07-17 15:47:26 - INFO - ℹ️   배당수익률: 3.95
2025-07-17 15:47:26 - INFO - ℹ️   상관관계 상위: 
2025-07-17 15:47:26 - INFO - ℹ️ 
MSFT:
2025-07-17 15:47:26 - INFO - ℹ️   P/E 비율: 39.07419
2025-07-17 15:47:26 - INFO - ℹ️   ROE: 0.3361
2025-07-17 15:47:26 - INFO - ℹ️   부채비율: 32.626
2025-07-17 15:47:26 - INFO - ℹ️   배당수익률: 0.67
2025-07-17 15:47:26 - INFO - ℹ️   상관관계 상위: 
2025-07-17 15:47:26 - INFO - ℹ️ 
TLT:
2025-07-17 15:47:26 - INFO - ℹ️   P/E 비율: None
2025-07-17 15:47:26 - INFO - ℹ️   ROE: None
2025-07-17 15:47:26 - INFO - ℹ️   부채비율: None
2025-07-17 15:47:26 - INFO - ℹ️   배당수익률: 4.39
2025-07-17 15:47:26 - INFO - ℹ️   상관관계 상위: 
2025-07-17 15:47:26 - INFO - ℹ️ 
SPY:
2025-07-17 15:47:26 - INFO - ℹ️   P/E 비율: 26.98331
2025-07-17 15:47:26 - INFO - ℹ️   ROE: None
2025-07-17 15:47:26 - INFO - ℹ️   부채비율: None
2025-07-17 15:47:26 - INFO - ℹ️   배당수익률: 1.21
2025-07-17 15:47:26 - INFO - ℹ️   상관관계 상위: 
2025-07-17 15:47:26 - INFO - 
================================================================================
2025-07-17 15:47:26 - INFO - 🎉 분석 완료
2025-07-17 15:47:26 - INFO - ================================================================================
2025-07-17 15:47:26 - INFO - ✅ 총 8개 종목 분석 완료
2025-07-17 15:47:26 - INFO - ℹ️ 종합 요약 로그: log/summary_20250717_154726.log
