2025-07-17 16:05:14 - INFO - 
================================================================================
2025-07-17 16:05:14 - INFO - 📊 기술적 지표 기반 정량 분석 종합 요약 리포트
2025-07-17 16:05:14 - INFO - ================================================================================
2025-07-17 16:05:14 - INFO - 
------------------------------------------------------------
2025-07-17 16:05:14 - INFO - 📋 분석 설정
2025-07-17 16:05:14 - INFO - ------------------------------------------------------------
2025-07-17 16:05:14 - INFO - ℹ️ 분석 유형: 기술적 지표 기반
2025-07-17 16:05:14 - INFO - ℹ️ 수익률 타입: percentage
2025-07-17 16:05:14 - INFO - ℹ️ 상위 특성 수: 10
2025-07-17 16:05:14 - INFO - ℹ️ 분석 종목 수: 8
2025-07-17 16:05:14 - INFO - 
------------------------------------------------------------
2025-07-17 16:05:14 - INFO - 📈 종목별 분석 요약
2025-07-17 16:05:14 - INFO - ------------------------------------------------------------
2025-07-17 16:05:14 - INFO - ℹ️ 
TLT:
2025-07-17 16:05:14 - INFO - ℹ️   상관관계 상위: stoch_k, williams_r, cci
2025-07-17 16:05:14 - INFO - ℹ️   선형회귀 R²: 0.3032
2025-07-17 16:05:14 - INFO - ℹ️   랜덤포레스트 R²: 0.4948
2025-07-17 16:05:14 - INFO - ℹ️   MLP R²: 0.0000
2025-07-17 16:05:14 - INFO - ℹ️   베이지안 Ridge R²: 0.5391
2025-07-17 16:05:14 - INFO - ℹ️   ARD R²: 0.0450
2025-07-17 16:05:14 - INFO - ℹ️   최적 분포: t
2025-07-17 16:05:14 - INFO - ℹ️   VaR 95%: -0.0137
2025-07-17 16:05:14 - INFO - ℹ️ 
MSFT:
2025-07-17 16:05:14 - INFO - ℹ️   상관관계 상위: stoch_k, williams_r, cci
2025-07-17 16:05:14 - INFO - ℹ️   선형회귀 R²: 0.1173
2025-07-17 16:05:14 - INFO - ℹ️   랜덤포레스트 R²: -0.1367
2025-07-17 16:05:14 - INFO - ℹ️   MLP R²: 0.0000
2025-07-17 16:05:14 - INFO - ℹ️   베이지안 Ridge R²: 0.4397
2025-07-17 16:05:14 - INFO - ℹ️   ARD R²: 0.5572
2025-07-17 16:05:14 - INFO - ℹ️   최적 분포: t
2025-07-17 16:05:14 - INFO - ℹ️   VaR 95%: -0.0235
2025-07-17 16:05:14 - INFO - ℹ️ 
SHY:
2025-07-17 16:05:14 - INFO - ℹ️   상관관계 상위: stoch_k, williams_r, cci
2025-07-17 16:05:14 - INFO - ℹ️   선형회귀 R²: 0.2620
2025-07-17 16:05:14 - INFO - ℹ️   랜덤포레스트 R²: 0.3060
2025-07-17 16:05:14 - INFO - ℹ️   MLP R²: 0.0000
2025-07-17 16:05:14 - INFO - ℹ️   베이지안 Ridge R²: 0.4827
2025-07-17 16:05:14 - INFO - ℹ️   ARD R²: -0.0047
2025-07-17 16:05:14 - INFO - ℹ️   최적 분포: skew_normal
2025-07-17 16:05:14 - INFO - ℹ️   VaR 95%: -0.0014
2025-07-17 16:05:14 - INFO - ℹ️ 
DBMF:
2025-07-17 16:05:14 - INFO - ℹ️   상관관계 상위: stoch_k, williams_r, cci
2025-07-17 16:05:14 - INFO - ℹ️   선형회귀 R²: 0.1634
2025-07-17 16:05:14 - INFO - ℹ️   랜덤포레스트 R²: 0.2650
2025-07-17 16:05:14 - INFO - ℹ️   MLP R²: 0.0000
2025-07-17 16:05:14 - INFO - ℹ️   베이지안 Ridge R²: 0.1696
2025-07-17 16:05:14 - INFO - ℹ️   ARD R²: -0.2158
2025-07-17 16:05:14 - INFO - ℹ️   최적 분포: t
2025-07-17 16:05:14 - INFO - ℹ️   VaR 95%: -0.0095
2025-07-17 16:05:14 - INFO - ℹ️ 
SPY:
2025-07-17 16:05:14 - INFO - ℹ️   상관관계 상위: stoch_k, williams_r, cci
2025-07-17 16:05:14 - INFO - ℹ️   선형회귀 R²: -0.0944
2025-07-17 16:05:14 - INFO - ℹ️   랜덤포레스트 R²: -0.6293
2025-07-17 16:05:14 - INFO - ℹ️   MLP R²: 0.0000
2025-07-17 16:05:14 - INFO - ℹ️   베이지안 Ridge R²: 0.2652
2025-07-17 16:05:14 - INFO - ℹ️   ARD R²: 0.4102
2025-07-17 16:05:14 - INFO - ℹ️   최적 분포: t
2025-07-17 16:05:14 - INFO - ℹ️   VaR 95%: -0.0182
2025-07-17 16:05:14 - INFO - ℹ️ 
QQQ:
2025-07-17 16:05:14 - INFO - ℹ️   상관관계 상위: stoch_k, williams_r, cci
2025-07-17 16:05:14 - INFO - ℹ️   선형회귀 R²: 0.0891
2025-07-17 16:05:14 - INFO - ℹ️   랜덤포레스트 R²: -0.3505
2025-07-17 16:05:14 - INFO - ℹ️   MLP R²: 0.0000
2025-07-17 16:05:14 - INFO - ℹ️   베이지안 Ridge R²: 0.4046
2025-07-17 16:05:14 - INFO - ℹ️   ARD R²: 0.4793
2025-07-17 16:05:14 - INFO - ℹ️   최적 분포: t
2025-07-17 16:05:14 - INFO - ℹ️   VaR 95%: -0.0266
2025-07-17 16:05:14 - INFO - ℹ️ 
GLD:
2025-07-17 16:05:14 - INFO - ℹ️   상관관계 상위: stoch_k, williams_r, cci
2025-07-17 16:05:14 - INFO - ℹ️   선형회귀 R²: 0.2125
2025-07-17 16:05:14 - INFO - ℹ️   랜덤포레스트 R²: 0.4142
2025-07-17 16:05:14 - INFO - ℹ️   MLP R²: 0.0000
2025-07-17 16:05:14 - INFO - ℹ️   베이지안 Ridge R²: 0.6989
2025-07-17 16:05:14 - INFO - ℹ️   ARD R²: 0.6600
2025-07-17 16:05:14 - INFO - ℹ️   최적 분포: t
2025-07-17 16:05:14 - INFO - ℹ️   VaR 95%: -0.0175
2025-07-17 16:05:14 - INFO - ℹ️ 
AAPL:
2025-07-17 16:05:14 - INFO - ℹ️   상관관계 상위: stoch_k, williams_r, cci
2025-07-17 16:05:14 - INFO - ℹ️   선형회귀 R²: 0.1867
2025-07-17 16:05:14 - INFO - ℹ️   랜덤포레스트 R²: -0.5855
2025-07-17 16:05:14 - INFO - ℹ️   MLP R²: 0.0000
2025-07-17 16:05:14 - INFO - ℹ️   베이지안 Ridge R²: 0.4507
2025-07-17 16:05:14 - INFO - ℹ️   ARD R²: 0.5056
2025-07-17 16:05:14 - INFO - ℹ️   최적 분포: t
2025-07-17 16:05:14 - INFO - ℹ️   VaR 95%: -0.0317
2025-07-17 16:05:14 - INFO - 
------------------------------------------------------------
2025-07-17 16:05:14 - INFO - 🏆 모델 성능 비교
2025-07-17 16:05:14 - INFO - ------------------------------------------------------------
2025-07-17 16:05:14 - INFO - ℹ️ linear_regression: 평균 R² = 0.1550, 최고 R² = 0.3032
2025-07-17 16:05:14 - INFO - ℹ️ lasso_regression: 평균 R² = 0.4447, 최고 R² = 0.6842
2025-07-17 16:05:14 - INFO - ℹ️ random_forest: 평균 R² = -0.0277, 최고 R² = 0.4948
2025-07-17 16:05:14 - INFO - ℹ️ mlp: 평균 R² = 0.0000, 최고 R² = 0.0000
2025-07-17 16:05:14 - INFO - 
================================================================================
2025-07-17 16:05:14 - INFO - 🎉 분석 완료
2025-07-17 16:05:14 - INFO - ================================================================================
2025-07-17 16:05:14 - INFO - ✅ 총 8개 종목 분석 완료
2025-07-17 16:05:14 - INFO - ℹ️ 종합 요약 로그: log/summary_20250717_160507.log
2025-07-17 16:05:15 - INFO - 
================================================================================
2025-07-17 16:05:15 - INFO - 💰 재무지표 기반 분석 종합 요약 리포트
2025-07-17 16:05:15 - INFO - ================================================================================
2025-07-17 16:05:15 - INFO - 
------------------------------------------------------------
2025-07-17 16:05:15 - INFO - 📋 분석 설정
2025-07-17 16:05:15 - INFO - ------------------------------------------------------------
2025-07-17 16:05:15 - INFO - ℹ️ 분석 유형: 재무지표 기반
2025-07-17 16:05:15 - INFO - ℹ️ 수익률 타입: percentage
2025-07-17 16:05:15 - INFO - ℹ️ 상위 특성 수: 10
2025-07-17 16:05:15 - INFO - ℹ️ 분석 종목 수: 8
2025-07-17 16:05:15 - INFO - 
------------------------------------------------------------
2025-07-17 16:05:15 - INFO - 📈 종목별 분석 요약
2025-07-17 16:05:15 - INFO - ------------------------------------------------------------
2025-07-17 16:05:15 - INFO - ℹ️ 
TLT:
2025-07-17 16:05:15 - INFO - ℹ️   P/E 비율: None
2025-07-17 16:05:15 - INFO - ℹ️   ROE: None
2025-07-17 16:05:15 - INFO - ℹ️   부채비율: None
2025-07-17 16:05:15 - INFO - ℹ️   배당수익률: 4.39
2025-07-17 16:05:15 - INFO - ℹ️   상관관계 상위: 
2025-07-17 16:05:15 - INFO - ℹ️   mlp R²: 0.0000
2025-07-17 16:05:15 - INFO - ℹ️ 
MSFT:
2025-07-17 16:05:15 - INFO - ℹ️   P/E 비율: 39.07419
2025-07-17 16:05:15 - INFO - ℹ️   ROE: 0.3361
2025-07-17 16:05:15 - INFO - ℹ️   부채비율: 32.626
2025-07-17 16:05:15 - INFO - ℹ️   배당수익률: 0.67
2025-07-17 16:05:15 - INFO - ℹ️   상관관계 상위: 
2025-07-17 16:05:15 - INFO - ℹ️   mlp R²: 0.0000
2025-07-17 16:05:15 - INFO - ℹ️ 
SHY:
2025-07-17 16:05:15 - INFO - ℹ️   P/E 비율: 3749.5454
2025-07-17 16:05:15 - INFO - ℹ️   ROE: None
2025-07-17 16:05:15 - INFO - ℹ️   부채비율: None
2025-07-17 16:05:15 - INFO - ℹ️   배당수익률: 3.95
2025-07-17 16:05:15 - INFO - ℹ️   상관관계 상위: 
2025-07-17 16:05:15 - INFO - ℹ️   mlp R²: 0.0000
2025-07-17 16:05:15 - INFO - ℹ️ 
DBMF:
2025-07-17 16:05:15 - INFO - ℹ️   P/E 비율: None
2025-07-17 16:05:15 - INFO - ℹ️   ROE: None
2025-07-17 16:05:15 - INFO - ℹ️   부채비율: None
2025-07-17 16:05:15 - INFO - ℹ️   배당수익률: 6.04
2025-07-17 16:05:15 - INFO - ℹ️   상관관계 상위: 
2025-07-17 16:05:15 - INFO - ℹ️   mlp R²: 0.0000
2025-07-17 16:05:15 - INFO - ℹ️ 
SPY:
2025-07-17 16:05:15 - INFO - ℹ️   P/E 비율: 26.98331
2025-07-17 16:05:15 - INFO - ℹ️   ROE: None
2025-07-17 16:05:15 - INFO - ℹ️   부채비율: None
2025-07-17 16:05:15 - INFO - ℹ️   배당수익률: 1.21
2025-07-17 16:05:15 - INFO - ℹ️   상관관계 상위: 
2025-07-17 16:05:15 - INFO - ℹ️   mlp R²: 0.0000
2025-07-17 16:05:15 - INFO - ℹ️ 
QQQ:
2025-07-17 16:05:15 - INFO - ℹ️   P/E 비율: 32.640587
2025-07-17 16:05:15 - INFO - ℹ️   ROE: None
2025-07-17 16:05:15 - INFO - ℹ️   부채비율: None
2025-07-17 16:05:15 - INFO - ℹ️   배당수익률: 0.58
2025-07-17 16:05:15 - INFO - ℹ️   상관관계 상위: 
2025-07-17 16:05:15 - INFO - ℹ️   mlp R²: 0.0000
2025-07-17 16:05:15 - INFO - ℹ️ 
GLD:
2025-07-17 16:05:15 - INFO - ℹ️   P/E 비율: None
2025-07-17 16:05:15 - INFO - ℹ️   ROE: None
2025-07-17 16:05:15 - INFO - ℹ️   부채비율: None
2025-07-17 16:05:15 - INFO - ℹ️   배당수익률: 0.0
2025-07-17 16:05:15 - INFO - ℹ️   상관관계 상위: 
2025-07-17 16:05:15 - INFO - ℹ️   mlp R²: 0.0000
2025-07-17 16:05:15 - INFO - ℹ️ 
AAPL:
2025-07-17 16:05:15 - INFO - ℹ️   P/E 비율: 32.786274
2025-07-17 16:05:15 - INFO - ℹ️   ROE: 1.38015
2025-07-17 16:05:15 - INFO - ℹ️   부채비율: 146.994
2025-07-17 16:05:15 - INFO - ℹ️   배당수익률: 0.51
2025-07-17 16:05:15 - INFO - ℹ️   상관관계 상위: 
2025-07-17 16:05:15 - INFO - ℹ️   mlp R²: 0.0000
2025-07-17 16:05:15 - INFO - 
================================================================================
2025-07-17 16:05:15 - INFO - 🎉 분석 완료
2025-07-17 16:05:15 - INFO - ================================================================================
2025-07-17 16:05:15 - INFO - ✅ 총 8개 종목 분석 완료
2025-07-17 16:05:15 - INFO - ℹ️ 종합 요약 로그: log/summary_20250717_160507.log
