2025-07-17 15:46:49 - INFO - 
================================================================================
2025-07-17 15:46:49 - INFO - 💰 재무지표 기반 분석 종합 요약 리포트
2025-07-17 15:46:49 - INFO - ================================================================================
2025-07-17 15:46:49 - INFO - 
------------------------------------------------------------
2025-07-17 15:46:49 - INFO - 📋 분석 설정
2025-07-17 15:46:49 - INFO - ------------------------------------------------------------
2025-07-17 15:46:49 - INFO - ℹ️ 분석 유형: 재무지표 기반
2025-07-17 15:46:49 - INFO - ℹ️ 수익률 타입: percentage
2025-07-17 15:46:49 - INFO - ℹ️ 상위 특성 수: 10
2025-07-17 15:46:49 - INFO - ℹ️ 분석 종목 수: 8
2025-07-17 15:46:49 - INFO - 
------------------------------------------------------------
2025-07-17 15:46:49 - INFO - 📈 종목별 분석 요약
2025-07-17 15:46:49 - INFO - ------------------------------------------------------------
2025-07-17 15:46:49 - INFO - ℹ️ 
DBMF:
2025-07-17 15:46:49 - INFO - ℹ️ 
GLD:
2025-07-17 15:46:49 - INFO - ℹ️ 
QQQ:
2025-07-17 15:46:49 - INFO - ℹ️ 
AAPL:
2025-07-17 15:46:49 - INFO - ℹ️ 
SHY:
2025-07-17 15:46:49 - INFO - ℹ️ 
MSFT:
2025-07-17 15:46:49 - INFO - ℹ️ 
TLT:
2025-07-17 15:46:49 - INFO - ℹ️ 
SPY:
2025-07-17 15:46:49 - INFO - 
================================================================================
2025-07-17 15:46:49 - INFO - 🎉 분석 완료
2025-07-17 15:46:49 - INFO - ================================================================================
2025-07-17 15:46:49 - INFO - ✅ 총 8개 종목 분석 완료
2025-07-17 15:46:49 - INFO - ℹ️ 종합 요약 로그: log/summary_20250717_154649.log
