2025-07-17 15:00:36 - INFO - 
================================================================================
2025-07-17 15:00:36 - INFO - 📊 정량 분석 종합 요약 리포트
2025-07-17 15:00:36 - INFO - ================================================================================
2025-07-17 15:00:36 - INFO - 
------------------------------------------------------------
2025-07-17 15:00:36 - INFO - 📋 분석 설정
2025-07-17 15:00:36 - INFO - ------------------------------------------------------------
2025-07-17 15:00:36 - INFO - ℹ️ 수익률 타입: percentage
2025-07-17 15:00:36 - INFO - ℹ️ 상위 특성 수: 10
2025-07-17 15:00:36 - INFO - ℹ️ 분석 종목 수: 6
2025-07-17 15:00:36 - INFO - 
------------------------------------------------------------
2025-07-17 15:00:36 - INFO - 📈 종목별 분석 요약
2025-07-17 15:00:36 - INFO - ------------------------------------------------------------
2025-07-17 15:00:36 - INFO - ℹ️ 
GLD:
2025-07-17 15:00:36 - INFO - ℹ️   상관관계 상위: cci, stoch_k, williams_r
2025-07-17 15:00:36 - INFO - ℹ️   선형회귀 R²: -0.2084
2025-07-17 15:00:36 - INFO - ℹ️   랜덤포레스트 R²: -1.4564
2025-07-17 15:00:36 - INFO - ℹ️   MLP R²: 0.0000
2025-07-17 15:00:36 - INFO - ℹ️   베이지안 Ridge R²: -0.3998
2025-07-17 15:00:36 - INFO - ℹ️   ARD R²: -0.6508
2025-07-17 15:00:36 - INFO - ℹ️   최적 분포: t
2025-07-17 15:00:36 - INFO - ℹ️   VaR 95%: -0.1643
2025-07-17 15:00:36 - INFO - ℹ️ 
DBMF:
2025-07-17 15:00:36 - INFO - ℹ️   상관관계 상위: cci, stoch_k, williams_r
2025-07-17 15:00:36 - INFO - ℹ️   선형회귀 R²: -0.1095
2025-07-17 15:00:36 - INFO - ℹ️   랜덤포레스트 R²: 0.1364
2025-07-17 15:00:36 - INFO - ℹ️   MLP R²: 0.0000
2025-07-17 15:00:36 - INFO - ℹ️   베이지안 Ridge R²: 0.1779
2025-07-17 15:00:36 - INFO - ℹ️   ARD R²: 0.2693
2025-07-17 15:00:36 - INFO - ℹ️   최적 분포: t
2025-07-17 15:00:36 - INFO - ℹ️   VaR 95%: -0.1053
2025-07-17 15:00:36 - INFO - ℹ️ 
SPY:
2025-07-17 15:00:36 - INFO - ℹ️   상관관계 상위: cci, macd_histogram, stoch_k
2025-07-17 15:00:36 - INFO - ℹ️   선형회귀 R²: -0.3401
2025-07-17 15:00:36 - INFO - ℹ️   랜덤포레스트 R²: -0.5311
2025-07-17 15:00:36 - INFO - ℹ️   MLP R²: 0.0000
2025-07-17 15:00:36 - INFO - ℹ️   베이지안 Ridge R²: -0.5864
2025-07-17 15:00:36 - INFO - ℹ️   ARD R²: -0.5906
2025-07-17 15:00:36 - INFO - ℹ️   최적 분포: t
2025-07-17 15:00:36 - INFO - ℹ️   VaR 95%: -0.1058
2025-07-17 15:00:36 - INFO - ℹ️ 
QQQ:
2025-07-17 15:00:36 - INFO - ℹ️   상관관계 상위: cci, rsi, stoch_k
2025-07-17 15:00:36 - INFO - ℹ️   선형회귀 R²: 0.0310
2025-07-17 15:00:36 - INFO - ℹ️   랜덤포레스트 R²: 0.3130
2025-07-17 15:00:36 - INFO - ℹ️   MLP R²: 0.0000
2025-07-17 15:00:36 - INFO - ℹ️   베이지안 Ridge R²: 0.3512
2025-07-17 15:00:36 - INFO - ℹ️   ARD R²: 0.3617
2025-07-17 15:00:36 - INFO - ℹ️   최적 분포: t
2025-07-17 15:00:36 - INFO - ℹ️   VaR 95%: -0.1317
2025-07-17 15:00:36 - INFO - ℹ️ 
SHY:
2025-07-17 15:00:36 - INFO - ℹ️   상관관계 상위: Dividends, cci, stoch_k
2025-07-17 15:00:36 - INFO - ℹ️   선형회귀 R²: 0.0933
2025-07-17 15:00:36 - INFO - ℹ️   랜덤포레스트 R²: -0.5371
2025-07-17 15:00:36 - INFO - ℹ️   MLP R²: 0.0000
2025-07-17 15:00:36 - INFO - ℹ️   베이지안 Ridge R²: 0.1643
2025-07-17 15:00:36 - INFO - ℹ️   ARD R²: 0.1993
2025-07-17 15:00:36 - INFO - ℹ️   최적 분포: t
2025-07-17 15:00:36 - INFO - ℹ️   VaR 95%: -0.0241
2025-07-17 15:00:36 - INFO - ℹ️ 
TLT:
2025-07-17 15:00:36 - INFO - ℹ️   상관관계 상위: cci, macd_histogram, stoch_k
2025-07-17 15:00:36 - INFO - ℹ️   선형회귀 R²: -0.0676
2025-07-17 15:00:36 - INFO - ℹ️   랜덤포레스트 R²: -0.4064
2025-07-17 15:00:36 - INFO - ℹ️   MLP R²: 0.0000
2025-07-17 15:00:36 - INFO - ℹ️   베이지안 Ridge R²: 0.1130
2025-07-17 15:00:36 - INFO - ℹ️   ARD R²: 0.1441
2025-07-17 15:00:36 - INFO - ℹ️   최적 분포: t
2025-07-17 15:00:36 - INFO - ℹ️   VaR 95%: -0.1459
2025-07-17 15:00:36 - INFO - 
------------------------------------------------------------
2025-07-17 15:00:36 - INFO - 🏆 모델 성능 비교
2025-07-17 15:00:36 - INFO - ------------------------------------------------------------
2025-07-17 15:00:36 - INFO - ℹ️ linear_regression: 평균 R² = -0.1002, 최고 R² = 0.0933
2025-07-17 15:00:36 - INFO - ℹ️ lasso_regression: 평균 R² = 0.0485, 최고 R² = 0.3436
2025-07-17 15:00:36 - INFO - ℹ️ random_forest: 평균 R² = -0.4136, 최고 R² = 0.3130
2025-07-17 15:00:36 - INFO - ℹ️ mlp: 평균 R² = 0.0000, 최고 R² = 0.0000
2025-07-17 15:00:36 - INFO - 
================================================================================
2025-07-17 15:00:36 - INFO - 🎉 분석 완료
2025-07-17 15:00:36 - INFO - ================================================================================
2025-07-17 15:00:36 - INFO - ✅ 총 6개 종목 분석 완료
2025-07-17 15:00:36 - INFO - ℹ️ 종합 요약 로그: log/summary_20250717_150004.log
