2025-07-17 15:23:03 - INFO - 
================================================================================
2025-07-17 15:23:03 - INFO - 💰 재무지표 기반 분석 종합 요약 리포트
2025-07-17 15:23:03 - INFO - ================================================================================
2025-07-17 15:23:03 - INFO - 
------------------------------------------------------------
2025-07-17 15:23:03 - INFO - 📋 분석 설정
2025-07-17 15:23:03 - INFO - ------------------------------------------------------------
2025-07-17 15:23:03 - INFO - ℹ️ 분석 유형: 재무지표 기반
2025-07-17 15:23:03 - INFO - ℹ️ 수익률 타입: percentage
2025-07-17 15:23:03 - INFO - ℹ️ 상위 특성 수: 10
2025-07-17 15:23:03 - INFO - ℹ️ 분석 종목 수: 1
2025-07-17 15:23:03 - INFO - 
------------------------------------------------------------
2025-07-17 15:23:03 - INFO - 📈 종목별 분석 요약
2025-07-17 15:23:03 - INFO - ------------------------------------------------------------
2025-07-17 15:23:03 - INFO - ℹ️ 
AAPL:
2025-07-17 15:23:03 - INFO - ℹ️   P/E 비율: 32.786274
2025-07-17 15:23:03 - INFO - ℹ️   ROE: 1.38015
2025-07-17 15:23:03 - INFO - ℹ️   부채비율: 146.994
2025-07-17 15:23:03 - INFO - ℹ️   배당수익률: 0.51
2025-07-17 15:23:03 - INFO - ℹ️   상관관계 상위: 
2025-07-17 15:23:03 - INFO - ℹ️   lasso_regression R²: -0.0270
2025-07-17 15:23:03 - INFO - ℹ️   random_forest R²: -0.0292
2025-07-17 15:23:03 - INFO - ℹ️   mlp R²: 0.0000
2025-07-17 15:23:03 - INFO - 
================================================================================
2025-07-17 15:23:03 - INFO - 🎉 분석 완료
2025-07-17 15:23:03 - INFO - ================================================================================
2025-07-17 15:23:03 - INFO - ✅ 총 1개 종목 분석 완료
2025-07-17 15:23:03 - INFO - ℹ️ 종합 요약 로그: log/summary_AAPL_20250717_152302.log
