=== TRAIN ๊ฑฐ๋ ๋ด์ญ ๋ก๊ทธ ===
์์ฑ ์๊ฐ: 2025-07-23 09:20:54
์คํ UUID: 20250723_092053
================================================================================

๐ AAPL (dual_momentum)
--------------------------------------------------
์ด ๊ฑฐ๋ ์: 1
์์ต๋ฅ: 0.30%
์คํ ๋น์จ: 1.471
์๋ฅดํฐ๋ธ ๋น์จ: 3.026

๊ฑฐ๋ ๋ด์ญ:
๋์ง                   ์๊ฐ         ํ์     ๊ฐ๊ฒฉ         ์๋       ์์ต๋ฅ        ๋์์์ต๋ฅ       
--------------------------------------------------------------------------------
2024-02-26           ๋งค์         180.07     1.00                            
2024-05-06           ๋งค๋         180.62     1.00     0.30      % 0.30        %

================================================================================

๐ META (swing_macd)
--------------------------------------------------
์ด ๊ฑฐ๋ ์: 4
์์ต๋ฅ: 38.30%
์คํ ๋น์จ: 2.030
์๋ฅดํฐ๋ธ ๋น์จ: 3.347

๊ฑฐ๋ ๋ด์ญ:
๋์ง                   ์๊ฐ         ํ์     ๊ฐ๊ฒฉ         ์๋       ์์ต๋ฅ        ๋์์์ต๋ฅ       
--------------------------------------------------------------------------------
2024-01-04           ๋งค์         345.23     1.00                            
2024-03-05           ๋งค๋         488.06     1.00     41.37     % 41.37       %
2024-03-07           ๋งค์         509.94     1.00                            
2024-03-08           ๋งค๋         503.72     1.00     -1.22     % 40.16       %
2024-04-09           ๋งค์         514.63     1.00                            
2024-04-12           ๋งค๋         509.65     1.00     -0.97     % 39.19       %
2024-05-10           ๋งค์         474.10     1.00                            

================================================================================

๐ NFLX (swing_macd)
--------------------------------------------------
์ด ๊ฑฐ๋ ์: 6
์์ต๋ฅ: 28.91%
์คํ ๋น์จ: 2.498
์๋ฅดํฐ๋ธ ๋น์จ: 3.694

๊ฑฐ๋ ๋ด์ญ:
๋์ง                   ์๊ฐ         ํ์     ๊ฐ๊ฒฉ         ์๋       ์์ต๋ฅ        ๋์์์ต๋ฅ       
--------------------------------------------------------------------------------
2024-01-03           ๋งค์         470.26     1.00                            
2024-01-19           ๋งค๋         482.95     1.00     2.70      % 2.70        %
2024-01-22           ๋งค์         485.71     1.00                            
2024-02-12           ๋งค๋         557.85     1.00     14.85     % 17.55       %
2024-02-15           ๋งค์         593.46     1.00                            
2024-03-08           ๋งค๋         604.82     1.00     1.91      % 19.47       %
2024-03-22           ๋งค์         628.01     1.00                            
2024-03-26           ๋งค๋         629.24     1.00     0.20      % 19.66       %
2024-05-07           ๋งค์         606.00     1.00                            
2024-06-10           ๋งค๋         644.50     1.00     6.35      % 26.01       %
2024-06-14           ๋งค์         669.38     1.00                            
2024-07-01           ๋งค๋         673.61     1.00     0.63      % 26.65       %

================================================================================

๐ QQQ (swing_rsi)
--------------------------------------------------
์ด ๊ฑฐ๋ ์: 9
์์ต๋ฅ: 8.33%
์คํ ๋น์จ: 2.531
์๋ฅดํฐ๋ธ ๋น์จ: 4.202

๊ฑฐ๋ ๋ด์ญ:
๋์ง                   ์๊ฐ         ํ์     ๊ฐ๊ฒฉ         ์๋       ์์ต๋ฅ        ๋์์์ต๋ฅ       
--------------------------------------------------------------------------------
2024-03-04           ๋งค์         440.25     1.00                            
2024-03-06           ๋งค๋         435.06     1.00     -1.18     % -1.18       %
2024-03-07           ๋งค์         441.66     1.00                            
2024-03-13           ๋งค๋         436.51     1.00     -1.17     % -2.35       %
2024-03-19           ๋งค์         435.42     1.00                            
2024-03-22           ๋งค๋         443.17     1.00     1.78      % -0.56       %
2024-03-25           ๋งค์         441.56     1.00                            
2024-03-27           ๋งค๋         441.63     1.00     0.02      % -0.55       %
2024-04-05           ๋งค์         437.30     1.00                            
2024-04-08           ๋งค๋         437.43     1.00     0.03      % -0.52       %
2024-04-22           ๋งค์         415.81     1.00                            
2024-04-29           ๋งค๋         429.64     1.00     3.33      % 2.81        %
2024-04-30           ๋งค์         421.54     1.00                            
2024-05-14           ๋งค๋         442.72     1.00     5.03      % 7.83        %
2024-05-16           ๋งค์         448.73     1.00                            
2024-05-23           ๋งค๋         450.40     1.00     0.37      % 8.20        %
2024-06-26           ๋งค์         477.67     1.00                            

================================================================================

๐ SPY (swing_rsi)
--------------------------------------------------
์ด ๊ฑฐ๋ ์: 7
์์ต๋ฅ: 11.64%
์คํ ๋น์จ: 2.824
์๋ฅดํฐ๋ธ ๋น์จ: 4.416

๊ฑฐ๋ ๋ด์ญ:
๋์ง                   ์๊ฐ         ํ์     ๊ฐ๊ฒฉ         ์๋       ์์ต๋ฅ        ๋์์์ต๋ฅ       
--------------------------------------------------------------------------------
2024-01-31           ๋งค์         473.93     1.00                            
2024-02-09           ๋งค๋         491.91     1.00     3.79      % 3.79        %
2024-04-22           ๋งค์         491.99     1.00                            
2024-04-29           ๋งค๋         502.17     1.00     2.07      % 5.86        %
2024-04-30           ๋งค์         494.21     1.00                            
2024-05-14           ๋งค๋         515.20     1.00     4.25      % 10.11       %
2024-05-17           ๋งค์         521.26     1.00                            
2024-05-23           ๋งค๋         517.82     1.00     -0.66     % 9.45        %
2024-06-04           ๋งค์         520.21     1.00                            
2024-06-05           ๋งค๋         526.39     1.00     1.19      % 10.64       %
2024-06-10           ๋งค์         527.37     1.00                            
2024-06-11           ๋งค๋         528.64     1.00     0.24      % 10.88       %
2024-06-14           ๋งค์         534.38     1.00                            
2024-06-24           ๋งค๋         536.06     1.00     0.32      % 11.20       %

================================================================================

๐ NVDA (dual_momentum)
--------------------------------------------------
๊ฑฐ๋ ๋ด์ญ ์์

================================================================================

๐ TSLA (dual_momentum)
--------------------------------------------------
์ด ๊ฑฐ๋ ์: 1
์์ต๋ฅ: 14.52%
์คํ ๋น์จ: -0.027
์๋ฅดํฐ๋ธ ๋น์จ: -0.049

๊ฑฐ๋ ๋ด์ญ:
๋์ง                   ์๊ฐ         ํ์     ๊ฐ๊ฒฉ         ์๋       ์์ต๋ฅ        ๋์์์ต๋ฅ       
--------------------------------------------------------------------------------
2024-01-26           ๋งค์         183.25     1.00                            
2024-07-01           ๋งค๋         209.86     1.00     14.52     % 14.52       %

================================================================================

๐ MSFT (swing_rsi)
--------------------------------------------------
์ด ๊ฑฐ๋ ์: 9
์์ต๋ฅ: 13.37%
์คํ ๋น์จ: 2.293
์๋ฅดํฐ๋ธ ๋น์จ: 3.193

๊ฑฐ๋ ๋ด์ญ:
๋์ง                   ์๊ฐ         ํ์     ๊ฐ๊ฒฉ         ์๋       ์์ต๋ฅ        ๋์์์ต๋ฅ       
--------------------------------------------------------------------------------
2024-02-05           ๋งค์         401.10     1.00                            
2024-02-12           ๋งค๋         410.60     1.00     2.37      % 2.37        %
2024-02-21           ๋งค์         398.40     1.00                            
2024-02-26           ๋งค๋         403.71     1.00     1.33      % 3.70        %
2024-02-29           ๋งค์         409.75     1.00                            
2024-03-05           ๋งค๋         398.87     1.00     -2.66     % 1.04        %
2024-03-07           ๋งค์         405.30     1.00                            
2024-03-15           ๋งค๋         412.51     1.00     1.78      % 2.82        %
2024-03-18           ๋งค์         413.40     1.00                            
2024-03-19           ๋งค๋         417.45     1.00     0.98      % 3.80        %
2024-03-20           ๋งค์         421.23     1.00                            
2024-03-28           ๋งค๋         416.77     1.00     -1.06     % 2.74        %
2024-04-23           ๋งค์         403.74     1.00                            
2024-05-14           ๋งค๋         412.65     1.00     2.21      % 4.95        %
2024-05-16           ๋งค์         417.79     1.00                            
2024-05-23           ๋งค๋         423.75     1.00     1.43      % 6.38        %
2024-06-06           ๋งค์         421.29     1.00                            
2024-06-26           ๋งค๋         448.72     1.00     6.51      % 12.89       %

================================================================================

๐ PLTR (dual_momentum)
--------------------------------------------------
์ด ๊ฑฐ๋ ์: 1
์์ต๋ฅ: 12.44%
์คํ ๋น์จ: 1.632
์๋ฅดํฐ๋ธ ๋น์จ: 3.130

๊ฑฐ๋ ๋ด์ญ:
๋์ง                   ์๊ฐ         ํ์     ๊ฐ๊ฒฉ         ์๋       ์์ต๋ฅ        ๋์์์ต๋ฅ       
--------------------------------------------------------------------------------
2024-04-10           ๋งค์         22.42      1.00                            
2024-05-06           ๋งค๋         25.21      1.00     12.44     % 12.44       %

================================================================================

๐ NVO (dual_momentum)
--------------------------------------------------
์ด ๊ฑฐ๋ ์: 1
์์ต๋ฅ: 5.99%
์คํ ๋น์จ: 2.582
์๋ฅดํฐ๋ธ ๋น์จ: 5.913

๊ฑฐ๋ ๋ด์ญ:
๋์ง                   ์๊ฐ         ํ์     ๊ฐ๊ฒฉ         ์๋       ์์ต๋ฅ        ๋์์์ต๋ฅ       
--------------------------------------------------------------------------------
2024-04-02           ๋งค์         123.99     1.00                            
2024-05-22           ๋งค๋         131.41     1.00     5.99      % 5.99        %

================================================================================

๐ CONL (dual_momentum)
--------------------------------------------------
์ด ๊ฑฐ๋ ์: 2
์์ต๋ฅ: 18.93%
์คํ ๋น์จ: 1.381
์๋ฅดํฐ๋ธ ๋น์จ: 2.944

๊ฑฐ๋ ๋ด์ญ:
๋์ง                   ์๊ฐ         ํ์     ๊ฐ๊ฒฉ         ์๋       ์์ต๋ฅ        ๋์์์ต๋ฅ       
--------------------------------------------------------------------------------
2024-04-15           ๋งค์         52.51      1.00                            
2024-06-06           ๋งค๋         62.45      1.00     18.93     % 18.93       %
2024-06-26           ๋งค์         42.46      1.00                            

================================================================================

๐ ETHU (dual_momentum)
--------------------------------------------------
์ด ๊ฑฐ๋ ์: 1
์์ต๋ฅ: 0.00%
์คํ ๋น์จ: -2.430
์๋ฅดํฐ๋ธ ๋น์จ: -3.001

๊ฑฐ๋ ๋ด์ญ:
๋์ง                   ์๊ฐ         ํ์     ๊ฐ๊ฒฉ         ์๋       ์์ต๋ฅ        ๋์์์ต๋ฅ       
--------------------------------------------------------------------------------
2024-08-05           ๋งค์         105.44     1.00                            

================================================================================

