2025-07-23 09:44:01 - INFO - ℹ️ 🔍 PortfolioManager 초기화 시작
2025-07-23 09:44:01 - INFO - ℹ️ 🔍 설정 파일 경로: /home/yunchae/repository/quant-racoon/config/config_swing.json
2025-07-23 09:44:01 - INFO - ℹ️ 🔍 시간대: swing
2025-07-23 09:44:01 - INFO - ℹ️ 🔍 UUID: 20250723_093937_214efdd6
2025-07-23 09:44:01 - INFO - ✅ ✅ PortfolioWeightCalculator 초기화 완료
2025-07-23 09:44:01 - INFO - ✅ ✅ PortfolioManager 초기화 완료
2025-07-23 09:44:01 - INFO - ℹ️ 🔍 포트폴리오 최적화 시작 - 데이터 디렉토리: data/swing
2025-07-23 09:44:01 - INFO - ℹ️ 🔍 설정 파일 경로: /home/yunchae/repository/quant-racoon/config/config_swing.json
2025-07-23 09:44:01 - INFO - ℹ️ 🔍 UUID: 20250723_093937_214efdd6
2025-07-23 09:44:01 - INFO - ℹ️ 🔍 현재 작업 디렉토리: /home/yunchae/repository/quant-racoon
2025-07-23 09:44:01 - INFO - ℹ️ 📊 1단계: 포트폴리오 데이터 로드 시작
2025-07-23 09:44:01 - INFO - ℹ️ 🔍 데이터 디렉토리 존재 여부: True
2025-07-23 09:44:01 - INFO - ℹ️ 🔍 데이터 디렉토리 내용: ['TSLA_daily_auto_2025-07-22_20250723_093937_214efdd6.csv', 'NVO_daily_auto_2025-07-22_20250723_093937_214efdd6.csv', 'QQQ_daily_auto_2025-07-22_20250723_093937_214efdd6.csv', 'SPY_daily_auto_2025-07-22_20250723_093937_214efdd6.csv', 'PLTR_daily_auto_2025-07-22_20250723_093937_214efdd6.csv', 'CONL_daily_auto_2025-07-22_20250723_093937_214efdd6.csv', 'ETHU_daily_auto_2025-07-22_20250723_093937_214efdd6.csv', 'NVDA_daily_auto_2025-07-22_20250723_093937_214efdd6.csv', 'AAPL_daily_auto_2025-07-22_20250723_093937_214efdd6.csv', 'NFLX_daily_auto_2025-07-22_20250723_093937_214efdd6.csv', 'META_daily_auto_2025-07-22_20250723_093937_214efdd6.csv', 'MSFT_daily_auto_2025-07-22_20250723_093937_214efdd6.csv']
2025-07-23 09:44:01 - INFO - ℹ️ 🔍 데이터 디렉토리: data/swing
2025-07-23 09:44:01 - INFO - ℹ️ 🔍 UUID: 20250723_093937_214efdd6
2025-07-23 09:44:01 - INFO - ℹ️ 🔍 설정된 심볼들: ['AAPL', 'META', 'NFLX', 'QQQ', 'SPY', 'NVDA', 'TSLA', 'MSFT', 'PLTR', 'NVO', 'CONL', 'ETHU']
2025-07-23 09:44:01 - INFO - ℹ️ 🔍 time_horizon 기반 데이터 경로: data/swing
2025-07-23 09:44:01 - INFO - ℹ️ 🔍 최종 검색 경로: data/swing
2025-07-23 09:44:01 - INFO - ℹ️ 🔍 AAPL 데이터 파일 검색 중...
2025-07-23 09:44:01 - INFO - ℹ️ 🔍 검색 패턴: AAPL_*.csv
2025-07-23 09:44:01 - INFO - ℹ️ 🔍 검색 경로: data/swing
2025-07-23 09:44:01 - INFO - ℹ️ 🔍 AAPL에 대한 매칭 파일: ['AAPL_daily_auto_2025-07-22_20250723_093937_214efdd6.csv']
2025-07-23 09:44:01 - INFO - ℹ️ 🔍 AAPL 파일 로드: data/swing/AAPL_daily_auto_2025-07-22_20250723_093937_214efdd6.csv
2025-07-23 09:44:01 - INFO - ℹ️ ✅ AAPL 데이터 로드: AAPL_daily_auto_2025-07-22_20250723_093937_214efdd6.csv (행: 250)
2025-07-23 09:44:01 - INFO - ℹ️ 🔍 META 데이터 파일 검색 중...
2025-07-23 09:44:01 - INFO - ℹ️ 🔍 검색 패턴: META_*.csv
2025-07-23 09:44:01 - INFO - ℹ️ 🔍 검색 경로: data/swing
2025-07-23 09:44:01 - INFO - ℹ️ 🔍 META에 대한 매칭 파일: ['META_daily_auto_2025-07-22_20250723_093937_214efdd6.csv']
2025-07-23 09:44:01 - INFO - ℹ️ 🔍 META 파일 로드: data/swing/META_daily_auto_2025-07-22_20250723_093937_214efdd6.csv
2025-07-23 09:44:01 - INFO - ℹ️ ✅ META 데이터 로드: META_daily_auto_2025-07-22_20250723_093937_214efdd6.csv (행: 250)
2025-07-23 09:44:01 - INFO - ℹ️ 🔍 NFLX 데이터 파일 검색 중...
2025-07-23 09:44:01 - INFO - ℹ️ 🔍 검색 패턴: NFLX_*.csv
2025-07-23 09:44:01 - INFO - ℹ️ 🔍 검색 경로: data/swing
2025-07-23 09:44:01 - INFO - ℹ️ 🔍 NFLX에 대한 매칭 파일: ['NFLX_daily_auto_2025-07-22_20250723_093937_214efdd6.csv']
2025-07-23 09:44:01 - INFO - ℹ️ 🔍 NFLX 파일 로드: data/swing/NFLX_daily_auto_2025-07-22_20250723_093937_214efdd6.csv
2025-07-23 09:44:01 - INFO - ℹ️ ✅ NFLX 데이터 로드: NFLX_daily_auto_2025-07-22_20250723_093937_214efdd6.csv (행: 250)
2025-07-23 09:44:01 - INFO - ℹ️ 🔍 QQQ 데이터 파일 검색 중...
2025-07-23 09:44:01 - INFO - ℹ️ 🔍 검색 패턴: QQQ_*.csv
2025-07-23 09:44:01 - INFO - ℹ️ 🔍 검색 경로: data/swing
2025-07-23 09:44:01 - INFO - ℹ️ 🔍 QQQ에 대한 매칭 파일: ['QQQ_daily_auto_2025-07-22_20250723_093937_214efdd6.csv']
2025-07-23 09:44:01 - INFO - ℹ️ 🔍 QQQ 파일 로드: data/swing/QQQ_daily_auto_2025-07-22_20250723_093937_214efdd6.csv
2025-07-23 09:44:01 - INFO - ℹ️ ✅ QQQ 데이터 로드: QQQ_daily_auto_2025-07-22_20250723_093937_214efdd6.csv (행: 250)
2025-07-23 09:44:01 - INFO - ℹ️ 🔍 SPY 데이터 파일 검색 중...
2025-07-23 09:44:01 - INFO - ℹ️ 🔍 검색 패턴: SPY_*.csv
2025-07-23 09:44:01 - INFO - ℹ️ 🔍 검색 경로: data/swing
2025-07-23 09:44:01 - INFO - ℹ️ 🔍 SPY에 대한 매칭 파일: ['SPY_daily_auto_2025-07-22_20250723_093937_214efdd6.csv']
2025-07-23 09:44:01 - INFO - ℹ️ 🔍 SPY 파일 로드: data/swing/SPY_daily_auto_2025-07-22_20250723_093937_214efdd6.csv
2025-07-23 09:44:01 - INFO - ℹ️ ✅ SPY 데이터 로드: SPY_daily_auto_2025-07-22_20250723_093937_214efdd6.csv (행: 250)
2025-07-23 09:44:01 - INFO - ℹ️ 🔍 NVDA 데이터 파일 검색 중...
2025-07-23 09:44:01 - INFO - ℹ️ 🔍 검색 패턴: NVDA_*.csv
2025-07-23 09:44:01 - INFO - ℹ️ 🔍 검색 경로: data/swing
2025-07-23 09:44:01 - INFO - ℹ️ 🔍 NVDA에 대한 매칭 파일: ['NVDA_daily_auto_2025-07-22_20250723_093937_214efdd6.csv']
2025-07-23 09:44:01 - INFO - ℹ️ 🔍 NVDA 파일 로드: data/swing/NVDA_daily_auto_2025-07-22_20250723_093937_214efdd6.csv
2025-07-23 09:44:01 - INFO - ℹ️ ✅ NVDA 데이터 로드: NVDA_daily_auto_2025-07-22_20250723_093937_214efdd6.csv (행: 250)
2025-07-23 09:44:01 - INFO - ℹ️ 🔍 TSLA 데이터 파일 검색 중...
2025-07-23 09:44:01 - INFO - ℹ️ 🔍 검색 패턴: TSLA_*.csv
2025-07-23 09:44:01 - INFO - ℹ️ 🔍 검색 경로: data/swing
2025-07-23 09:44:01 - INFO - ℹ️ 🔍 TSLA에 대한 매칭 파일: ['TSLA_daily_auto_2025-07-22_20250723_093937_214efdd6.csv']
2025-07-23 09:44:01 - INFO - ℹ️ 🔍 TSLA 파일 로드: data/swing/TSLA_daily_auto_2025-07-22_20250723_093937_214efdd6.csv
2025-07-23 09:44:01 - INFO - ℹ️ ✅ TSLA 데이터 로드: TSLA_daily_auto_2025-07-22_20250723_093937_214efdd6.csv (행: 250)
2025-07-23 09:44:01 - INFO - ℹ️ 🔍 MSFT 데이터 파일 검색 중...
2025-07-23 09:44:01 - INFO - ℹ️ 🔍 검색 패턴: MSFT_*.csv
2025-07-23 09:44:01 - INFO - ℹ️ 🔍 검색 경로: data/swing
2025-07-23 09:44:01 - INFO - ℹ️ 🔍 MSFT에 대한 매칭 파일: ['MSFT_daily_auto_2025-07-22_20250723_093937_214efdd6.csv']
2025-07-23 09:44:01 - INFO - ℹ️ 🔍 MSFT 파일 로드: data/swing/MSFT_daily_auto_2025-07-22_20250723_093937_214efdd6.csv
2025-07-23 09:44:01 - INFO - ℹ️ ✅ MSFT 데이터 로드: MSFT_daily_auto_2025-07-22_20250723_093937_214efdd6.csv (행: 250)
2025-07-23 09:44:01 - INFO - ℹ️ 🔍 PLTR 데이터 파일 검색 중...
2025-07-23 09:44:01 - INFO - ℹ️ 🔍 검색 패턴: PLTR_*.csv
2025-07-23 09:44:01 - INFO - ℹ️ 🔍 검색 경로: data/swing
2025-07-23 09:44:01 - INFO - ℹ️ 🔍 PLTR에 대한 매칭 파일: ['PLTR_daily_auto_2025-07-22_20250723_093937_214efdd6.csv']
2025-07-23 09:44:01 - INFO - ℹ️ 🔍 PLTR 파일 로드: data/swing/PLTR_daily_auto_2025-07-22_20250723_093937_214efdd6.csv
2025-07-23 09:44:01 - INFO - ℹ️ ✅ PLTR 데이터 로드: PLTR_daily_auto_2025-07-22_20250723_093937_214efdd6.csv (행: 250)
2025-07-23 09:44:01 - INFO - ℹ️ 🔍 NVO 데이터 파일 검색 중...
2025-07-23 09:44:01 - INFO - ℹ️ 🔍 검색 패턴: NVO_*.csv
2025-07-23 09:44:01 - INFO - ℹ️ 🔍 검색 경로: data/swing
2025-07-23 09:44:01 - INFO - ℹ️ 🔍 NVO에 대한 매칭 파일: ['NVO_daily_auto_2025-07-22_20250723_093937_214efdd6.csv']
2025-07-23 09:44:01 - INFO - ℹ️ 🔍 NVO 파일 로드: data/swing/NVO_daily_auto_2025-07-22_20250723_093937_214efdd6.csv
2025-07-23 09:44:01 - INFO - ℹ️ ✅ NVO 데이터 로드: NVO_daily_auto_2025-07-22_20250723_093937_214efdd6.csv (행: 250)
2025-07-23 09:44:01 - INFO - ℹ️ 🔍 CONL 데이터 파일 검색 중...
2025-07-23 09:44:01 - INFO - ℹ️ 🔍 검색 패턴: CONL_*.csv
2025-07-23 09:44:01 - INFO - ℹ️ 🔍 검색 경로: data/swing
2025-07-23 09:44:01 - INFO - ℹ️ 🔍 CONL에 대한 매칭 파일: ['CONL_daily_auto_2025-07-22_20250723_093937_214efdd6.csv']
2025-07-23 09:44:01 - INFO - ℹ️ 🔍 CONL 파일 로드: data/swing/CONL_daily_auto_2025-07-22_20250723_093937_214efdd6.csv
2025-07-23 09:44:01 - INFO - ℹ️ ✅ CONL 데이터 로드: CONL_daily_auto_2025-07-22_20250723_093937_214efdd6.csv (행: 250)
2025-07-23 09:44:01 - INFO - ℹ️ 🔍 ETHU 데이터 파일 검색 중...
2025-07-23 09:44:01 - INFO - ℹ️ 🔍 검색 패턴: ETHU_*.csv
2025-07-23 09:44:01 - INFO - ℹ️ 🔍 검색 경로: data/swing
2025-07-23 09:44:01 - INFO - ℹ️ 🔍 ETHU에 대한 매칭 파일: ['ETHU_daily_auto_2025-07-22_20250723_093937_214efdd6.csv']
2025-07-23 09:44:01 - INFO - ℹ️ 🔍 ETHU 파일 로드: data/swing/ETHU_daily_auto_2025-07-22_20250723_093937_214efdd6.csv
2025-07-23 09:44:01 - INFO - ℹ️ ✅ ETHU 데이터 로드: ETHU_daily_auto_2025-07-22_20250723_093937_214efdd6.csv (행: 250)
2025-07-23 09:44:01 - INFO - ✅ 포트폴리오 데이터 로드 완료: 12개 종목
2025-07-23 09:44:01 - INFO - ℹ️ Train/Test 분할 완료: Train 12개 종목, Test 12개 종목
2025-07-23 09:44:01 - INFO - ✅ ✅ 데이터 로드 완료: 12개 종목
2025-07-23 09:44:01 - INFO - ℹ️ 🔍 로드된 종목들: ['AAPL', 'META', 'NFLX', 'QQQ', 'SPY', 'NVDA', 'TSLA', 'MSFT', 'PLTR', 'NVO', 'CONL', 'ETHU']
2025-07-23 09:44:01 - INFO - ℹ️ 📊 2단계: 개별 최적화 결과 로드 시작
2025-07-23 09:44:01 - INFO - ℹ️ 🔍 최신 최적화 결과 파일 자동 감지
2025-07-23 09:44:01 - INFO - ℹ️ 🔍 최신 최적화 결과 파일 검색 시작
2025-07-23 09:44:01 - INFO - ℹ️ 🔍 결과 디렉토리: results/swing
2025-07-23 09:44:01 - INFO - ℹ️ 🔍 찾은 최적화 파일들: ['hyperparam_optimization_20250723_20250723_093937_214efdd6.json']
2025-07-23 09:44:01 - INFO - ℹ️ 🔍 최신 파일 선택: hyperparam_optimization_20250723_20250723_093937_214efdd6.json
2025-07-23 09:44:01 - INFO - ✅ 개별 최적화 결과 로드 완료: 216개 조합
2025-07-23 09:44:01 - INFO - ✅ ✅ 개별 최적화 결과 로드 완료: 216개 조합
2025-07-23 09:44:01 - INFO - ℹ️ 🔍 최적화 결과 키 예시: ['dual_momentum_AAPL', 'dual_momentum_META', 'dual_momentum_NFLX', 'dual_momentum_QQQ', 'dual_momentum_SPY']
2025-07-23 09:44:01 - INFO - ℹ️ 📊 3단계: 포트폴리오 최적화 실행 시작
2025-07-23 09:44:01 - INFO - ℹ️ 🔍 데이터 종목 수: 12
2025-07-23 09:44:01 - INFO - ℹ️ 🔍 최적화 결과 조합 수: 216
2025-07-23 09:44:01 - INFO - 
============================================================
2025-07-23 09:44:01 - INFO - 🎯 개별 최적화 결과 기반 포트폴리오 최적화
2025-07-23 09:44:01 - INFO - ============================================================
2025-07-23 09:44:01 - INFO - ℹ️ 🔍 설정 파일에서 최적화 방법 로드: risk_parity -> risk_parity
2025-07-23 09:44:01 - INFO - ℹ️ 🔍 입력 데이터 검증:
2025-07-23 09:44:01 - INFO - ℹ️   - 데이터 종목 수: 12
2025-07-23 09:44:01 - INFO - ℹ️   - 최적화 결과 조합 수: 216
2025-07-23 09:44:01 - INFO - ℹ️   - 최적화 방법: risk_parity
2025-07-23 09:44:01 - INFO - ℹ️ 📊 1단계: 각 종목별 최적 전략 선택 시작
2025-07-23 09:44:01 - INFO - ℹ️ 🎯 각 종목별 최적 전략 선택 시작
2025-07-23 09:44:01 - WARNING - ⚠️ ⚠️ AAPL 유효한 전략 없음
2025-07-23 09:44:01 - INFO - ✅ ✅ META 최적 전략: swing_macd (점수: 52.217)
2025-07-23 09:44:01 - INFO - ✅ ✅ NFLX 최적 전략: swing_rsi (점수: 52.285)
2025-07-23 09:44:01 - INFO - ✅ ✅ QQQ 최적 전략: swing_rsi (점수: 41.011)
2025-07-23 09:44:01 - INFO - ✅ ✅ SPY 최적 전략: swing_rsi (점수: 33.774)
2025-07-23 09:44:01 - WARNING - ⚠️ ⚠️ NVDA 유효한 전략 없음
2025-07-23 09:44:01 - WARNING - ⚠️ ⚠️ TSLA 유효한 전략 없음
2025-07-23 09:44:01 - INFO - ✅ ✅ MSFT 최적 전략: swing_donchian (점수: 29.590)
2025-07-23 09:44:01 - WARNING - ⚠️ ⚠️ PLTR 유효한 전략 없음
2025-07-23 09:44:01 - WARNING - ⚠️ ⚠️ NVO 유효한 전략 없음
2025-07-23 09:44:01 - WARNING - ⚠️ ⚠️ CONL 유효한 전략 없음
2025-07-23 09:44:01 - WARNING - ⚠️ ⚠️ ETHU 유효한 전략 없음
2025-07-23 09:44:01 - INFO - ℹ️ 📊 종목별 최적 전략 선택 완료: 5개 종목
2025-07-23 09:44:01 - INFO - ✅ ✅ 종목별 최적 전략 선택 완료: 5개 종목
2025-07-23 09:44:01 - INFO - ℹ️ 📊 2단계: 최적 전략 기반 포트폴리오 구성 시작
2025-07-23 09:44:01 - INFO - ℹ️ 🎯 최적 전략 기반 포트폴리오 구성 시작
2025-07-23 09:44:01 - INFO - ℹ️   - 파라미터 설정: macd_fast = 14
2025-07-23 09:44:01 - INFO - ℹ️   - 파라미터 설정: macd_slow = 34
2025-07-23 09:44:01 - INFO - ℹ️   - 파라미터 설정: macd_signal = 14
2025-07-23 09:44:01 - INFO - ✅ ✅ META 수익률 계산 성공
2025-07-23 09:44:01 - INFO - ℹ️   - 파라미터 설정: rsi_period = 12
2025-07-23 09:44:01 - INFO - ℹ️   - 파라미터 설정: rsi_oversold = 27
2025-07-23 09:44:01 - INFO - ℹ️   - 파라미터 설정: rsi_overbought = 66
2025-07-23 09:44:01 - INFO - ℹ️   - 파라미터 설정: min_holding_days = 9
2025-07-23 09:44:01 - INFO - ℹ️   - 파라미터 설정: max_holding_days = 8
2025-07-23 09:44:01 - INFO - ℹ️   - 파라미터 설정: rsi_momentum_period = 5
2025-07-23 09:44:01 - INFO - ℹ️   - 파라미터 설정: price_momentum_period = 4
2025-07-23 09:44:01 - INFO - ℹ️   - 파라미터 설정: volume_threshold = 0.5683170899483514
2025-07-23 09:44:01 - INFO - ✅ ✅ NFLX 수익률 계산 성공
2025-07-23 09:44:01 - INFO - ℹ️   - 파라미터 설정: rsi_period = 14
2025-07-23 09:44:01 - INFO - ℹ️   - 파라미터 설정: rsi_oversold = 24
2025-07-23 09:44:01 - INFO - ℹ️   - 파라미터 설정: rsi_overbought = 79
2025-07-23 09:44:01 - INFO - ℹ️   - 파라미터 설정: min_holding_days = 7
2025-07-23 09:44:01 - INFO - ℹ️   - 파라미터 설정: max_holding_days = 16
2025-07-23 09:44:01 - INFO - ℹ️   - 파라미터 설정: rsi_momentum_period = 5
2025-07-23 09:44:01 - INFO - ℹ️   - 파라미터 설정: price_momentum_period = 9
2025-07-23 09:44:01 - INFO - ℹ️   - 파라미터 설정: volume_threshold = 0.9721569805828244
2025-07-23 09:44:01 - INFO - ✅ ✅ QQQ 수익률 계산 성공
2025-07-23 09:44:01 - INFO - ℹ️   - 파라미터 설정: rsi_period = 17
2025-07-23 09:44:01 - INFO - ℹ️   - 파라미터 설정: rsi_oversold = 29
2025-07-23 09:44:01 - INFO - ℹ️   - 파라미터 설정: rsi_overbought = 76
2025-07-23 09:44:01 - INFO - ℹ️   - 파라미터 설정: min_holding_days = 8
2025-07-23 09:44:01 - INFO - ℹ️   - 파라미터 설정: max_holding_days = 9
2025-07-23 09:44:01 - INFO - ℹ️   - 파라미터 설정: rsi_momentum_period = 3
2025-07-23 09:44:01 - INFO - ℹ️   - 파라미터 설정: price_momentum_period = 8
2025-07-23 09:44:01 - INFO - ℹ️   - 파라미터 설정: volume_threshold = 0.8829565512783355
2025-07-23 09:44:01 - INFO - ✅ ✅ SPY 수익률 계산 성공
2025-07-23 09:44:01 - INFO - ℹ️   - 파라미터 설정: donchian_period = 14
2025-07-23 09:44:01 - INFO - ℹ️   - 파라미터 설정: min_holding_days = 6
2025-07-23 09:44:01 - INFO - ℹ️   - 파라미터 설정: max_holding_days = 9
2025-07-23 09:44:01 - INFO - ℹ️   - 파라미터 설정: volume_threshold = 0.81273982519426
2025-07-23 09:44:01 - INFO - ℹ️   - 파라미터 설정: volatility_threshold = 0.8785946220499387
2025-07-23 09:44:01 - INFO - ℹ️   - 파라미터 설정: breakout_strength_threshold = 0.005884714218846832
2025-07-23 09:44:01 - INFO - ✅ ✅ MSFT 수익률 계산 성공
2025-07-23 09:44:01 - INFO - ℹ️ 📊 포트폴리오 최적화 시작: 5개 종목
2025-07-23 09:44:01 - INFO - ℹ️ 📊 수익률 데이터 형태: (124, 5)
2025-07-23 09:44:01 - INFO - ℹ️ 🔍 메인 최적화 방법 시도 중...
2025-07-23 09:44:01 - INFO - ℹ️ 🔍 포트폴리오 최적화 방법: risk_parity -> risk_parity
2025-07-23 09:44:01 - INFO - ✅ ✅ 메인 최적화 성공: 샤프 1.371, 수익률 25.35%
2025-07-23 09:44:01 - INFO - ✅ ✅ 포트폴리오 최적화 완료
2025-07-23 09:44:01 - INFO - ✅ ✅ 포트폴리오 최적화 실행 완료
2025-07-23 09:44:01 - INFO - ℹ️ 📊 4단계: 결과 저장 시작
2025-07-23 09:44:01 - INFO - ✅ 포트폴리오 최적화 결과 저장: results/swing/portfolio_optimization_20250723_093937_214efdd6.json
2025-07-23 09:44:01 - INFO - ✅ ✅ 결과 저장 완료: results/swing/portfolio_optimization_20250723_093937_214efdd6.json
2025-07-23 09:44:01 - INFO - ℹ️ 📊 5단계: 보고서 생성 시작
2025-07-23 09:44:01 - INFO - ✅ ✅ 보고서 생성 완료
2025-07-23 09:44:01 - INFO - ✅ 포트폴리오 최적화 완료
