=== TRAIN ๊ฑฐ๋ ๋ด์ญ ๋ก๊ทธ ===
์์ฑ ์๊ฐ: 2025-07-23 09:44:02
์คํ UUID: 20250723_094401
================================================================================

๐ AAPL (dual_momentum)
--------------------------------------------------
์ด ๊ฑฐ๋ ์: 1
์์ต๋ฅ: 0.00%
์คํ ๋น์จ: 0.289
์๋ฅดํฐ๋ธ ๋น์จ: 0.349

๊ฑฐ๋ ๋ด์ญ:
๋์ง                   ์๊ฐ         ํ์     ๊ฐ๊ฒฉ         ์๋       ์์ต๋ฅ        ๋์์์ต๋ฅ       
--------------------------------------------------------------------------------
2025-01-13           ๋งค์         233.84     1.00                            

================================================================================

๐ META (swing_macd)
--------------------------------------------------
์ด ๊ฑฐ๋ ์: 4
์์ต๋ฅ: 5.48%
์คํ ๋น์จ: 1.709
์๋ฅดํฐ๋ธ ๋น์จ: 2.710

๊ฑฐ๋ ๋ด์ญ:
๋์ง                   ์๊ฐ         ํ์     ๊ฐ๊ฒฉ         ์๋       ์์ต๋ฅ        ๋์์์ต๋ฅ       
--------------------------------------------------------------------------------
2024-07-23           ๋งค์         487.02     1.00                            
2024-07-24           ๋งค๋         459.70     1.00     -5.61     % -5.61       %
2024-07-31           ๋งค์         473.21     1.00                            
2024-08-28           ๋งค๋         515.02     1.00     8.83      % 3.22        %
2024-09-17           ๋งค์         535.00     1.00                            
2024-10-17           ๋งค๋         575.51     1.00     7.57      % 10.80       %
2024-12-03           ๋งค์         612.14     1.00                            
2024-12-20           ๋งค๋         584.28     1.00     -4.55     % 6.24        %

================================================================================

๐ NFLX (swing_rsi)
--------------------------------------------------
์ด ๊ฑฐ๋ ์: 6
์์ต๋ฅ: 1.23%
์คํ ๋น์จ: 2.103
์๋ฅดํฐ๋ธ ๋น์จ: 3.744

๊ฑฐ๋ ๋ด์ญ:
๋์ง                   ์๊ฐ         ํ์     ๊ฐ๊ฒฉ         ์๋       ์์ต๋ฅ        ๋์์์ต๋ฅ       
--------------------------------------------------------------------------------
2024-09-13           ๋งค์         697.06     1.00                            
2024-09-20           ๋งค๋         701.03     1.00     0.57      % 0.57        %
2024-09-25           ๋งค์         721.56     1.00                            
2024-09-30           ๋งค๋         709.27     1.00     -1.70     % -1.13       %
2024-10-22           ๋งค์         764.24     1.00                            
2024-10-28           ๋งค๋         749.12     1.00     -1.98     % -3.11       %
2024-10-31           ๋งค์         756.03     1.00                            
2024-11-01           ๋งค๋         756.10     1.00     0.01      % -3.10       %
2024-12-10           ๋งค์         913.35     1.00                            
2024-12-11           ๋งค๋         936.56     1.00     2.54      % -0.56       %
2025-01-16           ๋งค์         842.37     1.00                            
2025-01-17           ๋งค๋         858.10     1.00     1.87      % 1.31        %

================================================================================

๐ QQQ (swing_rsi)
--------------------------------------------------
์ด ๊ฑฐ๋ ์: 9
์์ต๋ฅ: 9.98%
์คํ ๋น์จ: 0.813
์๋ฅดํฐ๋ธ ๋น์จ: 1.086

๊ฑฐ๋ ๋ด์ญ:
๋์ง                   ์๊ฐ         ํ์     ๊ฐ๊ฒฉ         ์๋       ์์ต๋ฅ        ๋์์์ต๋ฅ       
--------------------------------------------------------------------------------
2024-08-26           ๋งค์         472.67     1.00                            
2024-08-30           ๋งค๋         473.60     1.00     0.20      % 0.20        %
2024-09-12           ๋งค์         470.56     1.00                            
2024-09-13           ๋งค๋         472.67     1.00     0.45      % 0.64        %
2024-09-18           ๋งค์         468.79     1.00                            
2024-10-01           ๋งค๋         479.24     1.00     2.23      % 2.87        %
2024-11-05           ๋งค์         490.14     1.00                            
2024-11-14           ๋งค๋         506.55     1.00     3.35      % 6.22        %
2024-11-18           ๋งค์         497.91     1.00                            
2024-11-26           ๋งค๋         507.16     1.00     1.86      % 8.08        %
2024-12-02           ๋งค์         513.12     1.00                            
2024-12-03           ๋งค๋         514.69     1.00     0.31      % 8.38        %
2024-12-09           ๋งค์         520.18     1.00                            
2024-12-13           ๋งค๋         528.29     1.00     1.56      % 9.95        %
2025-01-10           ๋งค์         505.87     1.00                            
2025-01-13           ๋งค๋         504.24     1.00     -0.32     % 9.62        %
2025-01-15           ๋งค์         515.35     1.00                            

================================================================================

๐ SPY (swing_rsi)
--------------------------------------------------
์ด ๊ฑฐ๋ ์: 8
์์ต๋ฅ: 7.89%
์คํ ๋น์จ: 1.065
์๋ฅดํฐ๋ธ ๋น์จ: 1.324

๊ฑฐ๋ ๋ด์ญ:
๋์ง                   ์๊ฐ         ํ์     ๊ฐ๊ฒฉ         ์๋       ์์ต๋ฅ        ๋์์์ต๋ฅ       
--------------------------------------------------------------------------------
2024-09-11           ๋งค์         547.60     1.00                            
2024-09-17           ๋งค๋         556.14     1.00     1.56      % 1.56        %
2024-09-18           ๋งค์         554.49     1.00                            
2024-10-01           ๋งค๋         563.35     1.00     1.60      % 3.16        %
2024-11-05           ๋งค์         571.35     1.00                            
2024-11-14           ๋งค๋         587.85     1.00     2.89      % 6.04        %
2024-12-10           ๋งค์         597.21     1.00                            
2024-12-11           ๋งค๋         601.83     1.00     0.77      % 6.82        %
2024-12-23           ๋งค์         591.16     1.00                            
2024-12-24           ๋งค๋         597.73     1.00     1.11      % 7.93        %
2025-01-03           ๋งค์         588.44     1.00                            
2025-01-08           ๋งค๋         585.99     1.00     -0.42     % 7.51        %
2025-01-10           ๋งค์         577.04     1.00                            
2025-01-13           ๋งค๋         577.94     1.00     0.16      % 7.67        %
2025-01-17           ๋งค์         594.03     1.00                            

================================================================================

๐ NVDA (dual_momentum)
--------------------------------------------------
์ด ๊ฑฐ๋ ์: 1
์์ต๋ฅ: 20.64%
์คํ ๋น์จ: 0.643
์๋ฅดํฐ๋ธ ๋น์จ: 1.017

๊ฑฐ๋ ๋ด์ญ:
๋์ง                   ์๊ฐ         ํ์     ๊ฐ๊ฒฉ         ์๋       ์์ต๋ฅ        ๋์์์ต๋ฅ       
--------------------------------------------------------------------------------
2024-09-06           ๋งค์         102.80     1.00                            
2024-09-26           ๋งค๋         124.01     1.00     20.64     % 20.64       %

================================================================================

๐ TSLA (dual_momentum)
--------------------------------------------------
์ด ๊ฑฐ๋ ์: 2
์์ต๋ฅ: 31.65%
์คํ ๋น์จ: 1.819
์๋ฅดํฐ๋ธ ๋น์จ: 3.297

๊ฑฐ๋ ๋ด์ญ:
๋์ง                   ์๊ฐ         ํ์     ๊ฐ๊ฒฉ         ์๋       ์์ต๋ฅ        ๋์์์ต๋ฅ       
--------------------------------------------------------------------------------
2024-10-14           ๋งค์         219.16     1.00                            
2024-11-06           ๋งค๋         288.53     1.00     31.65     % 31.65       %
2025-01-08           ๋งค์         394.94     1.00                            

================================================================================

๐ MSFT (swing_donchian)
--------------------------------------------------
์ด ๊ฑฐ๋ ์: 4
์์ต๋ฅ: 5.70%
์คํ ๋น์จ: -0.268
์๋ฅดํฐ๋ธ ๋น์จ: -0.315

๊ฑฐ๋ ๋ด์ญ:
๋์ง                   ์๊ฐ         ํ์     ๊ฐ๊ฒฉ         ์๋       ์์ต๋ฅ        ๋์์์ต๋ฅ       
--------------------------------------------------------------------------------
2024-09-17           ๋งค์         432.62     1.00                            
2024-09-18           ๋งค๋         428.30     1.00     -1.00     % -1.00       %
2024-11-01           ๋งค์         407.98     1.00                            
2024-12-03           ๋งค๋         429.55     1.00     5.29      % 4.29        %
2024-12-04           ๋งค์         435.74     1.00                            
2024-12-06           ๋งค๋         441.87     1.00     1.41      % 5.69        %
2025-01-03           ๋งค์         421.73     1.00                            

================================================================================

๐ PLTR (dual_momentum)
--------------------------------------------------
์ด ๊ฑฐ๋ ์: 1
์์ต๋ฅ: 0.00%
์คํ ๋น์จ: 3.178
์๋ฅดํฐ๋ธ ๋น์จ: 6.916

๊ฑฐ๋ ๋ด์ญ:
๋์ง                   ์๊ฐ         ํ์     ๊ฐ๊ฒฉ         ์๋       ์์ต๋ฅ        ๋์์์ต๋ฅ       
--------------------------------------------------------------------------------
2025-01-14           ๋งค์         65.91      1.00                            

================================================================================

๐ NVO (dual_momentum)
--------------------------------------------------
์ด ๊ฑฐ๋ ์: 1
์์ต๋ฅ: 0.00%
์คํ ๋น์จ: -2.330
์๋ฅดํฐ๋ธ ๋น์จ: -2.514

๊ฑฐ๋ ๋ด์ญ:
๋์ง                   ์๊ฐ         ํ์     ๊ฐ๊ฒฉ         ์๋       ์์ต๋ฅ        ๋์์์ต๋ฅ       
--------------------------------------------------------------------------------
2024-09-23           ๋งค์         121.74     1.00                            

================================================================================

๐ CONL (dual_momentum)
--------------------------------------------------
์ด ๊ฑฐ๋ ์: 2
์์ต๋ฅ: 46.20%
์คํ ๋น์จ: 0.556
์๋ฅดํฐ๋ธ ๋น์จ: 1.062

๊ฑฐ๋ ๋ด์ญ:
๋์ง                   ์๊ฐ         ํ์     ๊ฐ๊ฒฉ         ์๋       ์์ต๋ฅ        ๋์์์ต๋ฅ       
--------------------------------------------------------------------------------
2024-09-06           ๋งค์         17.49      1.00                            
2024-09-26           ๋งค๋         25.57      1.00     46.20     % 46.20       %
2024-12-27           ๋งค์         40.61      1.00                            

================================================================================

๐ ETHU (dual_momentum)
--------------------------------------------------
์ด ๊ฑฐ๋ ์: 2
์์ต๋ฅ: -9.48%
์คํ ๋น์จ: 0.188
์๋ฅดํฐ๋ธ ๋น์จ: 0.288

๊ฑฐ๋ ๋ด์ญ:
๋์ง                   ์๊ฐ         ํ์     ๊ฐ๊ฒฉ         ์๋       ์์ต๋ฅ        ๋์์์ต๋ฅ       
--------------------------------------------------------------------------------
2024-08-13           ๋งค์         131.60     1.00                            
2024-09-26           ๋งค๋         119.12     1.00     -9.48     % -9.48       %
2024-12-27           ๋งค์         153.86     1.00                            

================================================================================

